<?xml version="1.0" encoding="UTF-8"?>
<coverage generated="1783858204643" clover="3.2.0">
  <project timestamp="1783858204643" name="All files">
    <metrics statements="149" coveredstatements="149" conditionals="104" coveredconditionals="102" methods="16" coveredmethods="16" elements="269" coveredelements="267" complexity="0" loc="149" ncloc="149" packages="1" files="3" classes="3"/>
    <file name="manifest.ts" path="/home/sameera/projects/nexus/libs/workspace/src/manifest.ts">
      <metrics statements="70" coveredstatements="70" conditionals="47" coveredconditionals="46" methods="5" coveredmethods="5"/>
      <line num="74" count="2" type="stmt"/>
      <line num="75" count="2" type="stmt"/>
      <line num="76" count="2" type="stmt"/>
      <line num="77" count="2" type="stmt"/>
      <line num="80" count="83" type="cond" truecount="3" falsecount="0"/>
      <line num="85" count="98" type="cond" truecount="4" falsecount="0"/>
      <line num="97" count="32" type="stmt"/>
      <line num="98" count="32" type="stmt"/>
      <line num="104" count="32" type="stmt"/>
      <line num="105" count="32" type="stmt"/>
      <line num="107" count="2" type="cond" truecount="1" falsecount="1"/>
      <line num="108" count="2" type="stmt"/>
      <line num="111" count="30" type="cond" truecount="4" falsecount="0"/>
      <line num="112" count="1" type="stmt"/>
      <line num="114" count="29" type="cond" truecount="2" falsecount="0"/>
      <line num="115" count="2" type="stmt"/>
      <line num="118" count="27" type="stmt"/>
      <line num="119" count="53" type="cond" truecount="2" falsecount="0"/>
      <line num="120" count="1" type="stmt"/>
      <line num="125" count="26" type="cond" truecount="2" falsecount="0"/>
      <line num="126" count="1" type="stmt"/>
      <line num="128" count="25" type="stmt"/>
      <line num="129" count="25" type="cond" truecount="2" falsecount="0"/>
      <line num="130" count="1" type="stmt"/>
      <line num="132" count="24" type="stmt"/>
      <line num="133" count="47" type="cond" truecount="2" falsecount="0"/>
      <line num="134" count="1" type="stmt"/>
      <line num="137" count="23" type="stmt"/>
      <line num="138" count="23" type="cond" truecount="2" falsecount="0"/>
      <line num="139" count="1" type="stmt"/>
      <line num="141" count="22" type="stmt"/>
      <line num="142" count="22" type="cond" truecount="2" falsecount="0"/>
      <line num="143" count="1" type="stmt"/>
      <line num="147" count="21" type="stmt"/>
      <line num="148" count="21" type="cond" truecount="2" falsecount="0"/>
      <line num="149" count="32" type="cond" truecount="2" falsecount="0"/>
      <line num="150" count="1" type="stmt"/>
      <line num="153" count="20" type="stmt"/>
      <line num="154" count="20" type="stmt"/>
      <line num="155" count="20" type="stmt"/>
      <line num="157" count="20" type="stmt"/>
      <line num="158" count="29" type="stmt"/>
      <line num="159" count="29" type="stmt"/>
      <line num="160" count="29" type="cond" truecount="2" falsecount="0"/>
      <line num="161" count="1" type="stmt"/>
      <line num="163" count="28" type="stmt"/>
      <line num="164" count="55" type="cond" truecount="2" falsecount="0"/>
      <line num="165" count="1" type="stmt"/>
      <line num="168" count="27" type="stmt"/>
      <line num="169" count="27" type="cond" truecount="2" falsecount="0"/>
      <line num="170" count="1" type="stmt"/>
      <line num="172" count="26" type="stmt"/>
      <line num="173" count="26" type="stmt"/>
      <line num="174" count="26" type="cond" truecount="2" falsecount="0"/>
      <line num="175" count="1" type="stmt"/>
      <line num="178" count="25" type="stmt"/>
      <line num="179" count="25" type="cond" truecount="2" falsecount="0"/>
      <line num="180" count="1" type="stmt"/>
      <line num="186" count="24" type="stmt"/>
      <line num="188" count="24" type="stmt"/>
      <line num="189" count="24" type="stmt"/>
      <line num="190" count="24" type="cond" truecount="2" falsecount="0"/>
      <line num="191" count="1" type="stmt"/>
      <line num="197" count="23" type="stmt"/>
      <line num="199" count="23" type="stmt"/>
      <line num="207" count="14" type="stmt"/>
      <line num="231" count="11" type="stmt"/>
      <line num="232" count="11" type="cond" truecount="2" falsecount="0"/>
      <line num="233" count="2" type="stmt"/>
      <line num="242" count="9" type="stmt"/>
    </file>
    <file name="pointer.ts" path="/home/sameera/projects/nexus/libs/workspace/src/pointer.ts">
      <metrics statements="61" coveredstatements="61" conditionals="45" coveredconditionals="44" methods="9" coveredmethods="9"/>
      <line num="40" count="1" type="stmt"/>
      <line num="41" count="1" type="stmt"/>
      <line num="42" count="1" type="stmt"/>
      <line num="45" count="32" type="cond" truecount="3" falsecount="0"/>
      <line num="50" count="23" type="cond" truecount="4" falsecount="0"/>
      <line num="61" count="20" type="stmt"/>
      <line num="62" count="20" type="stmt"/>
      <line num="68" count="20" type="stmt"/>
      <line num="69" count="20" type="stmt"/>
      <line num="71" count="1" type="cond" truecount="1" falsecount="1"/>
      <line num="72" count="1" type="stmt"/>
      <line num="75" count="19" type="cond" truecount="4" falsecount="0"/>
      <line num="76" count="1" type="stmt"/>
      <line num="78" count="18" type="cond" truecount="2" falsecount="0"/>
      <line num="79" count="2" type="stmt"/>
      <line num="82" count="16" type="stmt"/>
      <line num="83" count="16" type="cond" truecount="2" falsecount="0"/>
      <line num="84" count="1" type="stmt"/>
      <line num="92" count="15" type="cond" truecount="2" falsecount="0"/>
      <line num="93" count="1" type="stmt"/>
      <line num="95" count="14" type="stmt"/>
      <line num="96" count="14" type="cond" truecount="2" falsecount="0"/>
      <line num="97" count="1" type="stmt"/>
      <line num="99" count="13" type="stmt"/>
      <line num="100" count="24" type="cond" truecount="2" falsecount="0"/>
      <line num="101" count="1" type="stmt"/>
      <line num="104" count="12" type="stmt"/>
      <line num="105" count="12" type="cond" truecount="2" falsecount="0"/>
      <line num="106" count="1" type="stmt"/>
      <line num="108" count="11" type="stmt"/>
      <line num="109" count="11" type="cond" truecount="2" falsecount="0"/>
      <line num="110" count="2" type="stmt"/>
      <line num="113" count="9" type="stmt"/>
      <line num="130" count="10" type="stmt"/>
      <line num="131" count="10" type="cond" truecount="2" falsecount="0"/>
      <line num="132" count="1" type="stmt"/>
      <line num="142" count="9" type="stmt"/>
      <line num="143" count="9" type="cond" truecount="2" falsecount="0"/>
      <line num="144" count="1" type="stmt"/>
      <line num="146" count="8" type="stmt"/>
      <line num="149" count="8" type="stmt"/>
      <line num="150" count="8" type="stmt"/>
      <line num="154" count="8" type="cond" truecount="2" falsecount="0"/>
      <line num="155" count="1" type="stmt"/>
      <line num="160" count="7" type="stmt"/>
      <line num="161" count="7" type="cond" truecount="2" falsecount="0"/>
      <line num="163" count="2" type="cond" truecount="2" falsecount="0"/>
      <line num="164" count="1" type="stmt"/>
      <line num="169" count="1" type="stmt"/>
      <line num="171" count="5" type="stmt"/>
      <line num="174" count="5" type="cond" truecount="2" falsecount="0"/>
      <line num="175" count="1" type="stmt"/>
      <line num="187" count="4" type="stmt"/>
      <line num="188" count="4" type="cond" truecount="2" falsecount="0"/>
      <line num="190" count="2" type="cond" truecount="2" falsecount="0"/>
      <line num="191" count="2" type="stmt"/>
      <line num="193" count="2" type="stmt"/>
      <line num="204" count="2" type="stmt"/>
      <line num="209" count="8" type="stmt"/>
      <line num="210" count="8" type="stmt"/>
      <line num="212" count="1" type="stmt"/>
    </file>
    <file name="remote.ts" path="/home/sameera/projects/nexus/libs/workspace/src/remote.ts">
      <metrics statements="18" coveredstatements="18" conditionals="12" coveredconditionals="12" methods="2" coveredmethods="2"/>
      <line num="20" count="67" type="stmt"/>
      <line num="21" count="67" type="cond" truecount="2" falsecount="0"/>
      <line num="22" count="20" type="stmt"/>
      <line num="23" count="20" type="stmt"/>
      <line num="24" count="20" type="cond" truecount="2" falsecount="0"/>
      <line num="25" count="20" type="cond" truecount="2" falsecount="0"/>
      <line num="26" count="20" type="stmt"/>
      <line num="30" count="47" type="stmt"/>
      <line num="31" count="47" type="cond" truecount="2" falsecount="0"/>
      <line num="32" count="40" type="stmt"/>
      <line num="36" count="7" type="stmt"/>
      <line num="37" count="7" type="cond" truecount="2" falsecount="0"/>
      <line num="38" count="1" type="stmt"/>
      <line num="40" count="6" type="stmt"/>
      <line num="51" count="67" type="stmt"/>
      <line num="56" count="67" type="stmt"/>
      <line num="57" count="67" type="stmt"/>
      <line num="58" count="67" type="cond" truecount="2" falsecount="0"/>
    </file>
  </project>
</coverage>
