{"/home/sameera/projects/nexus/libs/workspace/src/manifest.ts": {"path":"/home/sameera/projects/nexus/libs/workspace/src/manifest.ts","statementMap":{"0":{"start":{"line":69,"column":31},"end":{"line":69,"column":null}},"1":{"start":{"line":70,"column":17},"end":{"line":70,"column":null}},"2":{"start":{"line":71,"column":20},"end":{"line":71,"column":null}},"3":{"start":{"line":72,"column":23},"end":{"line":72,"column":null}},"4":{"start":{"line":75,"column":4},"end":{"line":75,"column":null}},"5":{"start":{"line":80,"column":4},"end":{"line":80,"column":null}},"6":{"start":{"line":92,"column":17},"end":{"line":92,"column":null}},"7":{"start":{"line":93,"column":10},"end":{"line":96,"column":null}},"8":{"start":{"line":93,"column":106},"end":{"line":96,"column":null}},"9":{"start":{"line":99,"column":4},"end":{"line":104,"column":null}},"10":{"start":{"line":100,"column":8},"end":{"line":100,"column":null}},"11":{"start":{"line":102,"column":23},"end":{"line":102,"column":null}},"12":{"start":{"line":103,"column":8},"end":{"line":103,"column":null}},"13":{"start":{"line":106,"column":4},"end":{"line":108,"column":null}},"14":{"start":{"line":107,"column":8},"end":{"line":107,"column":null}},"15":{"start":{"line":109,"column":4},"end":{"line":111,"column":null}},"16":{"start":{"line":110,"column":8},"end":{"line":110,"column":null}},"17":{"start":{"line":113,"column":4},"end":{"line":117,"column":null}},"18":{"start":{"line":114,"column":8},"end":{"line":116,"column":null}},"19":{"start":{"line":115,"column":12},"end":{"line":115,"column":null}},"20":{"start":{"line":120,"column":4},"end":{"line":122,"column":null}},"21":{"start":{"line":121,"column":8},"end":{"line":121,"column":null}},"22":{"start":{"line":123,"column":16},"end":{"line":123,"column":null}},"23":{"start":{"line":124,"column":4},"end":{"line":126,"column":null}},"24":{"start":{"line":125,"column":8},"end":{"line":125,"column":null}},"25":{"start":{"line":127,"column":4},"end":{"line":131,"column":null}},"26":{"start":{"line":128,"column":8},"end":{"line":130,"column":null}},"27":{"start":{"line":129,"column":12},"end":{"line":129,"column":null}},"28":{"start":{"line":132,"column":20},"end":{"line":132,"column":null}},"29":{"start":{"line":133,"column":4},"end":{"line":135,"column":null}},"30":{"start":{"line":134,"column":8},"end":{"line":134,"column":null}},"31":{"start":{"line":136,"column":22},"end":{"line":136,"column":null}},"32":{"start":{"line":137,"column":4},"end":{"line":139,"column":null}},"33":{"start":{"line":138,"column":8},"end":{"line":138,"column":null}},"34":{"start":{"line":142,"column":22},"end":{"line":142,"column":null}},"35":{"start":{"line":143,"column":23},"end":{"line":143,"column":null}},"36":{"start":{"line":144,"column":4},"end":{"line":146,"column":null}},"37":{"start":{"line":145,"column":8},"end":{"line":145,"column":null}},"38":{"start":{"line":148,"column":41},"end":{"line":148,"column":null}},"39":{"start":{"line":149,"column":22},"end":{"line":149,"column":null}},"40":{"start":{"line":150,"column":24},"end":{"line":150,"column":null}},"41":{"start":{"line":152,"column":4},"end":{"line":200,"column":null}},"42":{"start":{"line":152,"column":17},"end":{"line":152,"column":20}},"43":{"start":{"line":153,"column":22},"end":{"line":153,"column":null}},"44":{"start":{"line":154,"column":23},"end":{"line":154,"column":null}},"45":{"start":{"line":155,"column":8},"end":{"line":157,"column":null}},"46":{"start":{"line":156,"column":12},"end":{"line":156,"column":null}},"47":{"start":{"line":158,"column":8},"end":{"line":162,"column":null}},"48":{"start":{"line":159,"column":12},"end":{"line":161,"column":null}},"49":{"start":{"line":160,"column":16},"end":{"line":160,"column":null}},"50":{"start":{"line":163,"column":27},"end":{"line":163,"column":null}},"51":{"start":{"line":164,"column":8},"end":{"line":166,"column":null}},"52":{"start":{"line":165,"column":12},"end":{"line":165,"column":null}},"53":{"start":{"line":167,"column":22},"end":{"line":167,"column":null}},"54":{"start":{"line":168,"column":29},"end":{"line":168,"column":null}},"55":{"start":{"line":169,"column":8},"end":{"line":171,"column":null}},"56":{"start":{"line":170,"column":12},"end":{"line":170,"column":null}},"57":{"start":{"line":173,"column":31},"end":{"line":173,"column":null}},"58":{"start":{"line":174,"column":8},"end":{"line":180,"column":null}},"59":{"start":{"line":175,"column":12},"end":{"line":179,"column":null}},"60":{"start":{"line":181,"column":8},"end":{"line":181,"column":null}},"61":{"start":{"line":183,"column":14},"end":{"line":183,"column":null}},"62":{"start":{"line":184,"column":32},"end":{"line":184,"column":null}},"63":{"start":{"line":185,"column":8},"end":{"line":191,"column":null}},"64":{"start":{"line":186,"column":12},"end":{"line":190,"column":null}},"65":{"start":{"line":192,"column":8},"end":{"line":192,"column":null}},"66":{"start":{"line":194,"column":8},"end":{"line":199,"column":null}},"67":{"start":{"line":202,"column":4},"end":{"line":215,"column":null}},"68":{"start":{"line":226,"column":17},"end":{"line":226,"column":null}},"69":{"start":{"line":227,"column":4},"end":{"line":236,"column":null}},"70":{"start":{"line":228,"column":8},"end":{"line":235,"column":null}},"71":{"start":{"line":237,"column":4},"end":{"line":237,"column":null}}},"fnMap":{"0":{"name":"isMapping","decl":{"start":{"line":74,"column":9},"end":{"line":74,"column":19}},"loc":{"start":{"line":74,"column":69},"end":{"line":76,"column":null}},"line":74},"1":{"name":"stringField","decl":{"start":{"line":79,"column":9},"end":{"line":79,"column":21}},"loc":{"start":{"line":79,"column":52},"end":{"line":81,"column":null}},"line":79},"2":{"name":"parseAndValidateManifest","decl":{"start":{"line":91,"column":16},"end":{"line":91,"column":41}},"loc":{"start":{"line":91,"column":97},"end":{"line":216,"column":null}},"line":91},"3":{"name":"(anonymous_3)","decl":{"start":{"line":93,"column":10},"end":{"line":93,"column":18}},"loc":{"start":{"line":93,"column":106},"end":{"line":96,"column":null}},"line":93},"4":{"name":"loadWorkspaceFromHub","decl":{"start":{"line":225,"column":16},"end":{"line":225,"column":37}},"loc":{"start":{"line":225,"column":66},"end":{"line":238,"column":null}},"line":225}},"branchMap":{"0":{"loc":{"start":{"line":75,"column":11},"end":{"line":75,"column":null}},"type":"binary-expr","locations":[{"start":{"line":75,"column":11},"end":{"line":75,"column":40}},{"start":{"line":75,"column":40},"end":{"line":75,"column":58}},{"start":{"line":75,"column":58},"end":{"line":75,"column":null}}],"line":75},"1":{"loc":{"start":{"line":80,"column":11},"end":{"line":80,"column":null}},"type":"cond-expr","locations":[{"start":{"line":80,"column":62},"end":{"line":80,"column":70}},{"start":{"line":80,"column":70},"end":{"line":80,"column":null}}],"line":80},"2":{"loc":{"start":{"line":80,"column":11},"end":{"line":80,"column":62}},"type":"binary-expr","locations":[{"start":{"line":80,"column":11},"end":{"line":80,"column":40}},{"start":{"line":80,"column":40},"end":{"line":80,"column":62}}],"line":80},"3":{"loc":{"start":{"line":95,"column":15},"end":{"line":95,"column":null}},"type":"cond-expr","locations":[{"start":{"line":95,"column":37},"end":{"line":95,"column":66}},{"start":{"line":95,"column":66},"end":{"line":95,"column":null}}],"line":95},"4":{"loc":{"start":{"line":102,"column":23},"end":{"line":102,"column":null}},"type":"cond-expr","locations":[{"start":{"line":102,"column":44},"end":{"line":102,"column":56}},{"start":{"line":102,"column":56},"end":{"line":102,"column":null}}],"line":102},"5":{"loc":{"start":{"line":106,"column":4},"end":{"line":108,"column":null}},"type":"if","locations":[{"start":{"line":106,"column":4},"end":{"line":108,"column":null}},{"start":{},"end":{}}],"line":106},"6":{"loc":{"start":{"line":106,"column":8},"end":{"line":106,"column":43}},"type":"binary-expr","locations":[{"start":{"line":106,"column":8},"end":{"line":106,"column":24}},{"start":{"line":106,"column":24},"end":{"line":106,"column":43}}],"line":106},"7":{"loc":{"start":{"line":109,"column":4},"end":{"line":111,"column":null}},"type":"if","locations":[{"start":{"line":109,"column":4},"end":{"line":111,"column":null}},{"start":{},"end":{}}],"line":109},"8":{"loc":{"start":{"line":114,"column":8},"end":{"line":116,"column":null}},"type":"if","locations":[{"start":{"line":114,"column":8},"end":{"line":116,"column":null}},{"start":{},"end":{}}],"line":114},"9":{"loc":{"start":{"line":120,"column":4},"end":{"line":122,"column":null}},"type":"if","locations":[{"start":{"line":120,"column":4},"end":{"line":122,"column":null}},{"start":{},"end":{}}],"line":120},"10":{"loc":{"start":{"line":124,"column":4},"end":{"line":126,"column":null}},"type":"if","locations":[{"start":{"line":124,"column":4},"end":{"line":126,"column":null}},{"start":{},"end":{}}],"line":124},"11":{"loc":{"start":{"line":128,"column":8},"end":{"line":130,"column":null}},"type":"if","locations":[{"start":{"line":128,"column":8},"end":{"line":130,"column":null}},{"start":{},"end":{}}],"line":128},"12":{"loc":{"start":{"line":133,"column":4},"end":{"line":135,"column":null}},"type":"if","locations":[{"start":{"line":133,"column":4},"end":{"line":135,"column":null}},{"start":{},"end":{}}],"line":133},"13":{"loc":{"start":{"line":137,"column":4},"end":{"line":139,"column":null}},"type":"if","locations":[{"start":{"line":137,"column":4},"end":{"line":139,"column":null}},{"start":{},"end":{}}],"line":137},"14":{"loc":{"start":{"line":143,"column":23},"end":{"line":143,"column":null}},"type":"binary-expr","locations":[{"start":{"line":143,"column":23},"end":{"line":143,"column":38}},{"start":{"line":143,"column":38},"end":{"line":143,"column":null}}],"line":143},"15":{"loc":{"start":{"line":144,"column":4},"end":{"line":146,"column":null}},"type":"if","locations":[{"start":{"line":144,"column":4},"end":{"line":146,"column":null}},{"start":{},"end":{}}],"line":144},"16":{"loc":{"start":{"line":155,"column":8},"end":{"line":157,"column":null}},"type":"if","locations":[{"start":{"line":155,"column":8},"end":{"line":157,"column":null}},{"start":{},"end":{}}],"line":155},"17":{"loc":{"start":{"line":159,"column":12},"end":{"line":161,"column":null}},"type":"if","locations":[{"start":{"line":159,"column":12},"end":{"line":161,"column":null}},{"start":{},"end":{}}],"line":159},"18":{"loc":{"start":{"line":164,"column":8},"end":{"line":166,"column":null}},"type":"if","locations":[{"start":{"line":164,"column":8},"end":{"line":166,"column":null}},{"start":{},"end":{}}],"line":164},"19":{"loc":{"start":{"line":169,"column":8},"end":{"line":171,"column":null}},"type":"if","locations":[{"start":{"line":169,"column":8},"end":{"line":171,"column":null}},{"start":{},"end":{}}],"line":169},"20":{"loc":{"start":{"line":174,"column":8},"end":{"line":180,"column":null}},"type":"if","locations":[{"start":{"line":174,"column":8},"end":{"line":180,"column":null}},{"start":{},"end":{}}],"line":174},"21":{"loc":{"start":{"line":185,"column":8},"end":{"line":191,"column":null}},"type":"if","locations":[{"start":{"line":185,"column":8},"end":{"line":191,"column":null}},{"start":{},"end":{}}],"line":185},"22":{"loc":{"start":{"line":227,"column":4},"end":{"line":236,"column":null}},"type":"if","locations":[{"start":{"line":227,"column":4},"end":{"line":236,"column":null}},{"start":{},"end":{}}],"line":227}},"s":{"0":1,"1":1,"2":1,"3":1,"4":63,"5":70,"6":25,"7":25,"8":17,"9":25,"10":25,"11":1,"12":1,"13":24,"14":1,"15":23,"16":2,"17":21,"18":41,"19":1,"20":20,"21":1,"22":19,"23":19,"24":1,"25":18,"26":35,"27":1,"28":17,"29":17,"30":1,"31":16,"32":16,"33":1,"34":15,"35":15,"36":25,"37":1,"38":14,"39":14,"40":14,"41":14,"42":14,"43":21,"44":21,"45":21,"46":1,"47":20,"48":39,"49":1,"50":19,"51":19,"52":1,"53":18,"54":18,"55":18,"56":1,"57":17,"58":17,"59":1,"60":16,"61":16,"62":16,"63":16,"64":1,"65":15,"66":15,"67":8,"68":3,"69":3,"70":1,"71":2},"f":{"0":63,"1":70,"2":25,"3":17,"4":3},"b":{"0":[63,60,60],"1":[66,4],"2":[70,66],"3":[4,13],"4":[1,0],"5":[1,23],"6":[24,23],"7":[2,21],"8":[1,40],"9":[1,19],"10":[1,18],"11":[1,34],"12":[1,16],"13":[1,15],"14":[15,1],"15":[1,24],"16":[1,20],"17":[1,38],"18":[1,18],"19":[1,17],"20":[1,16],"21":[1,15],"22":[1,2]},"meta":{"lastBranch":23,"lastFunction":5,"lastStatement":72,"seen":{"s:69:31:69:Infinity":0,"s:70:17:70:Infinity":1,"s:71:20:71:Infinity":2,"s:72:23:72:Infinity":3,"f:74:9:74:19":0,"s:75:4:75:Infinity":4,"b:75:11:75:40:75:40:75:58:75:58:75:Infinity":0,"f:79:9:79:21":1,"s:80:4:80:Infinity":5,"b:80:62:80:70:80:70:80:Infinity":1,"b:80:11:80:40:80:40:80:62":2,"f:91:16:91:41":2,"s:92:17:92:Infinity":6,"s:93:10:96:Infinity":7,"f:93:10:93:18":3,"s:93:106:96:Infinity":8,"b:95:37:95:66:95:66:95:Infinity":3,"s:99:4:104:Infinity":9,"s:100:8:100:Infinity":10,"s:102:23:102:Infinity":11,"b:102:44:102:56:102:56:102:Infinity":4,"s:103:8:103:Infinity":12,"b:106:4:108:Infinity:undefined:undefined:undefined:undefined":5,"s:106:4:108:Infinity":13,"b:106:8:106:24:106:24:106:43":6,"s:107:8:107:Infinity":14,"b:109:4:111:Infinity:undefined:undefined:undefined:undefined":7,"s:109:4:111:Infinity":15,"s:110:8:110:Infinity":16,"s:113:4:117:Infinity":17,"b:114:8:116:Infinity:undefined:undefined:undefined:undefined":8,"s:114:8:116:Infinity":18,"s:115:12:115:Infinity":19,"b:120:4:122:Infinity:undefined:undefined:undefined:undefined":9,"s:120:4:122:Infinity":20,"s:121:8:121:Infinity":21,"s:123:16:123:Infinity":22,"b:124:4:126:Infinity:undefined:undefined:undefined:undefined":10,"s:124:4:126:Infinity":23,"s:125:8:125:Infinity":24,"s:127:4:131:Infinity":25,"b:128:8:130:Infinity:undefined:undefined:undefined:undefined":11,"s:128:8:130:Infinity":26,"s:129:12:129:Infinity":27,"s:132:20:132:Infinity":28,"b:133:4:135:Infinity:undefined:undefined:undefined:undefined":12,"s:133:4:135:Infinity":29,"s:134:8:134:Infinity":30,"s:136:22:136:Infinity":31,"b:137:4:139:Infinity:undefined:undefined:undefined:undefined":13,"s:137:4:139:Infinity":32,"s:138:8:138:Infinity":33,"s:142:22:142:Infinity":34,"s:143:23:143:Infinity":35,"b:143:23:143:38:143:38:143:Infinity":14,"b:144:4:146:Infinity:undefined:undefined:undefined:undefined":15,"s:144:4:146:Infinity":36,"s:145:8:145:Infinity":37,"s:148:41:148:Infinity":38,"s:149:22:149:Infinity":39,"s:150:24:150:Infinity":40,"s:152:4:200:Infinity":41,"s:152:17:152:20":42,"s:153:22:153:Infinity":43,"s:154:23:154:Infinity":44,"b:155:8:157:Infinity:undefined:undefined:undefined:undefined":16,"s:155:8:157:Infinity":45,"s:156:12:156:Infinity":46,"s:158:8:162:Infinity":47,"b:159:12:161:Infinity:undefined:undefined:undefined:undefined":17,"s:159:12:161:Infinity":48,"s:160:16:160:Infinity":49,"s:163:27:163:Infinity":50,"b:164:8:166:Infinity:undefined:undefined:undefined:undefined":18,"s:164:8:166:Infinity":51,"s:165:12:165:Infinity":52,"s:167:22:167:Infinity":53,"s:168:29:168:Infinity":54,"b:169:8:171:Infinity:undefined:undefined:undefined:undefined":19,"s:169:8:171:Infinity":55,"s:170:12:170:Infinity":56,"s:173:31:173:Infinity":57,"b:174:8:180:Infinity:undefined:undefined:undefined:undefined":20,"s:174:8:180:Infinity":58,"s:175:12:179:Infinity":59,"s:181:8:181:Infinity":60,"s:183:14:183:Infinity":61,"s:184:32:184:Infinity":62,"b:185:8:191:Infinity:undefined:undefined:undefined:undefined":21,"s:185:8:191:Infinity":63,"s:186:12:190:Infinity":64,"s:192:8:192:Infinity":65,"s:194:8:199:Infinity":66,"s:202:4:215:Infinity":67,"f:225:16:225:37":4,"s:226:17:226:Infinity":68,"b:227:4:236:Infinity:undefined:undefined:undefined:undefined":22,"s:227:4:236:Infinity":69,"s:228:8:235:Infinity":70,"s:237:4:237:Infinity":71},"fnNames":{}}}
,"/home/sameera/projects/nexus/libs/workspace/src/remote.ts": {"path":"/home/sameera/projects/nexus/libs/workspace/src/remote.ts","statementMap":{"0":{"start":{"line":20,"column":19},"end":{"line":20,"column":null}},"1":{"start":{"line":21,"column":4},"end":{"line":27,"column":null}},"2":{"start":{"line":22,"column":26},"end":{"line":22,"column":null}},"3":{"start":{"line":23,"column":22},"end":{"line":23,"column":null}},"4":{"start":{"line":24,"column":24},"end":{"line":24,"column":null}},"5":{"start":{"line":25,"column":21},"end":{"line":25,"column":null}},"6":{"start":{"line":26,"column":8},"end":{"line":26,"column":null}},"7":{"start":{"line":30,"column":16},"end":{"line":30,"column":null}},"8":{"start":{"line":31,"column":4},"end":{"line":33,"column":null}},"9":{"start":{"line":32,"column":8},"end":{"line":32,"column":null}},"10":{"start":{"line":36,"column":18},"end":{"line":36,"column":null}},"11":{"start":{"line":37,"column":4},"end":{"line":39,"column":null}},"12":{"start":{"line":38,"column":8},"end":{"line":38,"column":null}},"13":{"start":{"line":40,"column":4},"end":{"line":40,"column":null}},"14":{"start":{"line":51,"column":20},"end":{"line":54,"column":null}},"15":{"start":{"line":56,"column":27},"end":{"line":56,"column":null}},"16":{"start":{"line":57,"column":22},"end":{"line":57,"column":null}},"17":{"start":{"line":58,"column":4},"end":{"line":58,"column":null}}},"fnMap":{"0":{"name":"splitHostPath","decl":{"start":{"line":18,"column":9},"end":{"line":18,"column":23}},"loc":{"start":{"line":18,"column":44},"end":{"line":41,"column":null}},"line":18},"1":{"name":"normalizeRemote","decl":{"start":{"line":50,"column":16},"end":{"line":50,"column":32}},"loc":{"start":{"line":50,"column":53},"end":{"line":59,"column":null}},"line":50}},"branchMap":{"0":{"loc":{"start":{"line":21,"column":4},"end":{"line":27,"column":null}},"type":"if","locations":[{"start":{"line":21,"column":4},"end":{"line":27,"column":null}},{"start":{},"end":{}}],"line":21},"1":{"loc":{"start":{"line":24,"column":24},"end":{"line":24,"column":null}},"type":"cond-expr","locations":[{"start":{"line":24,"column":39},"end":{"line":24,"column":51}},{"start":{"line":24,"column":51},"end":{"line":24,"column":null}}],"line":24},"2":{"loc":{"start":{"line":25,"column":21},"end":{"line":25,"column":null}},"type":"cond-expr","locations":[{"start":{"line":25,"column":36},"end":{"line":25,"column":41}},{"start":{"line":25,"column":41},"end":{"line":25,"column":null}}],"line":25},"3":{"loc":{"start":{"line":31,"column":4},"end":{"line":33,"column":null}},"type":"if","locations":[{"start":{"line":31,"column":4},"end":{"line":33,"column":null}},{"start":{},"end":{}}],"line":31},"4":{"loc":{"start":{"line":37,"column":4},"end":{"line":39,"column":null}},"type":"if","locations":[{"start":{"line":37,"column":4},"end":{"line":39,"column":null}},{"start":{},"end":{}}],"line":37},"5":{"loc":{"start":{"line":58,"column":11},"end":{"line":58,"column":null}},"type":"cond-expr","locations":[{"start":{"line":58,"column":23},"end":{"line":58,"column":62}},{"start":{"line":58,"column":62},"end":{"line":58,"column":null}}],"line":58}},"s":{"0":44,"1":44,"2":16,"3":16,"4":16,"5":16,"6":16,"7":28,"8":28,"9":21,"10":7,"11":7,"12":1,"13":6,"14":44,"15":44,"16":44,"17":44},"f":{"0":44,"1":44},"b":{"0":[16,28],"1":[1,15],"2":[1,15],"3":[21,7],"4":[1,6],"5":[42,2]},"meta":{"lastBranch":6,"lastFunction":2,"lastStatement":18,"seen":{"f:18:9:18:23":0,"s:20:19:20:Infinity":0,"b:21:4:27:Infinity:undefined:undefined:undefined:undefined":0,"s:21:4:27:Infinity":1,"s:22:26:22:Infinity":2,"s:23:22:23:Infinity":3,"s:24:24:24:Infinity":4,"b:24:39:24:51:24:51:24:Infinity":1,"s:25:21:25:Infinity":5,"b:25:36:25:41:25:41:25:Infinity":2,"s:26:8:26:Infinity":6,"s:30:16:30:Infinity":7,"b:31:4:33:Infinity:undefined:undefined:undefined:undefined":3,"s:31:4:33:Infinity":8,"s:32:8:32:Infinity":9,"s:36:18:36:Infinity":10,"b:37:4:39:Infinity:undefined:undefined:undefined:undefined":4,"s:37:4:39:Infinity":11,"s:38:8:38:Infinity":12,"s:40:4:40:Infinity":13,"f:50:16:50:32":1,"s:51:20:54:Infinity":14,"s:56:27:56:Infinity":15,"s:57:22:57:Infinity":16,"s:58:4:58:Infinity":17,"b:58:23:58:62:58:62:58:Infinity":5},"fnNames":{}}}
}
