{"/home/sameera/projects/nexus/libs/workspace/src/manifest.ts": {"path":"/home/sameera/projects/nexus/libs/workspace/src/manifest.ts","statementMap":{"0":{"start":{"line":74,"column":31},"end":{"line":74,"column":null}},"1":{"start":{"line":75,"column":17},"end":{"line":75,"column":null}},"2":{"start":{"line":76,"column":20},"end":{"line":76,"column":null}},"3":{"start":{"line":77,"column":23},"end":{"line":77,"column":null}},"4":{"start":{"line":80,"column":4},"end":{"line":80,"column":null}},"5":{"start":{"line":85,"column":4},"end":{"line":85,"column":null}},"6":{"start":{"line":97,"column":17},"end":{"line":97,"column":null}},"7":{"start":{"line":98,"column":10},"end":{"line":101,"column":null}},"8":{"start":{"line":98,"column":106},"end":{"line":101,"column":null}},"9":{"start":{"line":104,"column":4},"end":{"line":109,"column":null}},"10":{"start":{"line":105,"column":8},"end":{"line":105,"column":null}},"11":{"start":{"line":107,"column":23},"end":{"line":107,"column":null}},"12":{"start":{"line":108,"column":8},"end":{"line":108,"column":null}},"13":{"start":{"line":111,"column":4},"end":{"line":113,"column":null}},"14":{"start":{"line":112,"column":8},"end":{"line":112,"column":null}},"15":{"start":{"line":114,"column":4},"end":{"line":116,"column":null}},"16":{"start":{"line":115,"column":8},"end":{"line":115,"column":null}},"17":{"start":{"line":118,"column":4},"end":{"line":122,"column":null}},"18":{"start":{"line":119,"column":8},"end":{"line":121,"column":null}},"19":{"start":{"line":120,"column":12},"end":{"line":120,"column":null}},"20":{"start":{"line":125,"column":4},"end":{"line":127,"column":null}},"21":{"start":{"line":126,"column":8},"end":{"line":126,"column":null}},"22":{"start":{"line":128,"column":16},"end":{"line":128,"column":null}},"23":{"start":{"line":129,"column":4},"end":{"line":131,"column":null}},"24":{"start":{"line":130,"column":8},"end":{"line":130,"column":null}},"25":{"start":{"line":132,"column":4},"end":{"line":136,"column":null}},"26":{"start":{"line":133,"column":8},"end":{"line":135,"column":null}},"27":{"start":{"line":134,"column":12},"end":{"line":134,"column":null}},"28":{"start":{"line":137,"column":20},"end":{"line":137,"column":null}},"29":{"start":{"line":138,"column":4},"end":{"line":140,"column":null}},"30":{"start":{"line":139,"column":8},"end":{"line":139,"column":null}},"31":{"start":{"line":141,"column":22},"end":{"line":141,"column":null}},"32":{"start":{"line":142,"column":4},"end":{"line":144,"column":null}},"33":{"start":{"line":143,"column":8},"end":{"line":143,"column":null}},"34":{"start":{"line":147,"column":22},"end":{"line":147,"column":null}},"35":{"start":{"line":148,"column":23},"end":{"line":148,"column":null}},"36":{"start":{"line":149,"column":4},"end":{"line":151,"column":null}},"37":{"start":{"line":150,"column":8},"end":{"line":150,"column":null}},"38":{"start":{"line":153,"column":41},"end":{"line":153,"column":null}},"39":{"start":{"line":154,"column":22},"end":{"line":154,"column":null}},"40":{"start":{"line":155,"column":24},"end":{"line":155,"column":null}},"41":{"start":{"line":157,"column":4},"end":{"line":205,"column":null}},"42":{"start":{"line":157,"column":17},"end":{"line":157,"column":20}},"43":{"start":{"line":158,"column":22},"end":{"line":158,"column":null}},"44":{"start":{"line":159,"column":23},"end":{"line":159,"column":null}},"45":{"start":{"line":160,"column":8},"end":{"line":162,"column":null}},"46":{"start":{"line":161,"column":12},"end":{"line":161,"column":null}},"47":{"start":{"line":163,"column":8},"end":{"line":167,"column":null}},"48":{"start":{"line":164,"column":12},"end":{"line":166,"column":null}},"49":{"start":{"line":165,"column":16},"end":{"line":165,"column":null}},"50":{"start":{"line":168,"column":27},"end":{"line":168,"column":null}},"51":{"start":{"line":169,"column":8},"end":{"line":171,"column":null}},"52":{"start":{"line":170,"column":12},"end":{"line":170,"column":null}},"53":{"start":{"line":172,"column":22},"end":{"line":172,"column":null}},"54":{"start":{"line":173,"column":29},"end":{"line":173,"column":null}},"55":{"start":{"line":174,"column":8},"end":{"line":176,"column":null}},"56":{"start":{"line":175,"column":12},"end":{"line":175,"column":null}},"57":{"start":{"line":178,"column":31},"end":{"line":178,"column":null}},"58":{"start":{"line":179,"column":8},"end":{"line":185,"column":null}},"59":{"start":{"line":180,"column":12},"end":{"line":184,"column":null}},"60":{"start":{"line":186,"column":8},"end":{"line":186,"column":null}},"61":{"start":{"line":188,"column":14},"end":{"line":188,"column":null}},"62":{"start":{"line":189,"column":32},"end":{"line":189,"column":null}},"63":{"start":{"line":190,"column":8},"end":{"line":196,"column":null}},"64":{"start":{"line":191,"column":12},"end":{"line":195,"column":null}},"65":{"start":{"line":197,"column":8},"end":{"line":197,"column":null}},"66":{"start":{"line":199,"column":8},"end":{"line":204,"column":null}},"67":{"start":{"line":207,"column":4},"end":{"line":220,"column":null}},"68":{"start":{"line":231,"column":17},"end":{"line":231,"column":null}},"69":{"start":{"line":232,"column":4},"end":{"line":241,"column":null}},"70":{"start":{"line":233,"column":8},"end":{"line":240,"column":null}},"71":{"start":{"line":242,"column":4},"end":{"line":242,"column":null}}},"fnMap":{"0":{"name":"isMapping","decl":{"start":{"line":79,"column":9},"end":{"line":79,"column":19}},"loc":{"start":{"line":79,"column":69},"end":{"line":81,"column":null}},"line":79},"1":{"name":"stringField","decl":{"start":{"line":84,"column":9},"end":{"line":84,"column":21}},"loc":{"start":{"line":84,"column":52},"end":{"line":86,"column":null}},"line":84},"2":{"name":"parseAndValidateManifest","decl":{"start":{"line":96,"column":16},"end":{"line":96,"column":41}},"loc":{"start":{"line":96,"column":97},"end":{"line":221,"column":null}},"line":96},"3":{"name":"(anonymous_3)","decl":{"start":{"line":98,"column":10},"end":{"line":98,"column":18}},"loc":{"start":{"line":98,"column":106},"end":{"line":101,"column":null}},"line":98},"4":{"name":"loadWorkspaceFromHub","decl":{"start":{"line":230,"column":16},"end":{"line":230,"column":37}},"loc":{"start":{"line":230,"column":66},"end":{"line":243,"column":null}},"line":230}},"branchMap":{"0":{"loc":{"start":{"line":80,"column":11},"end":{"line":80,"column":null}},"type":"binary-expr","locations":[{"start":{"line":80,"column":11},"end":{"line":80,"column":40}},{"start":{"line":80,"column":40},"end":{"line":80,"column":58}},{"start":{"line":80,"column":58},"end":{"line":80,"column":null}}],"line":80},"1":{"loc":{"start":{"line":85,"column":11},"end":{"line":85,"column":null}},"type":"cond-expr","locations":[{"start":{"line":85,"column":62},"end":{"line":85,"column":70}},{"start":{"line":85,"column":70},"end":{"line":85,"column":null}}],"line":85},"2":{"loc":{"start":{"line":85,"column":11},"end":{"line":85,"column":62}},"type":"binary-expr","locations":[{"start":{"line":85,"column":11},"end":{"line":85,"column":40}},{"start":{"line":85,"column":40},"end":{"line":85,"column":62}}],"line":85},"3":{"loc":{"start":{"line":100,"column":15},"end":{"line":100,"column":null}},"type":"cond-expr","locations":[{"start":{"line":100,"column":37},"end":{"line":100,"column":66}},{"start":{"line":100,"column":66},"end":{"line":100,"column":null}}],"line":100},"4":{"loc":{"start":{"line":107,"column":23},"end":{"line":107,"column":null}},"type":"cond-expr","locations":[{"start":{"line":107,"column":44},"end":{"line":107,"column":56}},{"start":{"line":107,"column":56},"end":{"line":107,"column":null}}],"line":107},"5":{"loc":{"start":{"line":111,"column":4},"end":{"line":113,"column":null}},"type":"if","locations":[{"start":{"line":111,"column":4},"end":{"line":113,"column":null}},{"start":{},"end":{}}],"line":111},"6":{"loc":{"start":{"line":111,"column":8},"end":{"line":111,"column":43}},"type":"binary-expr","locations":[{"start":{"line":111,"column":8},"end":{"line":111,"column":24}},{"start":{"line":111,"column":24},"end":{"line":111,"column":43}}],"line":111},"7":{"loc":{"start":{"line":114,"column":4},"end":{"line":116,"column":null}},"type":"if","locations":[{"start":{"line":114,"column":4},"end":{"line":116,"column":null}},{"start":{},"end":{}}],"line":114},"8":{"loc":{"start":{"line":119,"column":8},"end":{"line":121,"column":null}},"type":"if","locations":[{"start":{"line":119,"column":8},"end":{"line":121,"column":null}},{"start":{},"end":{}}],"line":119},"9":{"loc":{"start":{"line":125,"column":4},"end":{"line":127,"column":null}},"type":"if","locations":[{"start":{"line":125,"column":4},"end":{"line":127,"column":null}},{"start":{},"end":{}}],"line":125},"10":{"loc":{"start":{"line":129,"column":4},"end":{"line":131,"column":null}},"type":"if","locations":[{"start":{"line":129,"column":4},"end":{"line":131,"column":null}},{"start":{},"end":{}}],"line":129},"11":{"loc":{"start":{"line":133,"column":8},"end":{"line":135,"column":null}},"type":"if","locations":[{"start":{"line":133,"column":8},"end":{"line":135,"column":null}},{"start":{},"end":{}}],"line":133},"12":{"loc":{"start":{"line":138,"column":4},"end":{"line":140,"column":null}},"type":"if","locations":[{"start":{"line":138,"column":4},"end":{"line":140,"column":null}},{"start":{},"end":{}}],"line":138},"13":{"loc":{"start":{"line":142,"column":4},"end":{"line":144,"column":null}},"type":"if","locations":[{"start":{"line":142,"column":4},"end":{"line":144,"column":null}},{"start":{},"end":{}}],"line":142},"14":{"loc":{"start":{"line":148,"column":23},"end":{"line":148,"column":null}},"type":"binary-expr","locations":[{"start":{"line":148,"column":23},"end":{"line":148,"column":38}},{"start":{"line":148,"column":38},"end":{"line":148,"column":null}}],"line":148},"15":{"loc":{"start":{"line":149,"column":4},"end":{"line":151,"column":null}},"type":"if","locations":[{"start":{"line":149,"column":4},"end":{"line":151,"column":null}},{"start":{},"end":{}}],"line":149},"16":{"loc":{"start":{"line":160,"column":8},"end":{"line":162,"column":null}},"type":"if","locations":[{"start":{"line":160,"column":8},"end":{"line":162,"column":null}},{"start":{},"end":{}}],"line":160},"17":{"loc":{"start":{"line":164,"column":12},"end":{"line":166,"column":null}},"type":"if","locations":[{"start":{"line":164,"column":12},"end":{"line":166,"column":null}},{"start":{},"end":{}}],"line":164},"18":{"loc":{"start":{"line":169,"column":8},"end":{"line":171,"column":null}},"type":"if","locations":[{"start":{"line":169,"column":8},"end":{"line":171,"column":null}},{"start":{},"end":{}}],"line":169},"19":{"loc":{"start":{"line":174,"column":8},"end":{"line":176,"column":null}},"type":"if","locations":[{"start":{"line":174,"column":8},"end":{"line":176,"column":null}},{"start":{},"end":{}}],"line":174},"20":{"loc":{"start":{"line":179,"column":8},"end":{"line":185,"column":null}},"type":"if","locations":[{"start":{"line":179,"column":8},"end":{"line":185,"column":null}},{"start":{},"end":{}}],"line":179},"21":{"loc":{"start":{"line":190,"column":8},"end":{"line":196,"column":null}},"type":"if","locations":[{"start":{"line":190,"column":8},"end":{"line":196,"column":null}},{"start":{},"end":{}}],"line":190},"22":{"loc":{"start":{"line":232,"column":4},"end":{"line":241,"column":null}},"type":"if","locations":[{"start":{"line":232,"column":4},"end":{"line":241,"column":null}},{"start":{},"end":{}}],"line":232}},"s":{"0":3,"1":3,"2":3,"3":3,"4":115,"5":146,"6":41,"7":41,"8":19,"9":41,"10":41,"11":3,"12":3,"13":38,"14":1,"15":37,"16":2,"17":35,"18":69,"19":1,"20":34,"21":1,"22":33,"23":33,"24":1,"25":32,"26":63,"27":1,"28":31,"29":31,"30":1,"31":30,"32":30,"33":1,"34":29,"35":29,"36":41,"37":1,"38":28,"39":28,"40":28,"41":28,"42":28,"43":45,"44":45,"45":45,"46":1,"47":44,"48":87,"49":1,"50":43,"51":43,"52":1,"53":42,"54":42,"55":42,"56":1,"57":41,"58":41,"59":1,"60":40,"61":40,"62":40,"63":40,"64":1,"65":39,"66":39,"67":22,"68":20,"69":20,"70":2,"71":18},"f":{"0":115,"1":146,"2":41,"3":19,"4":20},"b":{"0":[115,112,112],"1":[142,4],"2":[146,142],"3":[6,13],"4":[3,0],"5":[1,37],"6":[38,37],"7":[2,35],"8":[1,68],"9":[1,33],"10":[1,32],"11":[1,62],"12":[1,30],"13":[1,29],"14":[29,1],"15":[1,40],"16":[1,44],"17":[1,86],"18":[1,42],"19":[1,41],"20":[1,40],"21":[1,39],"22":[2,18]},"meta":{"lastBranch":23,"lastFunction":5,"lastStatement":72,"seen":{"s:74:31:74:Infinity":0,"s:75:17:75:Infinity":1,"s:76:20:76:Infinity":2,"s:77:23:77:Infinity":3,"f:79:9:79:19":0,"s:80:4:80:Infinity":4,"b:80:11:80:40:80:40:80:58:80:58:80:Infinity":0,"f:84:9:84:21":1,"s:85:4:85:Infinity":5,"b:85:62:85:70:85:70:85:Infinity":1,"b:85:11:85:40:85:40:85:62":2,"f:96:16:96:41":2,"s:97:17:97:Infinity":6,"s:98:10:101:Infinity":7,"f:98:10:98:18":3,"s:98:106:101:Infinity":8,"b:100:37:100:66:100:66:100:Infinity":3,"s:104:4:109:Infinity":9,"s:105:8:105:Infinity":10,"s:107:23:107:Infinity":11,"b:107:44:107:56:107:56:107:Infinity":4,"s:108:8:108:Infinity":12,"b:111:4:113:Infinity:undefined:undefined:undefined:undefined":5,"s:111:4:113:Infinity":13,"b:111:8:111:24:111:24:111:43":6,"s:112:8:112:Infinity":14,"b:114:4:116:Infinity:undefined:undefined:undefined:undefined":7,"s:114:4:116:Infinity":15,"s:115:8:115:Infinity":16,"s:118:4:122:Infinity":17,"b:119:8:121:Infinity:undefined:undefined:undefined:undefined":8,"s:119:8:121:Infinity":18,"s:120:12:120:Infinity":19,"b:125:4:127:Infinity:undefined:undefined:undefined:undefined":9,"s:125:4:127:Infinity":20,"s:126:8:126:Infinity":21,"s:128:16:128:Infinity":22,"b:129:4:131:Infinity:undefined:undefined:undefined:undefined":10,"s:129:4:131:Infinity":23,"s:130:8:130:Infinity":24,"s:132:4:136:Infinity":25,"b:133:8:135:Infinity:undefined:undefined:undefined:undefined":11,"s:133:8:135:Infinity":26,"s:134:12:134:Infinity":27,"s:137:20:137:Infinity":28,"b:138:4:140:Infinity:undefined:undefined:undefined:undefined":12,"s:138:4:140:Infinity":29,"s:139:8:139:Infinity":30,"s:141:22:141:Infinity":31,"b:142:4:144:Infinity:undefined:undefined:undefined:undefined":13,"s:142:4:144:Infinity":32,"s:143:8:143:Infinity":33,"s:147:22:147:Infinity":34,"s:148:23:148:Infinity":35,"b:148:23:148:38:148:38:148:Infinity":14,"b:149:4:151:Infinity:undefined:undefined:undefined:undefined":15,"s:149:4:151:Infinity":36,"s:150:8:150:Infinity":37,"s:153:41:153:Infinity":38,"s:154:22:154:Infinity":39,"s:155:24:155:Infinity":40,"s:157:4:205:Infinity":41,"s:157:17:157:20":42,"s:158:22:158:Infinity":43,"s:159:23:159:Infinity":44,"b:160:8:162:Infinity:undefined:undefined:undefined:undefined":16,"s:160:8:162:Infinity":45,"s:161:12:161:Infinity":46,"s:163:8:167:Infinity":47,"b:164:12:166:Infinity:undefined:undefined:undefined:undefined":17,"s:164:12:166:Infinity":48,"s:165:16:165:Infinity":49,"s:168:27:168:Infinity":50,"b:169:8:171:Infinity:undefined:undefined:undefined:undefined":18,"s:169:8:171:Infinity":51,"s:170:12:170:Infinity":52,"s:172:22:172:Infinity":53,"s:173:29:173:Infinity":54,"b:174:8:176:Infinity:undefined:undefined:undefined:undefined":19,"s:174:8:176:Infinity":55,"s:175:12:175:Infinity":56,"s:178:31:178:Infinity":57,"b:179:8:185:Infinity:undefined:undefined:undefined:undefined":20,"s:179:8:185:Infinity":58,"s:180:12:184:Infinity":59,"s:186:8:186:Infinity":60,"s:188:14:188:Infinity":61,"s:189:32:189:Infinity":62,"b:190:8:196:Infinity:undefined:undefined:undefined:undefined":21,"s:190:8:196:Infinity":63,"s:191:12:195:Infinity":64,"s:197:8:197:Infinity":65,"s:199:8:204:Infinity":66,"s:207:4:220:Infinity":67,"f:230:16:230:37":4,"s:231:17:231:Infinity":68,"b:232:4:241:Infinity:undefined:undefined:undefined:undefined":22,"s:232:4:241:Infinity":69,"s:233:8:240:Infinity":70,"s:242:4:242:Infinity":71},"fnNames":{}}}
,"/home/sameera/projects/nexus/libs/workspace/src/pointer.ts": {"path":"/home/sameera/projects/nexus/libs/workspace/src/pointer.ts","statementMap":{"0":{"start":{"line":40,"column":30},"end":{"line":40,"column":null}},"1":{"start":{"line":41,"column":17},"end":{"line":41,"column":null}},"2":{"start":{"line":42,"column":23},"end":{"line":42,"column":null}},"3":{"start":{"line":45,"column":4},"end":{"line":45,"column":null}},"4":{"start":{"line":50,"column":4},"end":{"line":50,"column":null}},"5":{"start":{"line":61,"column":17},"end":{"line":61,"column":null}},"6":{"start":{"line":62,"column":10},"end":{"line":65,"column":null}},"7":{"start":{"line":62,"column":109},"end":{"line":65,"column":null}},"8":{"start":{"line":68,"column":4},"end":{"line":73,"column":null}},"9":{"start":{"line":69,"column":8},"end":{"line":69,"column":null}},"10":{"start":{"line":71,"column":23},"end":{"line":71,"column":null}},"11":{"start":{"line":72,"column":8},"end":{"line":72,"column":null}},"12":{"start":{"line":75,"column":4},"end":{"line":77,"column":null}},"13":{"start":{"line":76,"column":8},"end":{"line":76,"column":null}},"14":{"start":{"line":78,"column":4},"end":{"line":80,"column":null}},"15":{"start":{"line":79,"column":8},"end":{"line":79,"column":null}},"16":{"start":{"line":82,"column":4},"end":{"line":90,"column":null}},"17":{"start":{"line":83,"column":8},"end":{"line":89,"column":null}},"18":{"start":{"line":84,"column":12},"end":{"line":88,"column":null}},"19":{"start":{"line":92,"column":4},"end":{"line":94,"column":null}},"20":{"start":{"line":93,"column":8},"end":{"line":93,"column":null}},"21":{"start":{"line":95,"column":16},"end":{"line":95,"column":null}},"22":{"start":{"line":96,"column":4},"end":{"line":98,"column":null}},"23":{"start":{"line":97,"column":8},"end":{"line":97,"column":null}},"24":{"start":{"line":99,"column":4},"end":{"line":103,"column":null}},"25":{"start":{"line":100,"column":8},"end":{"line":102,"column":null}},"26":{"start":{"line":101,"column":12},"end":{"line":101,"column":null}},"27":{"start":{"line":104,"column":20},"end":{"line":104,"column":null}},"28":{"start":{"line":105,"column":4},"end":{"line":107,"column":null}},"29":{"start":{"line":106,"column":8},"end":{"line":106,"column":null}},"30":{"start":{"line":108,"column":22},"end":{"line":108,"column":null}},"31":{"start":{"line":109,"column":4},"end":{"line":111,"column":null}},"32":{"start":{"line":110,"column":8},"end":{"line":110,"column":null}},"33":{"start":{"line":113,"column":4},"end":{"line":116,"column":null}},"34":{"start":{"line":130,"column":17},"end":{"line":130,"column":null}},"35":{"start":{"line":131,"column":4},"end":{"line":140,"column":null}},"36":{"start":{"line":132,"column":8},"end":{"line":139,"column":null}},"37":{"start":{"line":142,"column":19},"end":{"line":142,"column":null}},"38":{"start":{"line":143,"column":4},"end":{"line":145,"column":null}},"39":{"start":{"line":144,"column":8},"end":{"line":144,"column":null}},"40":{"start":{"line":146,"column":20},"end":{"line":146,"column":null}},"41":{"start":{"line":149,"column":28},"end":{"line":149,"column":null}},"42":{"start":{"line":150,"column":10},"end":{"line":153,"column":null}},"43":{"start":{"line":150,"column":57},"end":{"line":153,"column":null}},"44":{"start":{"line":154,"column":4},"end":{"line":158,"column":null}},"45":{"start":{"line":155,"column":8},"end":{"line":157,"column":null}},"46":{"start":{"line":160,"column":10},"end":{"line":160,"column":null}},"47":{"start":{"line":161,"column":4},"end":{"line":170,"column":null}},"48":{"start":{"line":163,"column":8},"end":{"line":167,"column":null}},"49":{"start":{"line":164,"column":12},"end":{"line":166,"column":null}},"50":{"start":{"line":169,"column":8},"end":{"line":169,"column":null}},"51":{"start":{"line":171,"column":22},"end":{"line":171,"column":null}},"52":{"start":{"line":174,"column":4},"end":{"line":184,"column":null}},"53":{"start":{"line":175,"column":8},"end":{"line":183,"column":null}},"54":{"start":{"line":187,"column":23},"end":{"line":187,"column":null}},"55":{"start":{"line":188,"column":4},"end":{"line":202,"column":null}},"56":{"start":{"line":188,"column":39},"end":{"line":188,"column":60}},"57":{"start":{"line":190,"column":12},"end":{"line":192,"column":null}},"58":{"start":{"line":191,"column":47},"end":{"line":191,"column":53}},"59":{"start":{"line":193,"column":8},"end":{"line":201,"column":null}},"60":{"start":{"line":204,"column":4},"end":{"line":204,"column":null}},"61":{"start":{"line":209,"column":4},"end":{"line":213,"column":null}},"62":{"start":{"line":210,"column":8},"end":{"line":210,"column":null}},"63":{"start":{"line":212,"column":8},"end":{"line":212,"column":null}}},"fnMap":{"0":{"name":"isMapping","decl":{"start":{"line":44,"column":9},"end":{"line":44,"column":19}},"loc":{"start":{"line":44,"column":69},"end":{"line":46,"column":null}},"line":44},"1":{"name":"stringField","decl":{"start":{"line":49,"column":9},"end":{"line":49,"column":21}},"loc":{"start":{"line":49,"column":52},"end":{"line":51,"column":null}},"line":49},"2":{"name":"parseAndValidatePointer","decl":{"start":{"line":60,"column":16},"end":{"line":60,"column":40}},"loc":{"start":{"line":60,"column":82},"end":{"line":117,"column":null}},"line":60},"3":{"name":"(anonymous_3)","decl":{"start":{"line":62,"column":10},"end":{"line":62,"column":18}},"loc":{"start":{"line":62,"column":109},"end":{"line":65,"column":null}},"line":62},"4":{"name":"loadWorkspaceFromMember","decl":{"start":{"line":129,"column":16},"end":{"line":129,"column":40}},"loc":{"start":{"line":129,"column":72},"end":{"line":205,"column":null}},"line":129},"5":{"name":"(anonymous_5)","decl":{"start":{"line":150,"column":10},"end":{"line":150,"column":24}},"loc":{"start":{"line":150,"column":57},"end":{"line":153,"column":null}},"line":150},"6":{"name":"(anonymous_6)","decl":{"start":{"line":188,"column":27},"end":{"line":188,"column":33}},"loc":{"start":{"line":188,"column":39},"end":{"line":188,"column":60}},"line":188},"7":{"name":"(anonymous_7)","decl":{"start":{"line":191,"column":36},"end":{"line":191,"column":41}},"loc":{"start":{"line":191,"column":47},"end":{"line":191,"column":53}},"line":191},"8":{"name":"isDirectory","decl":{"start":{"line":208,"column":9},"end":{"line":208,"column":21}},"loc":{"start":{"line":208,"column":41},"end":{"line":214,"column":null}},"line":208}},"branchMap":{"0":{"loc":{"start":{"line":45,"column":11},"end":{"line":45,"column":null}},"type":"binary-expr","locations":[{"start":{"line":45,"column":11},"end":{"line":45,"column":40}},{"start":{"line":45,"column":40},"end":{"line":45,"column":58}},{"start":{"line":45,"column":58},"end":{"line":45,"column":null}}],"line":45},"1":{"loc":{"start":{"line":50,"column":11},"end":{"line":50,"column":null}},"type":"cond-expr","locations":[{"start":{"line":50,"column":62},"end":{"line":50,"column":70}},{"start":{"line":50,"column":70},"end":{"line":50,"column":null}}],"line":50},"2":{"loc":{"start":{"line":50,"column":11},"end":{"line":50,"column":62}},"type":"binary-expr","locations":[{"start":{"line":50,"column":11},"end":{"line":50,"column":40}},{"start":{"line":50,"column":40},"end":{"line":50,"column":62}}],"line":50},"3":{"loc":{"start":{"line":64,"column":15},"end":{"line":64,"column":null}},"type":"cond-expr","locations":[{"start":{"line":64,"column":37},"end":{"line":64,"column":66}},{"start":{"line":64,"column":66},"end":{"line":64,"column":null}}],"line":64},"4":{"loc":{"start":{"line":71,"column":23},"end":{"line":71,"column":null}},"type":"cond-expr","locations":[{"start":{"line":71,"column":44},"end":{"line":71,"column":56}},{"start":{"line":71,"column":56},"end":{"line":71,"column":null}}],"line":71},"5":{"loc":{"start":{"line":75,"column":4},"end":{"line":77,"column":null}},"type":"if","locations":[{"start":{"line":75,"column":4},"end":{"line":77,"column":null}},{"start":{},"end":{}}],"line":75},"6":{"loc":{"start":{"line":75,"column":8},"end":{"line":75,"column":43}},"type":"binary-expr","locations":[{"start":{"line":75,"column":8},"end":{"line":75,"column":24}},{"start":{"line":75,"column":24},"end":{"line":75,"column":43}}],"line":75},"7":{"loc":{"start":{"line":78,"column":4},"end":{"line":80,"column":null}},"type":"if","locations":[{"start":{"line":78,"column":4},"end":{"line":80,"column":null}},{"start":{},"end":{}}],"line":78},"8":{"loc":{"start":{"line":83,"column":8},"end":{"line":89,"column":null}},"type":"if","locations":[{"start":{"line":83,"column":8},"end":{"line":89,"column":null}},{"start":{},"end":{}}],"line":83},"9":{"loc":{"start":{"line":92,"column":4},"end":{"line":94,"column":null}},"type":"if","locations":[{"start":{"line":92,"column":4},"end":{"line":94,"column":null}},{"start":{},"end":{}}],"line":92},"10":{"loc":{"start":{"line":96,"column":4},"end":{"line":98,"column":null}},"type":"if","locations":[{"start":{"line":96,"column":4},"end":{"line":98,"column":null}},{"start":{},"end":{}}],"line":96},"11":{"loc":{"start":{"line":100,"column":8},"end":{"line":102,"column":null}},"type":"if","locations":[{"start":{"line":100,"column":8},"end":{"line":102,"column":null}},{"start":{},"end":{}}],"line":100},"12":{"loc":{"start":{"line":105,"column":4},"end":{"line":107,"column":null}},"type":"if","locations":[{"start":{"line":105,"column":4},"end":{"line":107,"column":null}},{"start":{},"end":{}}],"line":105},"13":{"loc":{"start":{"line":109,"column":4},"end":{"line":111,"column":null}},"type":"if","locations":[{"start":{"line":109,"column":4},"end":{"line":111,"column":null}},{"start":{},"end":{}}],"line":109},"14":{"loc":{"start":{"line":131,"column":4},"end":{"line":140,"column":null}},"type":"if","locations":[{"start":{"line":131,"column":4},"end":{"line":140,"column":null}},{"start":{},"end":{}}],"line":131},"15":{"loc":{"start":{"line":143,"column":4},"end":{"line":145,"column":null}},"type":"if","locations":[{"start":{"line":143,"column":4},"end":{"line":145,"column":null}},{"start":{},"end":{}}],"line":143},"16":{"loc":{"start":{"line":154,"column":4},"end":{"line":158,"column":null}},"type":"if","locations":[{"start":{"line":154,"column":4},"end":{"line":158,"column":null}},{"start":{},"end":{}}],"line":154},"17":{"loc":{"start":{"line":161,"column":4},"end":{"line":170,"column":null}},"type":"if","locations":[{"start":{"line":161,"column":4},"end":{"line":170,"column":null}},{"start":{},"end":{}}],"line":161},"18":{"loc":{"start":{"line":163,"column":8},"end":{"line":167,"column":null}},"type":"if","locations":[{"start":{"line":163,"column":8},"end":{"line":167,"column":null}},{"start":{},"end":{}}],"line":163},"19":{"loc":{"start":{"line":174,"column":4},"end":{"line":184,"column":null}},"type":"if","locations":[{"start":{"line":174,"column":4},"end":{"line":184,"column":null}},{"start":{},"end":{}}],"line":174},"20":{"loc":{"start":{"line":188,"column":4},"end":{"line":202,"column":null}},"type":"if","locations":[{"start":{"line":188,"column":4},"end":{"line":202,"column":null}},{"start":{},"end":{}}],"line":188},"21":{"loc":{"start":{"line":190,"column":12},"end":{"line":192,"column":null}},"type":"cond-expr","locations":[{"start":{"line":191,"column":18},"end":{"line":191,"column":null}},{"start":{"line":192,"column":18},"end":{"line":192,"column":null}}],"line":190}},"s":{"0":2,"1":2,"2":2,"3":40,"4":31,"5":24,"6":24,"7":11,"8":24,"9":24,"10":1,"11":1,"12":23,"13":1,"14":22,"15":2,"16":20,"17":20,"18":1,"19":19,"20":1,"21":18,"22":18,"23":1,"24":17,"25":32,"26":1,"27":16,"28":16,"29":1,"30":15,"31":15,"32":2,"33":13,"34":14,"35":14,"36":1,"37":13,"38":13,"39":1,"40":12,"41":12,"42":12,"43":3,"44":12,"45":2,"46":10,"47":10,"48":2,"49":1,"50":1,"51":8,"52":8,"53":1,"54":7,"55":7,"56":8,"57":3,"58":4,"59":3,"60":4,"61":12,"62":12,"63":2},"f":{"0":40,"1":31,"2":24,"3":11,"4":14,"5":3,"6":8,"7":4,"8":12},"b":{"0":[40,38,38],"1":[28,3],"2":[31,28],"3":[4,7],"4":[1,0],"5":[1,22],"6":[23,22],"7":[2,20],"8":[1,19],"9":[1,18],"10":[1,17],"11":[1,31],"12":[1,15],"13":[2,13],"14":[1,13],"15":[1,12],"16":[2,10],"17":[2,8],"18":[1,1],"19":[1,7],"20":[3,4],"21":[2,1]},"meta":{"lastBranch":22,"lastFunction":9,"lastStatement":64,"seen":{"s:40:30:40:Infinity":0,"s:41:17:41:Infinity":1,"s:42:23:42:Infinity":2,"f:44:9:44:19":0,"s:45:4:45:Infinity":3,"b:45:11:45:40:45:40:45:58:45:58:45:Infinity":0,"f:49:9:49:21":1,"s:50:4:50:Infinity":4,"b:50:62:50:70:50:70:50:Infinity":1,"b:50:11:50:40:50:40:50:62":2,"f:60:16:60:40":2,"s:61:17:61:Infinity":5,"s:62:10:65:Infinity":6,"f:62:10:62:18":3,"s:62:109:65:Infinity":7,"b:64:37:64:66:64:66:64:Infinity":3,"s:68:4:73:Infinity":8,"s:69:8:69:Infinity":9,"s:71:23:71:Infinity":10,"b:71:44:71:56:71:56:71:Infinity":4,"s:72:8:72:Infinity":11,"b:75:4:77:Infinity:undefined:undefined:undefined:undefined":5,"s:75:4:77:Infinity":12,"b:75:8:75:24:75:24:75:43":6,"s:76:8:76:Infinity":13,"b:78:4:80:Infinity:undefined:undefined:undefined:undefined":7,"s:78:4:80:Infinity":14,"s:79:8:79:Infinity":15,"s:82:4:90:Infinity":16,"b:83:8:89:Infinity:undefined:undefined:undefined:undefined":8,"s:83:8:89:Infinity":17,"s:84:12:88:Infinity":18,"b:92:4:94:Infinity:undefined:undefined:undefined:undefined":9,"s:92:4:94:Infinity":19,"s:93:8:93:Infinity":20,"s:95:16:95:Infinity":21,"b:96:4:98:Infinity:undefined:undefined:undefined:undefined":10,"s:96:4:98:Infinity":22,"s:97:8:97:Infinity":23,"s:99:4:103:Infinity":24,"b:100:8:102:Infinity:undefined:undefined:undefined:undefined":11,"s:100:8:102:Infinity":25,"s:101:12:101:Infinity":26,"s:104:20:104:Infinity":27,"b:105:4:107:Infinity:undefined:undefined:undefined:undefined":12,"s:105:4:107:Infinity":28,"s:106:8:106:Infinity":29,"s:108:22:108:Infinity":30,"b:109:4:111:Infinity:undefined:undefined:undefined:undefined":13,"s:109:4:111:Infinity":31,"s:110:8:110:Infinity":32,"s:113:4:116:Infinity":33,"f:129:16:129:40":4,"s:130:17:130:Infinity":34,"b:131:4:140:Infinity:undefined:undefined:undefined:undefined":14,"s:131:4:140:Infinity":35,"s:132:8:139:Infinity":36,"s:142:19:142:Infinity":37,"b:143:4:145:Infinity:undefined:undefined:undefined:undefined":15,"s:143:4:145:Infinity":38,"s:144:8:144:Infinity":39,"s:146:20:146:Infinity":40,"s:149:28:149:Infinity":41,"s:150:10:153:Infinity":42,"f:150:10:150:24":5,"s:150:57:153:Infinity":43,"b:154:4:158:Infinity:undefined:undefined:undefined:undefined":16,"s:154:4:158:Infinity":44,"s:155:8:157:Infinity":45,"s:160:10:160:Infinity":46,"b:161:4:170:Infinity:undefined:undefined:undefined:undefined":17,"s:161:4:170:Infinity":47,"b:163:8:167:Infinity:undefined:undefined:undefined:undefined":18,"s:163:8:167:Infinity":48,"s:164:12:166:Infinity":49,"s:169:8:169:Infinity":50,"s:171:22:171:Infinity":51,"b:174:4:184:Infinity:undefined:undefined:undefined:undefined":19,"s:174:4:184:Infinity":52,"s:175:8:183:Infinity":53,"s:187:23:187:Infinity":54,"b:188:4:202:Infinity:undefined:undefined:undefined:undefined":20,"s:188:4:202:Infinity":55,"f:188:27:188:33":6,"s:188:39:188:60":56,"s:190:12:192:Infinity":57,"b:191:18:191:Infinity:192:18:192:Infinity":21,"f:191:36:191:41":7,"s:191:47:191:53":58,"s:193:8:201:Infinity":59,"s:204:4:204:Infinity":60,"f:208:9:208:21":8,"s:209:4:213:Infinity":61,"s:210:8:210:Infinity":62,"s:212:8:212:Infinity":63},"fnNames":{}}}
,"/home/sameera/projects/nexus/libs/workspace/src/remote.ts": {"path":"/home/sameera/projects/nexus/libs/workspace/src/remote.ts","statementMap":{"0":{"start":{"line":20,"column":19},"end":{"line":20,"column":null}},"1":{"start":{"line":21,"column":4},"end":{"line":27,"column":null}},"2":{"start":{"line":22,"column":26},"end":{"line":22,"column":null}},"3":{"start":{"line":23,"column":22},"end":{"line":23,"column":null}},"4":{"start":{"line":24,"column":24},"end":{"line":24,"column":null}},"5":{"start":{"line":25,"column":21},"end":{"line":25,"column":null}},"6":{"start":{"line":26,"column":8},"end":{"line":26,"column":null}},"7":{"start":{"line":30,"column":16},"end":{"line":30,"column":null}},"8":{"start":{"line":31,"column":4},"end":{"line":33,"column":null}},"9":{"start":{"line":32,"column":8},"end":{"line":32,"column":null}},"10":{"start":{"line":36,"column":18},"end":{"line":36,"column":null}},"11":{"start":{"line":37,"column":4},"end":{"line":39,"column":null}},"12":{"start":{"line":38,"column":8},"end":{"line":38,"column":null}},"13":{"start":{"line":40,"column":4},"end":{"line":40,"column":null}},"14":{"start":{"line":51,"column":20},"end":{"line":54,"column":null}},"15":{"start":{"line":56,"column":27},"end":{"line":56,"column":null}},"16":{"start":{"line":57,"column":22},"end":{"line":57,"column":null}},"17":{"start":{"line":58,"column":4},"end":{"line":58,"column":null}}},"fnMap":{"0":{"name":"splitHostPath","decl":{"start":{"line":18,"column":9},"end":{"line":18,"column":23}},"loc":{"start":{"line":18,"column":44},"end":{"line":41,"column":null}},"line":18},"1":{"name":"normalizeRemote","decl":{"start":{"line":50,"column":16},"end":{"line":50,"column":32}},"loc":{"start":{"line":50,"column":53},"end":{"line":59,"column":null}},"line":50}},"branchMap":{"0":{"loc":{"start":{"line":21,"column":4},"end":{"line":27,"column":null}},"type":"if","locations":[{"start":{"line":21,"column":4},"end":{"line":27,"column":null}},{"start":{},"end":{}}],"line":21},"1":{"loc":{"start":{"line":24,"column":24},"end":{"line":24,"column":null}},"type":"cond-expr","locations":[{"start":{"line":24,"column":39},"end":{"line":24,"column":51}},{"start":{"line":24,"column":51},"end":{"line":24,"column":null}}],"line":24},"2":{"loc":{"start":{"line":25,"column":21},"end":{"line":25,"column":null}},"type":"cond-expr","locations":[{"start":{"line":25,"column":36},"end":{"line":25,"column":41}},{"start":{"line":25,"column":41},"end":{"line":25,"column":null}}],"line":25},"3":{"loc":{"start":{"line":31,"column":4},"end":{"line":33,"column":null}},"type":"if","locations":[{"start":{"line":31,"column":4},"end":{"line":33,"column":null}},{"start":{},"end":{}}],"line":31},"4":{"loc":{"start":{"line":37,"column":4},"end":{"line":39,"column":null}},"type":"if","locations":[{"start":{"line":37,"column":4},"end":{"line":39,"column":null}},{"start":{},"end":{}}],"line":37},"5":{"loc":{"start":{"line":58,"column":11},"end":{"line":58,"column":null}},"type":"cond-expr","locations":[{"start":{"line":58,"column":23},"end":{"line":58,"column":62}},{"start":{"line":58,"column":62},"end":{"line":58,"column":null}}],"line":58}},"s":{"0":95,"1":95,"2":28,"3":28,"4":28,"5":28,"6":28,"7":67,"8":67,"9":60,"10":7,"11":7,"12":1,"13":6,"14":95,"15":95,"16":95,"17":95},"f":{"0":95,"1":95},"b":{"0":[28,67],"1":[1,27],"2":[1,27],"3":[60,7],"4":[1,6],"5":[93,2]},"meta":{"lastBranch":6,"lastFunction":2,"lastStatement":18,"seen":{"f:18:9:18:23":0,"s:20:19:20:Infinity":0,"b:21:4:27:Infinity:undefined:undefined:undefined:undefined":0,"s:21:4:27:Infinity":1,"s:22:26:22:Infinity":2,"s:23:22:23:Infinity":3,"s:24:24:24:Infinity":4,"b:24:39:24:51:24:51:24:Infinity":1,"s:25:21:25:Infinity":5,"b:25:36:25:41:25:41:25:Infinity":2,"s:26:8:26:Infinity":6,"s:30:16:30:Infinity":7,"b:31:4:33:Infinity:undefined:undefined:undefined:undefined":3,"s:31:4:33:Infinity":8,"s:32:8:32:Infinity":9,"s:36:18:36:Infinity":10,"b:37:4:39:Infinity:undefined:undefined:undefined:undefined":4,"s:37:4:39:Infinity":11,"s:38:8:38:Infinity":12,"s:40:4:40:Infinity":13,"f:50:16:50:32":1,"s:51:20:54:Infinity":14,"s:56:27:56:Infinity":15,"s:57:22:57:Infinity":16,"s:58:4:58:Infinity":17,"b:58:23:58:62:58:62:58:Infinity":5},"fnNames":{}}}
,"/home/sameera/projects/nexus/libs/workspace/src/resolve.ts": {"path":"/home/sameera/projects/nexus/libs/workspace/src/resolve.ts","statementMap":{"0":{"start":{"line":34,"column":31},"end":{"line":34,"column":null}},"1":{"start":{"line":35,"column":30},"end":{"line":35,"column":null}},"2":{"start":{"line":69,"column":4},"end":{"line":73,"column":null}},"3":{"start":{"line":70,"column":8},"end":{"line":70,"column":null}},"4":{"start":{"line":72,"column":8},"end":{"line":72,"column":null}},"5":{"start":{"line":78,"column":4},"end":{"line":87,"column":null}},"6":{"start":{"line":83,"column":40},"end":{"line":86,"column":10}},"7":{"start":{"line":99,"column":24},"end":{"line":99,"column":null}},"8":{"start":{"line":100,"column":23},"end":{"line":100,"column":null}},"9":{"start":{"line":103,"column":4},"end":{"line":105,"column":null}},"10":{"start":{"line":104,"column":8},"end":{"line":104,"column":null}},"11":{"start":{"line":108,"column":19},"end":{"line":110,"column":null}},"12":{"start":{"line":111,"column":4},"end":{"line":113,"column":null}},"13":{"start":{"line":112,"column":8},"end":{"line":112,"column":null}},"14":{"start":{"line":114,"column":4},"end":{"line":114,"column":null}}},"fnMap":{"0":{"name":"isDirectory","decl":{"start":{"line":68,"column":9},"end":{"line":68,"column":21}},"loc":{"start":{"line":68,"column":41},"end":{"line":74,"column":null}},"line":68},"1":{"name":"annotate","decl":{"start":{"line":77,"column":9},"end":{"line":77,"column":18}},"loc":{"start":{"line":77,"column":63},"end":{"line":88,"column":null}},"line":77},"2":{"name":"(anonymous_2)","decl":{"start":{"line":83,"column":28},"end":{"line":83,"column":33}},"loc":{"start":{"line":83,"column":40},"end":{"line":86,"column":10}},"line":83},"3":{"name":"resolveWorkspace","decl":{"start":{"line":98,"column":16},"end":{"line":98,"column":33}},"loc":{"start":{"line":98,"column":66},"end":{"line":115,"column":null}},"line":98}},"branchMap":{"0":{"loc":{"start":{"line":85,"column":22},"end":{"line":85,"column":null}},"type":"cond-expr","locations":[{"start":{"line":85,"column":52},"end":{"line":85,"column":64}},{"start":{"line":85,"column":64},"end":{"line":85,"column":null}}],"line":85},"1":{"loc":{"start":{"line":103,"column":4},"end":{"line":105,"column":null}},"type":"if","locations":[{"start":{"line":103,"column":4},"end":{"line":105,"column":null}},{"start":{},"end":{}}],"line":103},"2":{"loc":{"start":{"line":103,"column":8},"end":{"line":103,"column":37}},"type":"binary-expr","locations":[{"start":{"line":103,"column":8},"end":{"line":103,"column":24}},{"start":{"line":103,"column":24},"end":{"line":103,"column":37}}],"line":103},"3":{"loc":{"start":{"line":108,"column":19},"end":{"line":110,"column":null}},"type":"cond-expr","locations":[{"start":{"line":108,"column":19},"end":{"line":109,"column":null}},{"start":{"line":109,"column":39},"end":{"line":110,"column":null}}],"line":108},"4":{"loc":{"start":{"line":111,"column":4},"end":{"line":113,"column":null}},"type":"if","locations":[{"start":{"line":111,"column":4},"end":{"line":113,"column":null}},{"start":{},"end":{}}],"line":111}},"s":{"0":1,"1":1,"2":14,"3":14,"4":6,"5":7,"6":14,"7":13,"8":13,"9":13,"10":3,"11":10,"12":13,"13":3,"14":7},"f":{"0":14,"1":7,"2":14,"3":13},"b":{"0":[8,6],"1":[3,10],"2":[13,7],"3":[6,4],"4":[3,10]},"meta":{"lastBranch":5,"lastFunction":4,"lastStatement":15,"seen":{"s:34:31:34:Infinity":0,"s:35:30:35:Infinity":1,"f:68:9:68:21":0,"s:69:4:73:Infinity":2,"s:70:8:70:Infinity":3,"s:72:8:72:Infinity":4,"f:77:9:77:18":1,"s:78:4:87:Infinity":5,"f:83:28:83:33":2,"s:83:40:86:10":6,"b:85:52:85:64:85:64:85:Infinity":0,"f:98:16:98:33":3,"s:99:24:99:Infinity":7,"s:100:23:100:Infinity":8,"b:103:4:105:Infinity:undefined:undefined:undefined:undefined":1,"s:103:4:105:Infinity":9,"b:103:8:103:24:103:24:103:37":2,"s:104:8:104:Infinity":10,"s:108:19:110:Infinity":11,"b:108:19:109:Infinity:109:39:110:Infinity":3,"b:111:4:113:Infinity:undefined:undefined:undefined:undefined":4,"s:111:4:113:Infinity":12,"s:112:8:112:Infinity":13,"s:114:4:114:Infinity":14},"fnNames":{}}}
,"/home/sameera/projects/nexus/libs/workspace/src/status.ts": {"path":"/home/sameera/projects/nexus/libs/workspace/src/status.ts","statementMap":{"0":{"start":{"line":24,"column":4},"end":{"line":24,"column":null}},"1":{"start":{"line":28,"column":28},"end":{"line":28,"column":null}},"2":{"start":{"line":29,"column":4},"end":{"line":29,"column":null}},"3":{"start":{"line":30,"column":4},"end":{"line":30,"column":null}},"4":{"start":{"line":31,"column":4},"end":{"line":31,"column":null}},"5":{"start":{"line":33,"column":4},"end":{"line":36,"column":null}},"6":{"start":{"line":34,"column":8},"end":{"line":34,"column":null}},"7":{"start":{"line":35,"column":8},"end":{"line":35,"column":null}},"8":{"start":{"line":38,"column":20},"end":{"line":38,"column":null}},"9":{"start":{"line":38,"column":45},"end":{"line":38,"column":69}},"10":{"start":{"line":39,"column":4},"end":{"line":39,"column":null}},"11":{"start":{"line":40,"column":4},"end":{"line":45,"column":null}},"12":{"start":{"line":41,"column":23},"end":{"line":41,"column":null}},"13":{"start":{"line":42,"column":8},"end":{"line":42,"column":null}},"14":{"start":{"line":43,"column":21},"end":{"line":43,"column":null}},"15":{"start":{"line":44,"column":8},"end":{"line":44,"column":null}},"16":{"start":{"line":46,"column":4},"end":{"line":46,"column":null}},"17":{"start":{"line":50,"column":4},"end":{"line":55,"column":null}},"18":{"start":{"line":59,"column":18},"end":{"line":59,"column":null}},"19":{"start":{"line":60,"column":4},"end":{"line":60,"column":null}},"20":{"start":{"line":61,"column":4},"end":{"line":63,"column":null}},"21":{"start":{"line":62,"column":8},"end":{"line":62,"column":null}},"22":{"start":{"line":64,"column":4},"end":{"line":64,"column":null}},"23":{"start":{"line":65,"column":4},"end":{"line":65,"column":null}},"24":{"start":{"line":70,"column":4},"end":{"line":72,"column":null}},"25":{"start":{"line":71,"column":8},"end":{"line":71,"column":null}},"26":{"start":{"line":73,"column":4},"end":{"line":75,"column":null}}},"fnMap":{"0":{"name":"indent","decl":{"start":{"line":23,"column":9},"end":{"line":23,"column":16}},"loc":{"start":{"line":23,"column":49},"end":{"line":25,"column":null}},"line":23},"1":{"name":"renderResolvedWorkspace","decl":{"start":{"line":27,"column":9},"end":{"line":27,"column":33}},"loc":{"start":{"line":27,"column":64},"end":{"line":47,"column":null}},"line":27},"2":{"name":"(anonymous_2)","decl":{"start":{"line":38,"column":31},"end":{"line":38,"column":39}},"loc":{"start":{"line":38,"column":45},"end":{"line":38,"column":69}},"line":38},"3":{"name":"renderSingleRepo","decl":{"start":{"line":49,"column":9},"end":{"line":49,"column":26}},"loc":{"start":{"line":49,"column":59},"end":{"line":56,"column":null}},"line":49},"4":{"name":"renderFailure","decl":{"start":{"line":58,"column":9},"end":{"line":58,"column":23}},"loc":{"start":{"line":58,"column":50},"end":{"line":66,"column":null}},"line":58},"5":{"name":"renderWorkspaceStatus","decl":{"start":{"line":69,"column":16},"end":{"line":69,"column":38}},"loc":{"start":{"line":69,"column":69},"end":{"line":76,"column":null}},"line":69}},"branchMap":{"0":{"loc":{"start":{"line":23,"column":30},"end":{"line":23,"column":49}},"type":"default-arg","locations":[{"start":{"line":23,"column":38},"end":{"line":23,"column":49}}],"line":23},"1":{"loc":{"start":{"line":33,"column":4},"end":{"line":36,"column":null}},"type":"if","locations":[{"start":{"line":33,"column":4},"end":{"line":36,"column":null}},{"start":{},"end":{}}],"line":33},"2":{"loc":{"start":{"line":41,"column":23},"end":{"line":41,"column":null}},"type":"cond-expr","locations":[{"start":{"line":41,"column":50},"end":{"line":41,"column":64}},{"start":{"line":41,"column":64},"end":{"line":41,"column":null}}],"line":41},"3":{"loc":{"start":{"line":43,"column":21},"end":{"line":43,"column":null}},"type":"cond-expr","locations":[{"start":{"line":43,"column":48},"end":{"line":43,"column":85}},{"start":{"line":43,"column":85},"end":{"line":43,"column":null}}],"line":43},"4":{"loc":{"start":{"line":61,"column":4},"end":{"line":63,"column":null}},"type":"if","locations":[{"start":{"line":61,"column":4},"end":{"line":63,"column":null}},{"start":{},"end":{}}],"line":61},"5":{"loc":{"start":{"line":70,"column":4},"end":{"line":72,"column":null}},"type":"if","locations":[{"start":{"line":70,"column":4},"end":{"line":72,"column":null}},{"start":{},"end":{}}],"line":70},"6":{"loc":{"start":{"line":73,"column":11},"end":{"line":75,"column":null}},"type":"cond-expr","locations":[{"start":{"line":74,"column":10},"end":{"line":74,"column":null}},{"start":{"line":75,"column":10},"end":{"line":75,"column":null}}],"line":73}},"s":{"0":33,"1":4,"2":4,"3":4,"4":4,"5":4,"6":1,"7":1,"8":3,"9":6,"10":3,"11":3,"12":6,"13":6,"14":6,"15":6,"16":3,"17":1,"18":3,"19":3,"20":3,"21":2,"22":3,"23":3,"24":8,"25":3,"26":5},"f":{"0":33,"1":4,"2":6,"3":1,"4":3,"5":8},"b":{"0":[33],"1":[1,3],"2":[3,3],"3":[3,3],"4":[2,1],"5":[3,5],"6":[4,1]},"meta":{"lastBranch":7,"lastFunction":6,"lastStatement":27,"seen":{"f:23:9:23:16":0,"b:23:38:23:49":0,"s:24:4:24:Infinity":0,"f:27:9:27:33":1,"s:28:28:28:Infinity":1,"s:29:4:29:Infinity":2,"s:30:4:30:Infinity":3,"s:31:4:31:Infinity":4,"b:33:4:36:Infinity:undefined:undefined:undefined:undefined":1,"s:33:4:36:Infinity":5,"s:34:8:34:Infinity":6,"s:35:8:35:Infinity":7,"s:38:20:38:Infinity":8,"f:38:31:38:39":2,"s:38:45:38:69":9,"s:39:4:39:Infinity":10,"s:40:4:45:Infinity":11,"s:41:23:41:Infinity":12,"b:41:50:41:64:41:64:41:Infinity":2,"s:42:8:42:Infinity":13,"s:43:21:43:Infinity":14,"b:43:48:43:85:43:85:43:Infinity":3,"s:44:8:44:Infinity":15,"s:46:4:46:Infinity":16,"f:49:9:49:26":3,"s:50:4:55:Infinity":17,"f:58:9:58:23":4,"s:59:18:59:Infinity":18,"s:60:4:60:Infinity":19,"b:61:4:63:Infinity:undefined:undefined:undefined:undefined":4,"s:61:4:63:Infinity":20,"s:62:8:62:Infinity":21,"s:64:4:64:Infinity":22,"s:65:4:65:Infinity":23,"f:69:16:69:38":5,"b:70:4:72:Infinity:undefined:undefined:undefined:undefined":5,"s:70:4:72:Infinity":24,"s:71:8:71:Infinity":25,"s:73:4:75:Infinity":26,"b:74:10:74:Infinity:75:10:75:Infinity":6},"fnNames":{}}}
}
