<?xml version="1.0" encoding="UTF-8"?>
<coverage generated="1788776489786" clover="3.2.0">
  <project timestamp="1788776489786" name="All files">
    <metrics statements="473" coveredstatements="452" conditionals="367" coveredconditionals="291" methods="112" coveredmethods="110" elements="952" coveredelements="853" complexity="0" loc="473" ncloc="473" packages="1" files="8" classes="8"/>
    <file name="handoffs.ts" path="/home/sameera/projects/nexus/libs/portable-tools/src/handoffs.ts">
      <metrics statements="32" coveredstatements="32" conditionals="32" coveredconditionals="26" methods="9" coveredmethods="9"/>
      <line num="30" count="2" type="stmt"/>
      <line num="55" count="247" type="stmt"/>
      <line num="56" count="247" type="cond" truecount="2" falsecount="0"/>
      <line num="61" count="48" type="stmt"/>
      <line num="62" count="48" type="cond" truecount="3" falsecount="1"/>
      <line num="63" count="48" type="stmt"/>
      <line num="78" count="18" type="cond" truecount="2" falsecount="0"/>
      <line num="79" count="1" type="stmt"/>
      <line num="81" count="17" type="stmt"/>
      <line num="82" count="17" type="stmt"/>
      <line num="84" count="17" type="stmt"/>
      <line num="89" count="18" type="stmt"/>
      <line num="90" count="18" type="stmt"/>
      <line num="95" count="15" type="stmt"/>
      <line num="96" count="15" type="stmt"/>
      <line num="97" count="25" type="stmt"/>
      <line num="98" count="25" type="cond" truecount="1" falsecount="1"/>
      <line num="99" count="25" type="stmt"/>
      <line num="100" count="25" type="cond" truecount="1" falsecount="1"/>
      <line num="102" count="15" type="stmt"/>
      <line num="107" count="21" type="stmt"/>
      <line num="119" count="8" type="stmt"/>
      <line num="120" count="8" type="cond" truecount="2" falsecount="0"/>
      <line num="121" count="7" type="stmt"/>
      <line num="122" count="7" type="cond" truecount="4" falsecount="0"/>
      <line num="123" count="1" type="stmt"/>
      <line num="125" count="6" type="stmt"/>
      <line num="126" count="6" type="stmt"/>
      <line num="142" count="11" type="stmt"/>
      <line num="143" count="11" type="stmt"/>
      <line num="144" count="15" type="cond" truecount="2" falsecount="0"/>
      <line num="146" count="11" type="stmt"/>
    </file>
    <file name="learner-store.ts" path="/home/sameera/projects/nexus/libs/portable-tools/src/learner-store.ts">
      <metrics statements="34" coveredstatements="34" conditionals="21" coveredconditionals="20" methods="10" coveredmethods="10"/>
      <line num="28" count="4" type="stmt"/>
      <line num="31" count="4" type="stmt"/>
      <line num="34" count="4" type="stmt"/>
      <line num="40" count="4" type="stmt"/>
      <line num="52" count="172" type="stmt"/>
      <line num="57" count="122" type="stmt"/>
      <line num="62" count="85" type="stmt"/>
      <line num="63" count="85" type="stmt"/>
      <line num="72" count="44" type="stmt"/>
      <line num="82" count="41" type="cond" truecount="2" falsecount="0"/>
      <line num="83" count="37" type="stmt"/>
      <line num="84" count="37" type="cond" truecount="2" falsecount="0"/>
      <line num="85" count="41" type="cond" truecount="3" falsecount="1"/>
      <line num="87" count="41" type="stmt"/>
      <line num="89" count="41" type="stmt"/>
      <line num="90" count="41" type="stmt"/>
      <line num="97" count="5" type="stmt"/>
      <line num="102" count="5" type="stmt"/>
      <line num="103" count="5" type="stmt"/>
      <line num="118" count="33" type="stmt"/>
      <line num="119" count="33" type="cond" truecount="2" falsecount="0"/>
      <line num="120" count="30" type="stmt"/>
      <line num="121" count="30" type="stmt"/>
      <line num="122" count="30" type="stmt"/>
      <line num="137" count="8" type="stmt"/>
      <line num="138" count="8" type="cond" truecount="2" falsecount="0"/>
      <line num="139" count="6" type="stmt"/>
      <line num="140" count="6" type="stmt"/>
      <line num="141" count="6" type="stmt"/>
      <line num="146" count="36" type="stmt"/>
      <line num="147" count="36" type="cond" truecount="2" falsecount="0"/>
      <line num="152" count="33" type="stmt"/>
      <line num="153" count="33" type="cond" truecount="2" falsecount="0"/>
      <line num="154" count="19" type="stmt"/>
    </file>
    <file name="workbook-cli.ts" path="/home/sameera/projects/nexus/libs/portable-tools/src/workbook-cli.ts">
      <metrics statements="90" coveredstatements="86" conditionals="65" coveredconditionals="55" methods="8" coveredmethods="8"/>
      <line num="27" count="1" type="stmt"/>
      <line num="47" count="44" type="stmt"/>
      <line num="48" count="44" type="stmt"/>
      <line num="49" count="44" type="stmt"/>
      <line num="50" count="49" type="stmt"/>
      <line num="51" count="49" type="cond" truecount="1" falsecount="1"/>
      <line num="52" count="49" type="cond" truecount="2" falsecount="0"/>
      <line num="53" count="46" type="cond" truecount="2" falsecount="0"/>
      <line num="54" count="45" type="cond" truecount="2" falsecount="0"/>
      <line num="55" count="1" type="stmt"/>
      <line num="56" count="1" type="stmt"/>
      <line num="57" count="44" type="stmt"/>
      <line num="59" count="43" type="stmt"/>
      <line num="62" count="1" type="stmt"/>
      <line num="74" count="1" type="cond" truecount="1" falsecount="1"/>
      <line num="82" count="42" type="stmt"/>
      <line num="83" count="42" type="cond" truecount="1" falsecount="1"/>
      <line num="84" count="0" type="stmt"/>
      <line num="85" count="0" type="stmt"/>
      <line num="87" count="42" type="stmt"/>
      <line num="91" count="1" type="stmt"/>
      <line num="104" count="4" type="stmt"/>
      <line num="105" count="4" type="cond" truecount="2" falsecount="0"/>
      <line num="106" count="1" type="stmt"/>
      <line num="107" count="1" type="stmt"/>
      <line num="109" count="3" type="cond" truecount="2" falsecount="0"/>
      <line num="110" count="5" type="stmt"/>
      <line num="111" count="3" type="stmt"/>
      <line num="112" count="3" type="stmt"/>
      <line num="116" count="4" type="cond" truecount="2" falsecount="0"/>
      <line num="117" count="4" type="stmt"/>
      <line num="121" count="45" type="stmt"/>
      <line num="122" count="45" type="cond" truecount="4" falsecount="0"/>
      <line num="123" count="1" type="cond" truecount="1" falsecount="1"/>
      <line num="124" count="1" type="stmt"/>
      <line num="126" count="44" type="stmt"/>
      <line num="127" count="44" type="cond" truecount="2" falsecount="0"/>
      <line num="128" count="1" type="stmt"/>
      <line num="129" count="1" type="stmt"/>
      <line num="131" count="43" type="stmt"/>
      <line num="132" count="43" type="cond" truecount="2" falsecount="0"/>
      <line num="133" count="1" type="stmt"/>
      <line num="134" count="1" type="stmt"/>
      <line num="136" count="42" type="stmt"/>
      <line num="137" count="42" type="cond" truecount="1" falsecount="1"/>
      <line num="139" count="42" type="stmt"/>
      <line num="140" count="42" type="cond" truecount="2" falsecount="0"/>
      <line num="141" count="15" type="stmt"/>
      <line num="142" count="15" type="stmt"/>
      <line num="147" count="15" type="stmt"/>
      <line num="150" count="27" type="cond" truecount="4" falsecount="0"/>
      <line num="151" count="17" type="stmt"/>
      <line num="152" count="17" type="cond" truecount="2" falsecount="0"/>
      <line num="153" count="2" type="stmt"/>
      <line num="154" count="2" type="stmt"/>
      <line num="156" count="15" type="cond" truecount="2" falsecount="0"/>
      <line num="157" count="11" type="stmt"/>
      <line num="158" count="11" type="cond" truecount="1" falsecount="1"/>
      <line num="159" count="40" type="stmt"/>
      <line num="160" count="10" type="cond" truecount="1" falsecount="1"/>
      <line num="161" count="17" type="stmt"/>
      <line num="164" count="10" type="cond" truecount="2" falsecount="0"/>
      <line num="165" count="5" type="stmt"/>
      <line num="166" count="5" type="cond" truecount="2" falsecount="0"/>
      <line num="167" count="1" type="stmt"/>
      <line num="168" count="1" type="stmt"/>
      <line num="170" count="4" type="cond" truecount="2" falsecount="0"/>
      <line num="171" count="1" type="stmt"/>
      <line num="172" count="1" type="stmt"/>
      <line num="174" count="3" type="stmt"/>
      <line num="175" count="3" type="stmt"/>
      <line num="176" count="4" type="stmt"/>
      <line num="177" count="3" type="stmt"/>
      <line num="180" count="5" type="cond" truecount="2" falsecount="0"/>
      <line num="181" count="4" type="cond" truecount="4" falsecount="0"/>
      <line num="182" count="1" type="stmt"/>
      <line num="183" count="1" type="stmt"/>
      <line num="185" count="3" type="stmt"/>
      <line num="190" count="3" type="stmt"/>
      <line num="191" count="3" type="stmt"/>
      <line num="195" count="1" type="stmt"/>
      <line num="196" count="1" type="cond" truecount="1" falsecount="1"/>
      <line num="197" count="0" type="stmt"/>
      <line num="198" count="0" type="stmt"/>
      <line num="200" count="1" type="stmt"/>
      <line num="201" count="1" type="cond" truecount="2" falsecount="0"/>
      <line num="202" count="1" type="cond" truecount="1" falsecount="1"/>
      <line num="203" count="45" type="stmt"/>
      <line num="205" count="1" type="stmt"/>
      <line num="206" count="1" type="stmt"/>
    </file>
    <file name="workbook-page-fixtures.ts" path="/home/sameera/projects/nexus/libs/portable-tools/src/workbook-page-fixtures.ts">
      <metrics statements="83" coveredstatements="81" conditionals="82" coveredconditionals="58" methods="22" coveredmethods="21"/>
      <line num="76" count="530" type="stmt"/>
      <line num="80" count="120" type="cond" truecount="1" falsecount="1"/>
      <line num="85" count="132" type="stmt"/>
      <line num="86" count="542" type="cond" truecount="2" falsecount="0"/>
      <line num="88" count="127" type="stmt"/>
      <line num="93" count="24" type="stmt"/>
      <line num="95" count="24" type="stmt"/>
      <line num="96" count="5" type="stmt"/>
      <line num="97" count="5" type="cond" truecount="1" falsecount="1"/>
      <line num="98" count="5" type="stmt"/>
      <line num="105" count="24" type="stmt"/>
      <line num="106" count="24" type="stmt"/>
      <line num="107" count="132" type="cond" truecount="3" falsecount="1"/>
      <line num="110" count="24" type="stmt"/>
      <line num="111" count="24" type="cond" truecount="1" falsecount="1"/>
      <line num="113" count="24" type="cond" truecount="1" falsecount="1"/>
      <line num="114" count="24" type="stmt"/>
      <line num="118" count="24" type="stmt"/>
      <line num="120" count="24" type="stmt"/>
      <line num="121" count="0" type="cond" truecount="0" falsecount="2"/>
      <line num="124" count="24" type="stmt"/>
      <line num="125" count="24" type="stmt"/>
      <line num="126" count="24" type="stmt"/>
      <line num="127" count="24" type="cond" truecount="1" falsecount="1"/>
      <line num="129" count="24" type="cond" truecount="1" falsecount="1"/>
      <line num="130" count="48" type="stmt"/>
      <line num="132" count="24" type="stmt"/>
      <line num="133" count="24" type="cond" truecount="1" falsecount="1"/>
      <line num="137" count="24" type="stmt"/>
      <line num="138" count="24" type="stmt"/>
      <line num="142" count="24" type="stmt"/>
      <line num="148" count="18" type="stmt"/>
      <line num="181" count="3" type="stmt"/>
      <line num="182" count="3" type="stmt"/>
      <line num="183" count="6" type="stmt"/>
      <line num="184" count="6" type="stmt"/>
      <line num="185" count="6" type="stmt"/>
      <line num="186" count="6" type="cond" truecount="2" falsecount="0"/>
      <line num="187" count="1524" type="cond" truecount="2" falsecount="0"/>
      <line num="188" count="21" type="stmt"/>
      <line num="189" count="21" type="cond" truecount="2" falsecount="0"/>
      <line num="190" count="1503" type="cond" truecount="2" falsecount="0"/>
      <line num="191" count="21" type="stmt"/>
      <line num="192" count="21" type="cond" truecount="2" falsecount="0"/>
      <line num="193" count="6" type="stmt"/>
      <line num="194" count="6" type="stmt"/>
      <line num="198" count="6" type="cond" truecount="3" falsecount="1"/>
      <line num="199" count="6" type="stmt"/>
      <line num="200" count="6" type="stmt"/>
      <line num="201" count="15" type="stmt"/>
      <line num="202" count="15" type="stmt"/>
      <line num="203" count="57" type="stmt"/>
      <line num="204" count="57" type="cond" truecount="2" falsecount="0"/>
      <line num="205" count="42" type="stmt"/>
      <line num="207" count="21" type="stmt"/>
      <line num="210" count="6" type="stmt"/>
      <line num="218" count="3" type="stmt"/>
      <line num="219" count="3" type="stmt"/>
      <line num="221" count="3" type="stmt"/>
      <line num="222" count="15" type="stmt"/>
      <line num="223" count="15" type="stmt"/>
      <line num="224" count="75" type="stmt"/>
      <line num="225" count="105" type="cond" truecount="4" falsecount="0"/>
      <line num="226" count="3" type="stmt"/>
      <line num="230" count="15" type="cond" truecount="2" falsecount="0"/>
      <line num="231" count="12" type="cond" truecount="1" falsecount="1"/>
      <line num="234" count="3" type="stmt"/>
      <line num="235" count="4" type="stmt"/>
      <line num="236" count="15" type="cond" truecount="2" falsecount="0"/>
      <line num="238" count="2" type="stmt"/>
      <line num="241" count="3" type="stmt"/>
      <line num="242" count="3" type="stmt"/>
      <line num="243" count="15" type="cond" truecount="4" falsecount="0"/>
      <line num="244" count="3" type="stmt"/>
      <line num="245" count="27" type="cond" truecount="1" falsecount="1"/>
      <line num="249" count="3" type="stmt"/>
      <line num="251" count="4" type="stmt"/>
      <line num="252" count="71" type="cond" truecount="3" falsecount="1"/>
      <line num="253" count="21" type="cond" truecount="4" falsecount="0"/>
      <line num="254" count="4" type="cond" truecount="2" falsecount="0"/>
      <line num="255" count="31" type="cond" truecount="2" falsecount="2"/>
      <line num="256" count="0" type="cond" truecount="0" falsecount="2"/>
      <line num="259" count="2" type="stmt"/>
    </file>
    <file name="workbook-placement.ts" path="/home/sameera/projects/nexus/libs/portable-tools/src/workbook-placement.ts">
      <metrics statements="32" coveredstatements="31" conditionals="35" coveredconditionals="28" methods="9" coveredmethods="9"/>
      <line num="36" count="1" type="stmt"/>
      <line num="42" count="1" type="stmt"/>
      <line num="43" count="1" type="stmt"/>
      <line num="49" count="12" type="stmt"/>
      <line num="50" count="12" type="cond" truecount="2" falsecount="1"/>
      <line num="55" count="12" type="cond" truecount="2" falsecount="0"/>
      <line num="66" count="49" type="stmt"/>
      <line num="67" count="49" type="cond" truecount="1" falsecount="1"/>
      <line num="69" count="49" type="cond" truecount="2" falsecount="0"/>
      <line num="70" count="44" type="cond" truecount="2" falsecount="0"/>
      <line num="71" count="1" type="stmt"/>
      <line num="78" count="43" type="stmt"/>
      <line num="81" count="5" type="stmt"/>
      <line num="82" count="10" type="stmt"/>
      <line num="83" count="5" type="stmt"/>
      <line num="85" count="5" type="cond" truecount="2" falsecount="0"/>
      <line num="86" count="1" type="cond" truecount="2" falsecount="2"/>
      <line num="87" count="0" type="stmt"/>
      <line num="94" count="1" type="stmt"/>
      <line num="97" count="4" type="cond" truecount="2" falsecount="0"/>
      <line num="98" count="1" type="stmt"/>
      <line num="107" count="6" type="stmt"/>
      <line num="108" count="3" type="cond" truecount="2" falsecount="0"/>
      <line num="109" count="1" type="stmt"/>
      <line num="116" count="2" type="cond" truecount="2" falsecount="0"/>
      <line num="117" count="1" type="stmt"/>
      <line num="124" count="1" type="stmt"/>
      <line num="133" count="40" type="stmt"/>
      <line num="134" count="40" type="cond" truecount="4" falsecount="0"/>
      <line num="135" count="2" type="stmt"/>
      <line num="136" count="2" type="cond" truecount="2" falsecount="0"/>
      <line num="137" count="2" type="stmt"/>
    </file>
    <file name="workbook-render.ts" path="/home/sameera/projects/nexus/libs/portable-tools/src/workbook-render.ts">
      <metrics statements="136" coveredstatements="127" conditionals="89" coveredconditionals="71" methods="33" coveredmethods="32"/>
      <line num="40" count="4" type="stmt"/>
      <line num="48" count="10" type="stmt"/>
      <line num="49" count="10" type="stmt"/>
      <line num="50" count="10" type="stmt"/>
      <line num="51" count="10" type="stmt"/>
      <line num="75" count="108" type="stmt"/>
      <line num="76" count="108" type="cond" truecount="2" falsecount="0"/>
      <line num="77" count="8" type="stmt"/>
      <line num="87" count="108" type="stmt"/>
      <line num="88" count="108" type="stmt"/>
      <line num="89" count="108" type="cond" truecount="2" falsecount="0"/>
      <line num="90" count="1" type="stmt"/>
      <line num="92" count="198" type="stmt"/>
      <line num="93" count="99" type="cond" truecount="1" falsecount="1"/>
      <line num="94" count="0" type="stmt"/>
      <line num="97" count="99" type="stmt"/>
      <line num="98" count="99" type="stmt"/>
      <line num="100" count="0" type="cond" truecount="0" falsecount="2"/>
      <line num="101" count="0" type="stmt"/>
      <line num="103" count="99" type="cond" truecount="1" falsecount="1"/>
      <line num="104" count="108" type="stmt"/>
      <line num="105" count="108" type="cond" truecount="4" falsecount="0"/>
      <line num="106" count="1" type="stmt"/>
      <line num="108" count="98" type="stmt"/>
      <line num="113" count="105" type="stmt"/>
      <line num="114" count="105" type="stmt"/>
      <line num="115" count="105" type="stmt"/>
      <line num="116" count="105" type="stmt"/>
      <line num="117" count="105" type="stmt"/>
      <line num="118" count="1" type="stmt"/>
      <line num="119" count="105" type="stmt"/>
      <line num="133" count="97" type="stmt"/>
      <line num="134" count="97" type="stmt"/>
      <line num="135" count="97" type="stmt"/>
      <line num="136" count="97" type="stmt"/>
      <line num="138" count="97" type="stmt"/>
      <line num="139" count="255" type="cond" truecount="2" falsecount="0"/>
      <line num="140" count="102" type="stmt"/>
      <line num="141" count="102" type="stmt"/>
      <line num="143" count="97" type="stmt"/>
      <line num="144" count="355" type="cond" truecount="2" falsecount="0"/>
      <line num="145" count="1" type="cond" truecount="1" falsecount="1"/>
      <line num="146" count="355" type="stmt"/>
      <line num="147" count="355" type="stmt"/>
      <line num="149" count="97" type="stmt"/>
      <line num="150" count="253" type="stmt"/>
      <line num="151" count="253" type="stmt"/>
      <line num="154" count="97" type="stmt"/>
      <line num="155" count="265" type="stmt"/>
      <line num="156" count="265" type="stmt"/>
      <line num="157" count="265" type="cond" truecount="2" falsecount="0"/>
      <line num="158" count="13" type="stmt"/>
      <line num="159" count="13" type="stmt"/>
      <line num="160" count="13" type="stmt"/>
      <line num="161" count="13" type="stmt"/>
      <line num="162" count="32" type="cond" truecount="2" falsecount="0"/>
      <line num="163" count="13" type="stmt"/>
      <line num="164" count="13" type="cond" truecount="1" falsecount="1"/>
      <line num="165" count="13" type="cond" truecount="2" falsecount="0"/>
      <line num="166" count="13" type="stmt"/>
      <line num="168" count="252" type="stmt"/>
      <line num="169" count="252" type="cond" truecount="2" falsecount="0"/>
      <line num="170" count="1" type="stmt"/>
      <line num="171" count="1" type="stmt"/>
      <line num="172" count="1" type="stmt"/>
      <line num="173" count="1" type="stmt"/>
      <line num="175" count="251" type="cond" truecount="1" falsecount="1"/>
      <line num="176" count="0" type="stmt"/>
      <line num="177" count="0" type="stmt"/>
      <line num="178" count="0" type="stmt"/>
      <line num="180" count="251" type="stmt"/>
      <line num="181" count="251" type="cond" truecount="1" falsecount="1"/>
      <line num="182" count="0" type="stmt"/>
      <line num="183" count="0" type="stmt"/>
      <line num="184" count="0" type="stmt"/>
      <line num="186" count="251" type="stmt"/>
      <line num="187" count="251" type="stmt"/>
      <line num="188" count="251" type="cond" truecount="4" falsecount="0"/>
      <line num="189" count="2" type="stmt"/>
      <line num="190" count="2" type="stmt"/>
      <line num="191" count="2" type="cond" truecount="3" falsecount="1"/>
      <line num="192" count="2" type="cond" truecount="2" falsecount="0"/>
      <line num="193" count="2" type="cond" truecount="1" falsecount="1"/>
      <line num="194" count="2" type="stmt"/>
      <line num="196" count="249" type="cond" truecount="2" falsecount="0"/>
      <line num="197" count="147" type="stmt"/>
      <line num="198" count="147" type="stmt"/>
      <line num="200" count="102" type="stmt"/>
      <line num="201" count="102" type="stmt"/>
      <line num="203" count="92" type="stmt"/>
      <line num="204" count="92" type="stmt"/>
      <line num="231" count="92" type="stmt"/>
      <line num="254" count="1932" type="stmt"/>
      <line num="264" count="97" type="stmt"/>
      <line num="275" count="92" type="stmt"/>
      <line num="286" count="97" type="stmt"/>
      <line num="287" count="173" type="cond" truecount="2" falsecount="0"/>
      <line num="291" count="97" type="stmt"/>
      <line num="299" count="59" type="stmt"/>
      <line num="400" count="194" type="stmt"/>
      <line num="410" count="70" type="stmt"/>
      <line num="411" count="97" type="stmt"/>
      <line num="415" count="70" type="stmt"/>
      <line num="416" count="70" type="stmt"/>
      <line num="417" count="97" type="stmt"/>
      <line num="418" count="97" type="stmt"/>
      <line num="428" count="184" type="stmt"/>
      <line num="433" count="55" type="stmt"/>
      <line num="438" count="166" type="cond" truecount="3" falsecount="1"/>
      <line num="443" count="59" type="cond" truecount="3" falsecount="0"/>
      <line num="451" count="28" type="cond" truecount="1" falsecount="1"/>
      <line num="452" count="28" type="stmt"/>
      <line num="453" count="22" type="cond" truecount="2" falsecount="0"/>
      <line num="462" count="24" type="stmt"/>
      <line num="463" count="24" type="stmt"/>
      <line num="464" count="24" type="stmt"/>
      <line num="465" count="24" type="stmt"/>
      <line num="466" count="88" type="stmt"/>
      <line num="467" count="88" type="stmt"/>
      <line num="469" count="24" type="stmt"/>
      <line num="484" count="23" type="stmt"/>
      <line num="485" count="23" type="stmt"/>
      <line num="487" count="4" type="stmt"/>
      <line num="488" count="4" type="stmt"/>
      <line num="490" count="19" type="stmt"/>
      <line num="515" count="11" type="stmt"/>
      <line num="516" count="11" type="cond" truecount="1" falsecount="1"/>
      <line num="517" count="11" type="stmt"/>
      <line num="518" count="11" type="stmt"/>
      <line num="519" count="37" type="stmt"/>
      <line num="520" count="37" type="cond" truecount="2" falsecount="0"/>
      <line num="521" count="32" type="cond" truecount="2" falsecount="0"/>
      <line num="523" count="37" type="stmt"/>
      <line num="524" count="10" type="stmt"/>
      <line num="525" count="33" type="cond" truecount="2" falsecount="0"/>
      <line num="527" count="10" type="cond" truecount="3" falsecount="1"/>
    </file>
    <file name="workbook-store.ts" path="/home/sameera/projects/nexus/libs/portable-tools/src/workbook-store.ts">
      <metrics statements="39" coveredstatements="35" conditionals="23" coveredconditionals="17" methods="14" coveredmethods="14"/>
      <line num="26" count="326" type="stmt"/>
      <line num="31" count="153" type="stmt"/>
      <line num="35" count="4" type="stmt"/>
      <line num="38" count="4" type="stmt"/>
      <line num="62" count="39" type="cond" truecount="5" falsecount="1"/>
      <line num="63" count="0" type="stmt"/>
      <line num="65" count="39" type="stmt"/>
      <line num="66" count="39" type="stmt"/>
      <line num="67" count="39" type="stmt"/>
      <line num="68" count="39" type="stmt"/>
      <line num="69" count="39" type="stmt"/>
      <line num="70" count="39" type="stmt"/>
      <line num="85" count="13" type="stmt"/>
      <line num="86" count="13" type="cond" truecount="1" falsecount="1"/>
      <line num="87" count="13" type="stmt"/>
      <line num="89" count="38" type="cond" truecount="2" falsecount="0"/>
      <line num="90" count="17" type="stmt"/>
      <line num="92" count="13" type="stmt"/>
      <line num="97" count="19" type="stmt"/>
      <line num="108" count="17" type="stmt"/>
      <line num="109" count="17" type="cond" truecount="1" falsecount="1"/>
      <line num="110" count="17" type="stmt"/>
      <line num="112" count="32" type="cond" truecount="2" falsecount="0"/>
      <line num="113" count="32" type="stmt"/>
      <line num="115" count="32" type="stmt"/>
      <line num="117" count="17" type="stmt"/>
      <line num="118" count="17" type="cond" truecount="2" falsecount="0"/>
      <line num="120" count="1" type="stmt"/>
      <line num="121" count="1" type="stmt"/>
      <line num="122" count="17" type="cond" truecount="1" falsecount="1"/>
      <line num="123" count="0" type="stmt"/>
      <line num="125" count="2" type="stmt"/>
      <line num="126" count="2" type="stmt"/>
      <line num="127" count="1" type="cond" truecount="1" falsecount="1"/>
      <line num="128" count="0" type="stmt"/>
      <line num="133" count="2" type="stmt"/>
      <line num="134" count="1" type="cond" truecount="1" falsecount="1"/>
      <line num="135" count="0" type="stmt"/>
      <line num="140" count="1" type="stmt"/>
    </file>
    <file name="workbook-widgets.ts" path="/home/sameera/projects/nexus/libs/portable-tools/src/workbook-widgets.ts">
      <metrics statements="27" coveredstatements="26" conditionals="20" coveredconditionals="16" methods="7" coveredmethods="7"/>
      <line num="29" count="4" type="stmt"/>
      <line num="32" count="4" type="stmt"/>
      <line num="58" count="4" type="stmt"/>
      <line num="64" count="5" type="stmt"/>
      <line num="65" count="5" type="stmt"/>
      <line num="66" count="5" type="stmt"/>
      <line num="67" count="5" type="stmt"/>
      <line num="74" count="11" type="stmt"/>
      <line num="75" count="11" type="stmt"/>
      <line num="77" count="0" type="cond" truecount="0" falsecount="2"/>
      <line num="79" count="11" type="cond" truecount="1" falsecount="1"/>
      <line num="80" count="11" type="stmt"/>
      <line num="81" count="11" type="cond" truecount="4" falsecount="0"/>
      <line num="82" count="1" type="stmt"/>
      <line num="84" count="10" type="stmt"/>
      <line num="85" count="10" type="stmt"/>
      <line num="96" count="6" type="stmt"/>
      <line num="114" count="97" type="stmt"/>
      <line num="115" count="13" type="cond" truecount="2" falsecount="0"/>
      <line num="116" count="11" type="stmt"/>
      <line num="117" count="11" type="stmt"/>
      <line num="118" count="11" type="cond" truecount="2" falsecount="0"/>
      <line num="119" count="4" type="stmt"/>
      <line num="120" count="4" type="stmt"/>
      <line num="128" count="6" type="stmt"/>
      <line num="142" count="56" type="stmt"/>
      <line num="163" count="59" type="stmt"/>
    </file>
  </project>
</coverage>
