{"/home/sameera/projects/nexus/libs/portable-tools/src/handoffs.ts": {"path":"/home/sameera/projects/nexus/libs/portable-tools/src/handoffs.ts","statementMap":{"0":{"start":{"line":30,"column":13},"end":{"line":30,"column":null}},"1":{"start":{"line":55,"column":43},"end":{"line":55,"column":null}},"2":{"start":{"line":56,"column":4},"end":{"line":56,"column":null}},"3":{"start":{"line":61,"column":33},"end":{"line":61,"column":null}},"4":{"start":{"line":62,"column":4},"end":{"line":62,"column":null}},"5":{"start":{"line":62,"column":40},"end":{"line":62,"column":null}},"6":{"start":{"line":63,"column":4},"end":{"line":70,"column":null}},"7":{"start":{"line":78,"column":4},"end":{"line":80,"column":null}},"8":{"start":{"line":79,"column":8},"end":{"line":79,"column":null}},"9":{"start":{"line":81,"column":10},"end":{"line":81,"column":null}},"10":{"start":{"line":82,"column":23},"end":{"line":82,"column":null}},"11":{"start":{"line":84,"column":8},"end":{"line":88,"column":null}},"12":{"start":{"line":89,"column":4},"end":{"line":89,"column":null}},"13":{"start":{"line":90,"column":4},"end":{"line":90,"column":null}},"14":{"start":{"line":95,"column":32},"end":{"line":95,"column":null}},"15":{"start":{"line":96,"column":4},"end":{"line":101,"column":null}},"16":{"start":{"line":97,"column":14},"end":{"line":97,"column":null}},"17":{"start":{"line":98,"column":8},"end":{"line":98,"column":null}},"18":{"start":{"line":98,"column":27},"end":{"line":98,"column":null}},"19":{"start":{"line":99,"column":39},"end":{"line":99,"column":null}},"20":{"start":{"line":100,"column":8},"end":{"line":100,"column":null}},"21":{"start":{"line":100,"column":29},"end":{"line":100,"column":null}},"22":{"start":{"line":102,"column":4},"end":{"line":102,"column":null}},"23":{"start":{"line":107,"column":4},"end":{"line":107,"column":null}},"24":{"start":{"line":107,"column":47},"end":{"line":107,"column":68}},"25":{"start":{"line":119,"column":25},"end":{"line":119,"column":null}},"26":{"start":{"line":120,"column":4},"end":{"line":120,"column":null}},"27":{"start":{"line":120,"column":30},"end":{"line":120,"column":null}},"28":{"start":{"line":121,"column":10},"end":{"line":121,"column":null}},"29":{"start":{"line":122,"column":4},"end":{"line":124,"column":null}},"30":{"start":{"line":123,"column":8},"end":{"line":123,"column":null}},"31":{"start":{"line":125,"column":4},"end":{"line":125,"column":null}},"32":{"start":{"line":126,"column":4},"end":{"line":126,"column":null}},"33":{"start":{"line":142,"column":10},"end":{"line":142,"column":null}},"34":{"start":{"line":143,"column":35},"end":{"line":145,"column":null}},"35":{"start":{"line":144,"column":15},"end":{"line":144,"column":null}},"36":{"start":{"line":146,"column":4},"end":{"line":150,"column":null}}},"fnMap":{"0":{"name":"fieldOf","decl":{"start":{"line":54,"column":9},"end":{"line":54,"column":17}},"loc":{"start":{"line":54,"column":60},"end":{"line":57,"column":null}},"line":54},"1":{"name":"parseHandoff","decl":{"start":{"line":60,"column":9},"end":{"line":60,"column":22}},"loc":{"start":{"line":60,"column":64},"end":{"line":71,"column":null}},"line":60},"2":{"name":"recordHandoff","decl":{"start":{"line":77,"column":16},"end":{"line":77,"column":30}},"loc":{"start":{"line":77,"column":107},"end":{"line":91,"column":null}},"line":77},"3":{"name":"allHandoffs","decl":{"start":{"line":94,"column":16},"end":{"line":94,"column":28}},"loc":{"start":{"line":94,"column":57},"end":{"line":103,"column":null}},"line":94},"4":{"name":"outstandingHandoffs","decl":{"start":{"line":106,"column":16},"end":{"line":106,"column":36}},"loc":{"start":{"line":106,"column":65},"end":{"line":108,"column":null}},"line":106},"5":{"name":"(anonymous_5)","decl":{"start":{"line":107,"column":33},"end":{"line":107,"column":41}},"loc":{"start":{"line":107,"column":47},"end":{"line":107,"column":68}},"line":107},"6":{"name":"resolveHandoff","decl":{"start":{"line":118,"column":16},"end":{"line":118,"column":31}},"loc":{"start":{"line":118,"column":119},"end":{"line":127,"column":null}},"line":118},"7":{"name":"startWorkbookSession","decl":{"start":{"line":141,"column":16},"end":{"line":141,"column":37}},"loc":{"start":{"line":141,"column":86},"end":{"line":151,"column":null}},"line":141},"8":{"name":"(anonymous_8)","decl":{"start":{"line":143,"column":65},"end":{"line":143,"column":null}},"loc":{"start":{"line":144,"column":15},"end":{"line":144,"column":null}},"line":144}},"branchMap":{"0":{"loc":{"start":{"line":56,"column":11},"end":{"line":56,"column":null}},"type":"cond-expr","locations":[{"start":{"line":56,"column":28},"end":{"line":56,"column":35}},{"start":{"line":56,"column":35},"end":{"line":56,"column":null}}],"line":56},"1":{"loc":{"start":{"line":62,"column":4},"end":{"line":62,"column":null}},"type":"if","locations":[{"start":{"line":62,"column":4},"end":{"line":62,"column":null}},{"start":{},"end":{}}],"line":62},"2":{"loc":{"start":{"line":62,"column":8},"end":{"line":62,"column":40}},"type":"binary-expr","locations":[{"start":{"line":62,"column":8},"end":{"line":62,"column":26}},{"start":{"line":62,"column":26},"end":{"line":62,"column":40}}],"line":62},"3":{"loc":{"start":{"line":66,"column":18},"end":{"line":66,"column":null}},"type":"binary-expr","locations":[{"start":{"line":66,"column":18},"end":{"line":66,"column":47}},{"start":{"line":66,"column":47},"end":{"line":66,"column":null}}],"line":66},"4":{"loc":{"start":{"line":67,"column":20},"end":{"line":67,"column":null}},"type":"binary-expr","locations":[{"start":{"line":67,"column":20},"end":{"line":67,"column":49}},{"start":{"line":67,"column":49},"end":{"line":67,"column":null}}],"line":67},"5":{"loc":{"start":{"line":68,"column":14},"end":{"line":68,"column":null}},"type":"binary-expr","locations":[{"start":{"line":68,"column":14},"end":{"line":68,"column":39}},{"start":{"line":68,"column":39},"end":{"line":68,"column":null}}],"line":68},"6":{"loc":{"start":{"line":77,"column":69},"end":{"line":77,"column":107}},"type":"default-arg","locations":[{"start":{"line":77,"column":83},"end":{"line":77,"column":107}}],"line":77},"7":{"loc":{"start":{"line":78,"column":4},"end":{"line":80,"column":null}},"type":"if","locations":[{"start":{"line":78,"column":4},"end":{"line":80,"column":null}},{"start":{},"end":{}}],"line":78},"8":{"loc":{"start":{"line":88,"column":19},"end":{"line":88,"column":36}},"type":"binary-expr","locations":[{"start":{"line":88,"column":19},"end":{"line":88,"column":33}},{"start":{"line":88,"column":33},"end":{"line":88,"column":36}}],"line":88},"9":{"loc":{"start":{"line":98,"column":8},"end":{"line":98,"column":null}},"type":"if","locations":[{"start":{"line":98,"column":8},"end":{"line":98,"column":null}},{"start":{},"end":{}}],"line":98},"10":{"loc":{"start":{"line":100,"column":8},"end":{"line":100,"column":null}},"type":"if","locations":[{"start":{"line":100,"column":8},"end":{"line":100,"column":null}},{"start":{},"end":{}}],"line":100},"11":{"loc":{"start":{"line":118,"column":81},"end":{"line":118,"column":119}},"type":"default-arg","locations":[{"start":{"line":118,"column":95},"end":{"line":118,"column":119}}],"line":118},"12":{"loc":{"start":{"line":120,"column":4},"end":{"line":120,"column":null}},"type":"if","locations":[{"start":{"line":120,"column":4},"end":{"line":120,"column":null}},{"start":{},"end":{}}],"line":120},"13":{"loc":{"start":{"line":122,"column":4},"end":{"line":124,"column":null}},"type":"if","locations":[{"start":{"line":122,"column":4},"end":{"line":124,"column":null}},{"start":{},"end":{}}],"line":122},"14":{"loc":{"start":{"line":122,"column":8},"end":{"line":122,"column":65}},"type":"binary-expr","locations":[{"start":{"line":122,"column":8},"end":{"line":122,"column":27}},{"start":{"line":122,"column":27},"end":{"line":122,"column":65}}],"line":122},"15":{"loc":{"start":{"line":144,"column":15},"end":{"line":144,"column":null}},"type":"binary-expr","locations":[{"start":{"line":144,"column":15},"end":{"line":144,"column":36}},{"start":{"line":144,"column":36},"end":{"line":144,"column":null}}],"line":144},"16":{"loc":{"start":{"line":149,"column":18},"end":{"line":149,"column":null}},"type":"cond-expr","locations":[{"start":{"line":149,"column":45},"end":{"line":149,"column":52}},{"start":{"line":149,"column":52},"end":{"line":149,"column":null}}],"line":149}},"s":{"0":2,"1":247,"2":247,"3":48,"4":48,"5":0,"6":48,"7":18,"8":1,"9":17,"10":17,"11":17,"12":18,"13":18,"14":15,"15":15,"16":25,"17":25,"18":0,"19":25,"20":25,"21":25,"22":15,"23":13,"24":21,"25":8,"26":8,"27":1,"28":7,"29":7,"30":1,"31":6,"32":6,"33":11,"34":11,"35":15,"36":11},"f":{"0":247,"1":48,"2":18,"3":15,"4":13,"5":21,"6":8,"7":11,"8":15},"b":{"0":[42,205],"1":[0,48],"2":[48,48],"3":[48,0],"4":[48,0],"5":[48,0],"6":[18],"7":[1,17],"8":[17,14],"9":[0,25],"10":[25,0],"11":[8],"12":[1,7],"13":[1,6],"14":[7,7],"15":[15,15],"16":[3,8]},"meta":{"lastBranch":17,"lastFunction":9,"lastStatement":37,"seen":{"s:30:13:30:Infinity":0,"f:54:9:54:17":0,"s:55:43:55:Infinity":1,"s:56:4:56:Infinity":2,"b:56:28:56:35:56:35:56:Infinity":0,"f:60:9:60:22":1,"s:61:33:61:Infinity":3,"b:62:4:62:Infinity:undefined:undefined:undefined:undefined":1,"s:62:4:62:Infinity":4,"b:62:8:62:26:62:26:62:40":2,"s:62:40:62:Infinity":5,"s:63:4:70:Infinity":6,"b:66:18:66:47:66:47:66:Infinity":3,"b:67:20:67:49:67:49:67:Infinity":4,"b:68:14:68:39:68:39:68:Infinity":5,"f:77:16:77:30":2,"b:77:83:77:107":6,"b:78:4:80:Infinity:undefined:undefined:undefined:undefined":7,"s:78:4:80:Infinity":7,"s:79:8:79:Infinity":8,"s:81:10:81:Infinity":9,"s:82:23:82:Infinity":10,"s:84:8:88:Infinity":11,"b:88:19:88:33:88:33:88:36":8,"s:89:4:89:Infinity":12,"s:90:4:90:Infinity":13,"f:94:16:94:28":3,"s:95:32:95:Infinity":14,"s:96:4:101:Infinity":15,"s:97:14:97:Infinity":16,"b:98:8:98:Infinity:undefined:undefined:undefined:undefined":9,"s:98:8:98:Infinity":17,"s:98:27:98:Infinity":18,"s:99:39:99:Infinity":19,"b:100:8:100:Infinity:undefined:undefined:undefined:undefined":10,"s:100:8:100:Infinity":20,"s:100:29:100:Infinity":21,"s:102:4:102:Infinity":22,"f:106:16:106:36":4,"s:107:4:107:Infinity":23,"f:107:33:107:41":5,"s:107:47:107:68":24,"f:118:16:118:31":6,"b:118:95:118:119":11,"s:119:25:119:Infinity":25,"b:120:4:120:Infinity:undefined:undefined:undefined:undefined":12,"s:120:4:120:Infinity":26,"s:120:30:120:Infinity":27,"s:121:10:121:Infinity":28,"b:122:4:124:Infinity:undefined:undefined:undefined:undefined":13,"s:122:4:124:Infinity":29,"b:122:8:122:27:122:27:122:65":14,"s:123:8:123:Infinity":30,"s:125:4:125:Infinity":31,"s:126:4:126:Infinity":32,"f:141:16:141:37":7,"s:142:10:142:Infinity":33,"s:143:35:145:Infinity":34,"f:143:65:143:Infinity":8,"s:144:15:144:Infinity":35,"b:144:15:144:36:144:36:144:Infinity":15,"s:146:4:150:Infinity":36,"b:149:45:149:52:149:52:149:Infinity":16},"fnNames":{}}}
,"/home/sameera/projects/nexus/libs/portable-tools/src/learner-store.ts": {"path":"/home/sameera/projects/nexus/libs/portable-tools/src/learner-store.ts","statementMap":{"0":{"start":{"line":28,"column":39},"end":{"line":28,"column":null}},"1":{"start":{"line":31,"column":36},"end":{"line":31,"column":null}},"2":{"start":{"line":34,"column":43},"end":{"line":34,"column":null}},"3":{"start":{"line":40,"column":55},"end":{"line":46,"column":null}},"4":{"start":{"line":52,"column":4},"end":{"line":52,"column":null}},"5":{"start":{"line":57,"column":4},"end":{"line":57,"column":null}},"6":{"start":{"line":62,"column":24},"end":{"line":62,"column":null}},"7":{"start":{"line":63,"column":4},"end":{"line":63,"column":null}},"8":{"start":{"line":72,"column":4},"end":{"line":72,"column":null}},"9":{"start":{"line":82,"column":4},"end":{"line":82,"column":null}},"10":{"start":{"line":82,"column":47},"end":{"line":82,"column":null}},"11":{"start":{"line":83,"column":25},"end":{"line":83,"column":null}},"12":{"start":{"line":84,"column":29},"end":{"line":84,"column":null}},"13":{"start":{"line":85,"column":30},"end":{"line":85,"column":null}},"14":{"start":{"line":87,"column":8},"end":{"line":88,"column":null}},"15":{"start":{"line":89,"column":4},"end":{"line":89,"column":null}},"16":{"start":{"line":90,"column":4},"end":{"line":90,"column":null}},"17":{"start":{"line":97,"column":8},"end":{"line":101,"column":null}},"18":{"start":{"line":102,"column":8},"end":{"line":102,"column":null}},"19":{"start":{"line":103,"column":8},"end":{"line":103,"column":null}},"20":{"start":{"line":118,"column":27},"end":{"line":118,"column":null}},"21":{"start":{"line":119,"column":4},"end":{"line":119,"column":null}},"22":{"start":{"line":119,"column":48},"end":{"line":119,"column":null}},"23":{"start":{"line":120,"column":4},"end":{"line":120,"column":null}},"24":{"start":{"line":121,"column":4},"end":{"line":121,"column":null}},"25":{"start":{"line":122,"column":4},"end":{"line":122,"column":null}},"26":{"start":{"line":137,"column":27},"end":{"line":137,"column":null}},"27":{"start":{"line":138,"column":4},"end":{"line":138,"column":null}},"28":{"start":{"line":138,"column":48},"end":{"line":138,"column":null}},"29":{"start":{"line":139,"column":4},"end":{"line":139,"column":null}},"30":{"start":{"line":140,"column":4},"end":{"line":140,"column":null}},"31":{"start":{"line":141,"column":4},"end":{"line":141,"column":null}},"32":{"start":{"line":146,"column":27},"end":{"line":146,"column":null}},"33":{"start":{"line":147,"column":4},"end":{"line":147,"column":null}},"34":{"start":{"line":152,"column":24},"end":{"line":152,"column":null}},"35":{"start":{"line":153,"column":4},"end":{"line":153,"column":null}},"36":{"start":{"line":153,"column":29},"end":{"line":153,"column":null}},"37":{"start":{"line":154,"column":4},"end":{"line":154,"column":null}}},"fnMap":{"0":{"name":"learnerFolder","decl":{"start":{"line":51,"column":16},"end":{"line":51,"column":30}},"loc":{"start":{"line":51,"column":56},"end":{"line":53,"column":null}},"line":51},"1":{"name":"learnerRecordDir","decl":{"start":{"line":56,"column":16},"end":{"line":56,"column":33}},"loc":{"start":{"line":56,"column":84},"end":{"line":58,"column":null}},"line":56},"2":{"name":"isIgnoredByGit","decl":{"start":{"line":61,"column":16},"end":{"line":61,"column":31}},"loc":{"start":{"line":61,"column":103},"end":{"line":64,"column":null}},"line":61},"3":{"name":"isLearnerFolderIgnored","decl":{"start":{"line":71,"column":16},"end":{"line":71,"column":39}},"loc":{"start":{"line":71,"column":95},"end":{"line":73,"column":null}},"line":71},"4":{"name":"ensureLearnerIgnored","decl":{"start":{"line":81,"column":16},"end":{"line":81,"column":37}},"loc":{"start":{"line":81,"column":104},"end":{"line":91,"column":null}},"line":81},"5":{"name":"constructor","decl":{"start":{"line":96,"column":4},"end":{"line":96,"column":16}},"loc":{"start":{"line":96,"column":32},"end":{"line":104,"column":null}},"line":96},"6":{"name":"writeLearnerRecord","decl":{"start":{"line":111,"column":16},"end":{"line":111,"column":null}},"loc":{"start":{"line":117,"column":10},"end":{"line":123,"column":null}},"line":117},"7":{"name":"appendLearnerRecord","decl":{"start":{"line":130,"column":16},"end":{"line":130,"column":null}},"loc":{"start":{"line":136,"column":10},"end":{"line":142,"column":null}},"line":136},"8":{"name":"readLearnerRecord","decl":{"start":{"line":145,"column":16},"end":{"line":145,"column":34}},"loc":{"start":{"line":145,"column":106},"end":{"line":148,"column":null}},"line":145},"9":{"name":"listLearnerRecords","decl":{"start":{"line":151,"column":16},"end":{"line":151,"column":35}},"loc":{"start":{"line":151,"column":88},"end":{"line":155,"column":null}},"line":151}},"branchMap":{"0":{"loc":{"start":{"line":61,"column":65},"end":{"line":61,"column":103}},"type":"default-arg","locations":[{"start":{"line":61,"column":79},"end":{"line":61,"column":103}}],"line":61},"1":{"loc":{"start":{"line":71,"column":57},"end":{"line":71,"column":95}},"type":"default-arg","locations":[{"start":{"line":71,"column":71},"end":{"line":71,"column":95}}],"line":71},"2":{"loc":{"start":{"line":81,"column":55},"end":{"line":81,"column":104}},"type":"default-arg","locations":[{"start":{"line":81,"column":69},"end":{"line":81,"column":104}}],"line":81},"3":{"loc":{"start":{"line":82,"column":4},"end":{"line":82,"column":null}},"type":"if","locations":[{"start":{"line":82,"column":4},"end":{"line":82,"column":null}},{"start":{},"end":{}}],"line":82},"4":{"loc":{"start":{"line":84,"column":29},"end":{"line":84,"column":null}},"type":"cond-expr","locations":[{"start":{"line":84,"column":51},"end":{"line":84,"column":83}},{"start":{"line":84,"column":83},"end":{"line":84,"column":null}}],"line":84},"5":{"loc":{"start":{"line":85,"column":30},"end":{"line":85,"column":null}},"type":"cond-expr","locations":[{"start":{"line":85,"column":75},"end":{"line":85,"column":80}},{"start":{"line":85,"column":80},"end":{"line":85,"column":null}}],"line":85},"6":{"loc":{"start":{"line":85,"column":30},"end":{"line":85,"column":75}},"type":"binary-expr","locations":[{"start":{"line":85,"column":30},"end":{"line":85,"column":49}},{"start":{"line":85,"column":49},"end":{"line":85,"column":75}}],"line":85},"7":{"loc":{"start":{"line":116,"column":4},"end":{"line":116,"column":null}},"type":"default-arg","locations":[{"start":{"line":116,"column":18},"end":{"line":116,"column":null}}],"line":116},"8":{"loc":{"start":{"line":119,"column":4},"end":{"line":119,"column":null}},"type":"if","locations":[{"start":{"line":119,"column":4},"end":{"line":119,"column":null}},{"start":{},"end":{}}],"line":119},"9":{"loc":{"start":{"line":135,"column":4},"end":{"line":135,"column":null}},"type":"default-arg","locations":[{"start":{"line":135,"column":18},"end":{"line":135,"column":null}}],"line":135},"10":{"loc":{"start":{"line":138,"column":4},"end":{"line":138,"column":null}},"type":"if","locations":[{"start":{"line":138,"column":4},"end":{"line":138,"column":null}},{"start":{},"end":{}}],"line":138},"11":{"loc":{"start":{"line":147,"column":11},"end":{"line":147,"column":null}},"type":"cond-expr","locations":[{"start":{"line":147,"column":35},"end":{"line":147,"column":69}},{"start":{"line":147,"column":69},"end":{"line":147,"column":null}}],"line":147},"12":{"loc":{"start":{"line":153,"column":4},"end":{"line":153,"column":null}},"type":"if","locations":[{"start":{"line":153,"column":4},"end":{"line":153,"column":null}},{"start":{},"end":{}}],"line":153}},"s":{"0":4,"1":4,"2":4,"3":4,"4":172,"5":122,"6":85,"7":85,"8":44,"9":41,"10":4,"11":37,"12":37,"13":41,"14":41,"15":41,"16":41,"17":5,"18":5,"19":5,"20":33,"21":33,"22":3,"23":30,"24":30,"25":30,"26":8,"27":8,"28":2,"29":6,"30":6,"31":6,"32":36,"33":36,"34":33,"35":33,"36":14,"37":19},"f":{"0":172,"1":122,"2":85,"3":44,"4":41,"5":5,"6":33,"7":8,"8":36,"9":33},"b":{"0":[85],"1":[44],"2":[41],"3":[4,37],"4":[36,1],"5":[37,0],"6":[41,21],"7":[33],"8":[3,30],"9":[8],"10":[2,6],"11":[35,1],"12":[14,19]},"meta":{"lastBranch":13,"lastFunction":10,"lastStatement":38,"seen":{"s:28:39:28:Infinity":0,"s:31:36:31:Infinity":1,"s:34:43:34:Infinity":2,"s:40:55:46:Infinity":3,"f:51:16:51:30":0,"s:52:4:52:Infinity":4,"f:56:16:56:33":1,"s:57:4:57:Infinity":5,"f:61:16:61:31":2,"b:61:79:61:103":0,"s:62:24:62:Infinity":6,"s:63:4:63:Infinity":7,"f:71:16:71:39":3,"b:71:71:71:95":1,"s:72:4:72:Infinity":8,"f:81:16:81:37":4,"b:81:69:81:104":2,"b:82:4:82:Infinity:undefined:undefined:undefined:undefined":3,"s:82:4:82:Infinity":9,"s:82:47:82:Infinity":10,"s:83:25:83:Infinity":11,"s:84:29:84:Infinity":12,"b:84:51:84:83:84:83:84:Infinity":4,"s:85:30:85:Infinity":13,"b:85:75:85:80:85:80:85:Infinity":5,"b:85:30:85:49:85:49:85:75":6,"s:87:8:88:Infinity":14,"s:89:4:89:Infinity":15,"s:90:4:90:Infinity":16,"f:96:4:96:16":5,"s:97:8:101:Infinity":17,"s:102:8:102:Infinity":18,"s:103:8:103:Infinity":19,"f:111:16:111:Infinity":6,"b:116:18:116:Infinity":7,"s:118:27:118:Infinity":20,"b:119:4:119:Infinity:undefined:undefined:undefined:undefined":8,"s:119:4:119:Infinity":21,"s:119:48:119:Infinity":22,"s:120:4:120:Infinity":23,"s:121:4:121:Infinity":24,"s:122:4:122:Infinity":25,"f:130:16:130:Infinity":7,"b:135:18:135:Infinity":9,"s:137:27:137:Infinity":26,"b:138:4:138:Infinity:undefined:undefined:undefined:undefined":10,"s:138:4:138:Infinity":27,"s:138:48:138:Infinity":28,"s:139:4:139:Infinity":29,"s:140:4:140:Infinity":30,"s:141:4:141:Infinity":31,"f:145:16:145:34":8,"s:146:27:146:Infinity":32,"s:147:4:147:Infinity":33,"b:147:35:147:69:147:69:147:Infinity":11,"f:151:16:151:35":9,"s:152:24:152:Infinity":34,"b:153:4:153:Infinity:undefined:undefined:undefined:undefined":12,"s:153:4:153:Infinity":35,"s:153:29:153:Infinity":36,"s:154:4:154:Infinity":37},"fnNames":{}}}
,"/home/sameera/projects/nexus/libs/portable-tools/src/workbook-cli.ts": {"path":"/home/sameera/projects/nexus/libs/portable-tools/src/workbook-cli.ts","statementMap":{"0":{"start":{"line":27,"column":52},"end":{"line":27,"column":null}},"1":{"start":{"line":47,"column":18},"end":{"line":47,"column":null}},"2":{"start":{"line":48,"column":25},"end":{"line":48,"column":null}},"3":{"start":{"line":49,"column":4},"end":{"line":58,"column":null}},"4":{"start":{"line":49,"column":17},"end":{"line":49,"column":20}},"5":{"start":{"line":50,"column":30},"end":{"line":50,"column":null}},"6":{"start":{"line":51,"column":8},"end":{"line":57,"column":null}},"7":{"start":{"line":51,"column":32},"end":{"line":51,"column":null}},"8":{"start":{"line":52,"column":13},"end":{"line":57,"column":null}},"9":{"start":{"line":52,"column":38},"end":{"line":52,"column":null}},"10":{"start":{"line":53,"column":13},"end":{"line":57,"column":null}},"11":{"start":{"line":53,"column":37},"end":{"line":53,"column":null}},"12":{"start":{"line":54,"column":13},"end":{"line":57,"column":null}},"13":{"start":{"line":55,"column":12},"end":{"line":55,"column":null}},"14":{"start":{"line":56,"column":12},"end":{"line":56,"column":null}},"15":{"start":{"line":57,"column":15},"end":{"line":57,"column":null}},"16":{"start":{"line":59,"column":4},"end":{"line":59,"column":null}},"17":{"start":{"line":62,"column":22},"end":{"line":70,"column":null}},"18":{"start":{"line":74,"column":4},"end":{"line":74,"column":null}},"19":{"start":{"line":82,"column":10},"end":{"line":82,"column":null}},"20":{"start":{"line":83,"column":4},"end":{"line":86,"column":null}},"21":{"start":{"line":84,"column":8},"end":{"line":84,"column":null}},"22":{"start":{"line":85,"column":8},"end":{"line":85,"column":null}},"23":{"start":{"line":87,"column":4},"end":{"line":87,"column":null}},"24":{"start":{"line":91,"column":62},"end":{"line":95,"column":null}},"25":{"start":{"line":104,"column":10},"end":{"line":104,"column":null}},"26":{"start":{"line":105,"column":4},"end":{"line":108,"column":null}},"27":{"start":{"line":106,"column":8},"end":{"line":106,"column":null}},"28":{"start":{"line":107,"column":8},"end":{"line":107,"column":null}},"29":{"start":{"line":109,"column":4},"end":{"line":109,"column":null}},"30":{"start":{"line":110,"column":4},"end":{"line":110,"column":null}},"31":{"start":{"line":110,"column":41},"end":{"line":110,"column":null}},"32":{"start":{"line":111,"column":4},"end":{"line":111,"column":null}},"33":{"start":{"line":112,"column":4},"end":{"line":112,"column":null}},"34":{"start":{"line":116,"column":25},"end":{"line":116,"column":null}},"35":{"start":{"line":117,"column":4},"end":{"line":117,"column":null}},"36":{"start":{"line":121,"column":27},"end":{"line":121,"column":null}},"37":{"start":{"line":122,"column":4},"end":{"line":125,"column":null}},"38":{"start":{"line":123,"column":8},"end":{"line":123,"column":null}},"39":{"start":{"line":124,"column":8},"end":{"line":124,"column":null}},"40":{"start":{"line":126,"column":25},"end":{"line":126,"column":null}},"41":{"start":{"line":127,"column":4},"end":{"line":130,"column":null}},"42":{"start":{"line":128,"column":8},"end":{"line":128,"column":null}},"43":{"start":{"line":129,"column":8},"end":{"line":129,"column":null}},"44":{"start":{"line":131,"column":37},"end":{"line":131,"column":null}},"45":{"start":{"line":132,"column":4},"end":{"line":135,"column":null}},"46":{"start":{"line":133,"column":8},"end":{"line":133,"column":null}},"47":{"start":{"line":134,"column":8},"end":{"line":134,"column":null}},"48":{"start":{"line":136,"column":36},"end":{"line":136,"column":null}},"49":{"start":{"line":137,"column":4},"end":{"line":137,"column":null}},"50":{"start":{"line":137,"column":27},"end":{"line":137,"column":null}},"51":{"start":{"line":139,"column":4},"end":{"line":207,"column":null}},"52":{"start":{"line":140,"column":8},"end":{"line":148,"column":null}},"53":{"start":{"line":141,"column":18},"end":{"line":141,"column":null}},"54":{"start":{"line":142,"column":12},"end":{"line":146,"column":null}},"55":{"start":{"line":147,"column":12},"end":{"line":147,"column":null}},"56":{"start":{"line":150,"column":8},"end":{"line":162,"column":null}},"57":{"start":{"line":151,"column":18},"end":{"line":151,"column":null}},"58":{"start":{"line":152,"column":12},"end":{"line":155,"column":null}},"59":{"start":{"line":153,"column":16},"end":{"line":153,"column":null}},"60":{"start":{"line":154,"column":16},"end":{"line":154,"column":null}},"61":{"start":{"line":156,"column":12},"end":{"line":156,"column":null}},"62":{"start":{"line":156,"column":33},"end":{"line":156,"column":null}},"63":{"start":{"line":157,"column":18},"end":{"line":157,"column":null}},"64":{"start":{"line":158,"column":12},"end":{"line":158,"column":null}},"65":{"start":{"line":159,"column":12},"end":{"line":159,"column":null}},"66":{"start":{"line":159,"column":40},"end":{"line":159,"column":null}},"67":{"start":{"line":160,"column":12},"end":{"line":160,"column":null}},"68":{"start":{"line":160,"column":90},"end":{"line":160,"column":109}},"69":{"start":{"line":161,"column":12},"end":{"line":161,"column":null}},"70":{"start":{"line":164,"column":8},"end":{"line":178,"column":null}},"71":{"start":{"line":165,"column":18},"end":{"line":165,"column":null}},"72":{"start":{"line":166,"column":12},"end":{"line":169,"column":null}},"73":{"start":{"line":167,"column":16},"end":{"line":167,"column":null}},"74":{"start":{"line":168,"column":16},"end":{"line":168,"column":null}},"75":{"start":{"line":170,"column":12},"end":{"line":173,"column":null}},"76":{"start":{"line":171,"column":16},"end":{"line":171,"column":null}},"77":{"start":{"line":172,"column":16},"end":{"line":172,"column":null}},"78":{"start":{"line":174,"column":12},"end":{"line":174,"column":null}},"79":{"start":{"line":175,"column":12},"end":{"line":175,"column":null}},"80":{"start":{"line":176,"column":12},"end":{"line":176,"column":null}},"81":{"start":{"line":176,"column":55},"end":{"line":176,"column":null}},"82":{"start":{"line":177,"column":12},"end":{"line":177,"column":null}},"83":{"start":{"line":180,"column":8},"end":{"line":192,"column":null}},"84":{"start":{"line":181,"column":12},"end":{"line":184,"column":null}},"85":{"start":{"line":182,"column":16},"end":{"line":182,"column":null}},"86":{"start":{"line":183,"column":16},"end":{"line":183,"column":null}},"87":{"start":{"line":185,"column":18},"end":{"line":189,"column":null}},"88":{"start":{"line":190,"column":12},"end":{"line":190,"column":null}},"89":{"start":{"line":191,"column":12},"end":{"line":191,"column":null}},"90":{"start":{"line":195,"column":39},"end":{"line":195,"column":null}},"91":{"start":{"line":196,"column":8},"end":{"line":199,"column":null}},"92":{"start":{"line":197,"column":12},"end":{"line":197,"column":null}},"93":{"start":{"line":198,"column":12},"end":{"line":198,"column":null}},"94":{"start":{"line":200,"column":14},"end":{"line":200,"column":null}},"95":{"start":{"line":201,"column":14},"end":{"line":201,"column":null}},"96":{"start":{"line":201,"column":76},"end":{"line":201,"column":116}},"97":{"start":{"line":202,"column":8},"end":{"line":202,"column":null}},"98":{"start":{"line":203,"column":8},"end":{"line":203,"column":null}},"99":{"start":{"line":205,"column":8},"end":{"line":205,"column":null}},"100":{"start":{"line":206,"column":8},"end":{"line":206,"column":null}}},"fnMap":{"0":{"name":"parseFlags","decl":{"start":{"line":46,"column":9},"end":{"line":46,"column":20}},"loc":{"start":{"line":46,"column":56},"end":{"line":60,"column":null}},"line":46},"1":{"name":"messageOf","decl":{"start":{"line":73,"column":9},"end":{"line":73,"column":19}},"loc":{"start":{"line":73,"column":43},"end":{"line":75,"column":null}},"line":73},"2":{"name":"repoRootFor","decl":{"start":{"line":81,"column":9},"end":{"line":81,"column":21}},"loc":{"start":{"line":81,"column":69},"end":{"line":88,"column":null}},"line":81},"3":{"name":"reportDrift","decl":{"start":{"line":103,"column":9},"end":{"line":103,"column":21}},"loc":{"start":{"line":103,"column":114},"end":{"line":113,"column":null}},"line":103},"4":{"name":"describeHandoff","decl":{"start":{"line":115,"column":9},"end":{"line":115,"column":25}},"loc":{"start":{"line":115,"column":51},"end":{"line":118,"column":null}},"line":115},"5":{"name":"runWorkbookCli","decl":{"start":{"line":120,"column":16},"end":{"line":120,"column":31}},"loc":{"start":{"line":120,"column":103},"end":{"line":208,"column":null}},"line":120},"6":{"name":"(anonymous_6)","decl":{"start":{"line":160,"column":78},"end":{"line":160,"column":84}},"loc":{"start":{"line":160,"column":90},"end":{"line":160,"column":109}},"line":160},"7":{"name":"(anonymous_7)","decl":{"start":{"line":201,"column":62},"end":{"line":201,"column":70}},"loc":{"start":{"line":201,"column":76},"end":{"line":201,"column":116}},"line":201}},"branchMap":{"0":{"loc":{"start":{"line":51,"column":8},"end":{"line":57,"column":null}},"type":"if","locations":[{"start":{"line":51,"column":8},"end":{"line":57,"column":null}},{"start":{"line":52,"column":13},"end":{"line":57,"column":null}}],"line":51},"1":{"loc":{"start":{"line":52,"column":13},"end":{"line":57,"column":null}},"type":"if","locations":[{"start":{"line":52,"column":13},"end":{"line":57,"column":null}},{"start":{"line":53,"column":13},"end":{"line":57,"column":null}}],"line":52},"2":{"loc":{"start":{"line":53,"column":13},"end":{"line":57,"column":null}},"type":"if","locations":[{"start":{"line":53,"column":13},"end":{"line":57,"column":null}},{"start":{"line":54,"column":13},"end":{"line":57,"column":null}}],"line":53},"3":{"loc":{"start":{"line":54,"column":13},"end":{"line":57,"column":null}},"type":"if","locations":[{"start":{"line":54,"column":13},"end":{"line":57,"column":null}},{"start":{"line":57,"column":15},"end":{"line":57,"column":null}}],"line":54},"4":{"loc":{"start":{"line":74,"column":11},"end":{"line":74,"column":null}},"type":"cond-expr","locations":[{"start":{"line":74,"column":36},"end":{"line":74,"column":52}},{"start":{"line":74,"column":52},"end":{"line":74,"column":null}}],"line":74},"5":{"loc":{"start":{"line":83,"column":4},"end":{"line":86,"column":null}},"type":"if","locations":[{"start":{"line":83,"column":4},"end":{"line":86,"column":null}},{"start":{},"end":{}}],"line":83},"6":{"loc":{"start":{"line":105,"column":4},"end":{"line":108,"column":null}},"type":"if","locations":[{"start":{"line":105,"column":4},"end":{"line":108,"column":null}},{"start":{},"end":{}}],"line":105},"7":{"loc":{"start":{"line":109,"column":37},"end":{"line":109,"column":67}},"type":"cond-expr","locations":[{"start":{"line":109,"column":58},"end":{"line":109,"column":63}},{"start":{"line":109,"column":63},"end":{"line":109,"column":67}}],"line":109},"8":{"loc":{"start":{"line":116,"column":25},"end":{"line":116,"column":null}},"type":"cond-expr","locations":[{"start":{"line":116,"column":47},"end":{"line":116,"column":52}},{"start":{"line":116,"column":52},"end":{"line":116,"column":null}}],"line":116},"9":{"loc":{"start":{"line":120,"column":66},"end":{"line":120,"column":103}},"type":"default-arg","locations":[{"start":{"line":120,"column":80},"end":{"line":120,"column":103}}],"line":120},"10":{"loc":{"start":{"line":122,"column":4},"end":{"line":125,"column":null}},"type":"if","locations":[{"start":{"line":122,"column":4},"end":{"line":125,"column":null}},{"start":{},"end":{}}],"line":122},"11":{"loc":{"start":{"line":122,"column":8},"end":{"line":122,"column":63}},"type":"binary-expr","locations":[{"start":{"line":122,"column":8},"end":{"line":122,"column":29}},{"start":{"line":122,"column":29},"end":{"line":122,"column":63}}],"line":122},"12":{"loc":{"start":{"line":123,"column":18},"end":{"line":123,"column":95}},"type":"cond-expr","locations":[{"start":{"line":123,"column":38},"end":{"line":123,"column":46}},{"start":{"line":123,"column":46},"end":{"line":123,"column":95}}],"line":123},"13":{"loc":{"start":{"line":127,"column":4},"end":{"line":130,"column":null}},"type":"if","locations":[{"start":{"line":127,"column":4},"end":{"line":130,"column":null}},{"start":{},"end":{}}],"line":127},"14":{"loc":{"start":{"line":132,"column":4},"end":{"line":135,"column":null}},"type":"if","locations":[{"start":{"line":132,"column":4},"end":{"line":135,"column":null}},{"start":{},"end":{}}],"line":132},"15":{"loc":{"start":{"line":137,"column":4},"end":{"line":137,"column":null}},"type":"if","locations":[{"start":{"line":137,"column":4},"end":{"line":137,"column":null}},{"start":{},"end":{}}],"line":137},"16":{"loc":{"start":{"line":140,"column":8},"end":{"line":148,"column":null}},"type":"if","locations":[{"start":{"line":140,"column":8},"end":{"line":148,"column":null}},{"start":{},"end":{}}],"line":140},"17":{"loc":{"start":{"line":143,"column":16},"end":{"line":145,"column":null}},"type":"cond-expr","locations":[{"start":{"line":144,"column":22},"end":{"line":144,"column":null}},{"start":{"line":145,"column":22},"end":{"line":145,"column":null}}],"line":143},"18":{"loc":{"start":{"line":150,"column":8},"end":{"line":162,"column":null}},"type":"if","locations":[{"start":{"line":150,"column":8},"end":{"line":162,"column":null}},{"start":{},"end":{}}],"line":150},"19":{"loc":{"start":{"line":150,"column":12},"end":{"line":150,"column":49}},"type":"binary-expr","locations":[{"start":{"line":150,"column":12},"end":{"line":150,"column":32}},{"start":{"line":150,"column":32},"end":{"line":150,"column":49}}],"line":150},"20":{"loc":{"start":{"line":152,"column":12},"end":{"line":155,"column":null}},"type":"if","locations":[{"start":{"line":152,"column":12},"end":{"line":155,"column":null}},{"start":{},"end":{}}],"line":152},"21":{"loc":{"start":{"line":156,"column":12},"end":{"line":156,"column":null}},"type":"if","locations":[{"start":{"line":156,"column":12},"end":{"line":156,"column":null}},{"start":{},"end":{}}],"line":156},"22":{"loc":{"start":{"line":158,"column":58},"end":{"line":158,"column":90}},"type":"cond-expr","locations":[{"start":{"line":158,"column":81},"end":{"line":158,"column":86}},{"start":{"line":158,"column":86},"end":{"line":158,"column":90}}],"line":158},"23":{"loc":{"start":{"line":160,"column":70},"end":{"line":160,"column":116}},"type":"binary-expr","locations":[{"start":{"line":160,"column":70},"end":{"line":160,"column":114}},{"start":{"line":160,"column":114},"end":{"line":160,"column":116}}],"line":160},"24":{"loc":{"start":{"line":164,"column":8},"end":{"line":178,"column":null}},"type":"if","locations":[{"start":{"line":164,"column":8},"end":{"line":178,"column":null}},{"start":{},"end":{}}],"line":164},"25":{"loc":{"start":{"line":166,"column":12},"end":{"line":169,"column":null}},"type":"if","locations":[{"start":{"line":166,"column":12},"end":{"line":169,"column":null}},{"start":{},"end":{}}],"line":166},"26":{"loc":{"start":{"line":170,"column":12},"end":{"line":173,"column":null}},"type":"if","locations":[{"start":{"line":170,"column":12},"end":{"line":173,"column":null}},{"start":{},"end":{}}],"line":170},"27":{"loc":{"start":{"line":180,"column":8},"end":{"line":192,"column":null}},"type":"if","locations":[{"start":{"line":180,"column":8},"end":{"line":192,"column":null}},{"start":{},"end":{}}],"line":180},"28":{"loc":{"start":{"line":181,"column":12},"end":{"line":184,"column":null}},"type":"if","locations":[{"start":{"line":181,"column":12},"end":{"line":184,"column":null}},{"start":{},"end":{}}],"line":181},"29":{"loc":{"start":{"line":181,"column":16},"end":{"line":181,"column":72}},"type":"binary-expr","locations":[{"start":{"line":181,"column":16},"end":{"line":181,"column":45}},{"start":{"line":181,"column":45},"end":{"line":181,"column":72}}],"line":181},"30":{"loc":{"start":{"line":196,"column":8},"end":{"line":199,"column":null}},"type":"if","locations":[{"start":{"line":196,"column":8},"end":{"line":199,"column":null}},{"start":{},"end":{}}],"line":196},"31":{"loc":{"start":{"line":201,"column":76},"end":{"line":201,"column":116}},"type":"binary-expr","locations":[{"start":{"line":201,"column":76},"end":{"line":201,"column":97}},{"start":{"line":201,"column":97},"end":{"line":201,"column":116}}],"line":201},"32":{"loc":{"start":{"line":202,"column":94},"end":{"line":202,"column":123}},"type":"cond-expr","locations":[{"start":{"line":202,"column":114},"end":{"line":202,"column":119}},{"start":{"line":202,"column":119},"end":{"line":202,"column":123}}],"line":202}},"s":{"0":1,"1":44,"2":44,"3":44,"4":44,"5":49,"6":49,"7":0,"8":49,"9":3,"10":46,"11":1,"12":45,"13":1,"14":1,"15":44,"16":43,"17":1,"18":1,"19":42,"20":42,"21":0,"22":0,"23":42,"24":1,"25":4,"26":4,"27":1,"28":1,"29":3,"30":4,"31":5,"32":3,"33":3,"34":4,"35":4,"36":45,"37":45,"38":1,"39":1,"40":44,"41":44,"42":1,"43":1,"44":43,"45":43,"46":1,"47":1,"48":42,"49":42,"50":0,"51":42,"52":42,"53":15,"54":15,"55":15,"56":27,"57":17,"58":17,"59":2,"60":2,"61":15,"62":15,"63":11,"64":11,"65":17,"66":40,"67":10,"68":10,"69":17,"70":10,"71":5,"72":5,"73":1,"74":1,"75":4,"76":1,"77":1,"78":3,"79":3,"80":3,"81":4,"82":3,"83":5,"84":4,"85":1,"86":1,"87":3,"88":3,"89":3,"90":1,"91":1,"92":0,"93":0,"94":1,"95":1,"96":1,"97":1,"98":45,"99":1,"100":1},"f":{"0":44,"1":1,"2":42,"3":4,"4":4,"5":45,"6":10,"7":1},"b":{"0":[0,49],"1":[3,46],"2":[1,45],"3":[1,44],"4":[1,0],"5":[0,42],"6":[1,3],"7":[2,1],"8":[3,1],"9":[45],"10":[1,44],"11":[45,45],"12":[0,1],"13":[1,43],"14":[1,42],"15":[0,42],"16":[15,27],"17":[15,0],"18":[17,10],"19":[27,15],"20":[2,15],"21":[4,11],"22":[0,10],"23":[10,0],"24":[5,5],"25":[1,4],"26":[1,3],"27":[4,1],"28":[1,3],"29":[4,3],"30":[0,1],"31":[1,1],"32":[1,0]},"meta":{"lastBranch":33,"lastFunction":8,"lastStatement":101,"seen":{"s:27:52:27:Infinity":0,"f:46:9:46:20":0,"s:47:18:47:Infinity":1,"s:48:25:48:Infinity":2,"s:49:4:58:Infinity":3,"s:49:17:49:20":4,"s:50:30:50:Infinity":5,"b:51:8:57:Infinity:52:13:57:Infinity":0,"s:51:8:57:Infinity":6,"s:51:32:51:Infinity":7,"b:52:13:57:Infinity:53:13:57:Infinity":1,"s:52:13:57:Infinity":8,"s:52:38:52:Infinity":9,"b:53:13:57:Infinity:54:13:57:Infinity":2,"s:53:13:57:Infinity":10,"s:53:37:53:Infinity":11,"b:54:13:57:Infinity:57:15:57:Infinity":3,"s:54:13:57:Infinity":12,"s:55:12:55:Infinity":13,"s:56:12:56:Infinity":14,"s:57:15:57:Infinity":15,"s:59:4:59:Infinity":16,"s:62:22:70:Infinity":17,"f:73:9:73:19":1,"s:74:4:74:Infinity":18,"b:74:36:74:52:74:52:74:Infinity":4,"f:81:9:81:21":2,"s:82:10:82:Infinity":19,"b:83:4:86:Infinity:undefined:undefined:undefined:undefined":5,"s:83:4:86:Infinity":20,"s:84:8:84:Infinity":21,"s:85:8:85:Infinity":22,"s:87:4:87:Infinity":23,"s:91:62:95:Infinity":24,"f:103:9:103:21":3,"s:104:10:104:Infinity":25,"b:105:4:108:Infinity:undefined:undefined:undefined:undefined":6,"s:105:4:108:Infinity":26,"s:106:8:106:Infinity":27,"s:107:8:107:Infinity":28,"s:109:4:109:Infinity":29,"b:109:58:109:63:109:63:109:67":7,"s:110:4:110:Infinity":30,"s:110:41:110:Infinity":31,"s:111:4:111:Infinity":32,"s:112:4:112:Infinity":33,"f:115:9:115:25":4,"s:116:25:116:Infinity":34,"b:116:47:116:52:116:52:116:Infinity":8,"s:117:4:117:Infinity":35,"f:120:16:120:31":5,"b:120:80:120:103":9,"s:121:27:121:Infinity":36,"b:122:4:125:Infinity:undefined:undefined:undefined:undefined":10,"s:122:4:125:Infinity":37,"b:122:8:122:29:122:29:122:63":11,"s:123:8:123:Infinity":38,"b:123:38:123:46:123:46:123:95":12,"s:124:8:124:Infinity":39,"s:126:25:126:Infinity":40,"b:127:4:130:Infinity:undefined:undefined:undefined:undefined":13,"s:127:4:130:Infinity":41,"s:128:8:128:Infinity":42,"s:129:8:129:Infinity":43,"s:131:37:131:Infinity":44,"b:132:4:135:Infinity:undefined:undefined:undefined:undefined":14,"s:132:4:135:Infinity":45,"s:133:8:133:Infinity":46,"s:134:8:134:Infinity":47,"s:136:36:136:Infinity":48,"b:137:4:137:Infinity:undefined:undefined:undefined:undefined":15,"s:137:4:137:Infinity":49,"s:137:27:137:Infinity":50,"s:139:4:207:Infinity":51,"b:140:8:148:Infinity:undefined:undefined:undefined:undefined":16,"s:140:8:148:Infinity":52,"s:141:18:141:Infinity":53,"s:142:12:146:Infinity":54,"b:144:22:144:Infinity:145:22:145:Infinity":17,"s:147:12:147:Infinity":55,"b:150:8:162:Infinity:undefined:undefined:undefined:undefined":18,"s:150:8:162:Infinity":56,"b:150:12:150:32:150:32:150:49":19,"s:151:18:151:Infinity":57,"b:152:12:155:Infinity:undefined:undefined:undefined:undefined":20,"s:152:12:155:Infinity":58,"s:153:16:153:Infinity":59,"s:154:16:154:Infinity":60,"b:156:12:156:Infinity:undefined:undefined:undefined:undefined":21,"s:156:12:156:Infinity":61,"s:156:33:156:Infinity":62,"s:157:18:157:Infinity":63,"s:158:12:158:Infinity":64,"b:158:81:158:86:158:86:158:90":22,"s:159:12:159:Infinity":65,"s:159:40:159:Infinity":66,"s:160:12:160:Infinity":67,"b:160:70:160:114:160:114:160:116":23,"f:160:78:160:84":6,"s:160:90:160:109":68,"s:161:12:161:Infinity":69,"b:164:8:178:Infinity:undefined:undefined:undefined:undefined":24,"s:164:8:178:Infinity":70,"s:165:18:165:Infinity":71,"b:166:12:169:Infinity:undefined:undefined:undefined:undefined":25,"s:166:12:169:Infinity":72,"s:167:16:167:Infinity":73,"s:168:16:168:Infinity":74,"b:170:12:173:Infinity:undefined:undefined:undefined:undefined":26,"s:170:12:173:Infinity":75,"s:171:16:171:Infinity":76,"s:172:16:172:Infinity":77,"s:174:12:174:Infinity":78,"s:175:12:175:Infinity":79,"s:176:12:176:Infinity":80,"s:176:55:176:Infinity":81,"s:177:12:177:Infinity":82,"b:180:8:192:Infinity:undefined:undefined:undefined:undefined":27,"s:180:8:192:Infinity":83,"b:181:12:184:Infinity:undefined:undefined:undefined:undefined":28,"s:181:12:184:Infinity":84,"b:181:16:181:45:181:45:181:72":29,"s:182:16:182:Infinity":85,"s:183:16:183:Infinity":86,"s:185:18:189:Infinity":87,"s:190:12:190:Infinity":88,"s:191:12:191:Infinity":89,"s:195:39:195:Infinity":90,"b:196:8:199:Infinity:undefined:undefined:undefined:undefined":30,"s:196:8:199:Infinity":91,"s:197:12:197:Infinity":92,"s:198:12:198:Infinity":93,"s:200:14:200:Infinity":94,"s:201:14:201:Infinity":95,"f:201:62:201:70":7,"s:201:76:201:116":96,"b:201:76:201:97:201:97:201:116":31,"s:202:8:202:Infinity":97,"b:202:114:202:119:202:119:202:123":32,"s:203:8:203:Infinity":98,"s:205:8:205:Infinity":99,"s:206:8:206:Infinity":100},"fnNames":{}}}
,"/home/sameera/projects/nexus/libs/portable-tools/src/workbook-page-fixtures.ts": {"path":"/home/sameera/projects/nexus/libs/portable-tools/src/workbook-page-fixtures.ts","statementMap":{"0":{"start":{"line":76,"column":4},"end":{"line":76,"column":null}},"1":{"start":{"line":80,"column":4},"end":{"line":80,"column":null}},"2":{"start":{"line":80,"column":33},"end":{"line":80,"column":63}},"3":{"start":{"line":85,"column":4},"end":{"line":87,"column":null}},"4":{"start":{"line":85,"column":36},"end":{"line":85,"column":45}},"5":{"start":{"line":86,"column":8},"end":{"line":86,"column":null}},"6":{"start":{"line":86,"column":41},"end":{"line":86,"column":null}},"7":{"start":{"line":88,"column":4},"end":{"line":88,"column":null}},"8":{"start":{"line":93,"column":26},"end":{"line":93,"column":null}},"9":{"start":{"line":95,"column":38},"end":{"line":103,"column":null}},"10":{"start":{"line":96,"column":42},"end":{"line":96,"column":null}},"11":{"start":{"line":97,"column":41},"end":{"line":97,"column":null}},"12":{"start":{"line":98,"column":8},"end":{"line":102,"column":null}},"13":{"start":{"line":105,"column":30},"end":{"line":105,"column":null}},"14":{"start":{"line":106,"column":4},"end":{"line":108,"column":null}},"15":{"start":{"line":107,"column":8},"end":{"line":107,"column":null}},"16":{"start":{"line":107,"column":36},"end":{"line":107,"column":null}},"17":{"start":{"line":110,"column":36},"end":{"line":110,"column":null}},"18":{"start":{"line":111,"column":40},"end":{"line":111,"column":null}},"19":{"start":{"line":113,"column":34},"end":{"line":113,"column":null}},"20":{"start":{"line":113,"column":97},"end":{"line":113,"column":125}},"21":{"start":{"line":114,"column":34},"end":{"line":117,"column":null}},"22":{"start":{"line":114,"column":87},"end":{"line":117,"column":6}},"23":{"start":{"line":118,"column":29},"end":{"line":122,"column":null}},"24":{"start":{"line":120,"column":30},"end":{"line":120,"column":35}},"25":{"start":{"line":121,"column":86},"end":{"line":121,"column":113}},"26":{"start":{"line":124,"column":31},"end":{"line":124,"column":null}},"27":{"start":{"line":125,"column":31},"end":{"line":125,"column":null}},"28":{"start":{"line":126,"column":4},"end":{"line":128,"column":null}},"29":{"start":{"line":126,"column":20},"end":{"line":126,"column":39}},"30":{"start":{"line":127,"column":8},"end":{"line":127,"column":null}},"31":{"start":{"line":129,"column":27},"end":{"line":129,"column":null}},"32":{"start":{"line":129,"column":84},"end":{"line":129,"column":103}},"33":{"start":{"line":130,"column":31},"end":{"line":130,"column":null}},"34":{"start":{"line":130,"column":77},"end":{"line":130,"column":88}},"35":{"start":{"line":132,"column":34},"end":{"line":132,"column":null}},"36":{"start":{"line":133,"column":33},"end":{"line":133,"column":null}},"37":{"start":{"line":137,"column":26},"end":{"line":137,"column":null}},"38":{"start":{"line":138,"column":36},"end":{"line":140,"column":null}},"39":{"start":{"line":142,"column":4},"end":{"line":162,"column":null}},"40":{"start":{"line":148,"column":64},"end":{"line":151,"column":10}},"41":{"start":{"line":181,"column":31},"end":{"line":181,"column":null}},"42":{"start":{"line":182,"column":4},"end":{"line":209,"column":null}},"43":{"start":{"line":182,"column":18},"end":{"line":182,"column":47}},"44":{"start":{"line":183,"column":20},"end":{"line":183,"column":null}},"45":{"start":{"line":184,"column":20},"end":{"line":184,"column":null}},"46":{"start":{"line":185,"column":18},"end":{"line":185,"column":null}},"47":{"start":{"line":186,"column":8},"end":{"line":197,"column":null}},"48":{"start":{"line":186,"column":21},"end":{"line":186,"column":43}},"49":{"start":{"line":187,"column":12},"end":{"line":196,"column":null}},"50":{"start":{"line":188,"column":16},"end":{"line":188,"column":null}},"51":{"start":{"line":189,"column":16},"end":{"line":189,"column":null}},"52":{"start":{"line":189,"column":33},"end":{"line":189,"column":null}},"53":{"start":{"line":190,"column":19},"end":{"line":196,"column":null}},"54":{"start":{"line":191,"column":16},"end":{"line":191,"column":null}},"55":{"start":{"line":192,"column":16},"end":{"line":195,"column":null}},"56":{"start":{"line":193,"column":20},"end":{"line":193,"column":null}},"57":{"start":{"line":194,"column":20},"end":{"line":194,"column":null}},"58":{"start":{"line":198,"column":8},"end":{"line":198,"column":null}},"59":{"start":{"line":198,"column":40},"end":{"line":198,"column":null}},"60":{"start":{"line":199,"column":30},"end":{"line":199,"column":null}},"61":{"start":{"line":200,"column":8},"end":{"line":208,"column":null}},"62":{"start":{"line":201,"column":57},"end":{"line":201,"column":null}},"63":{"start":{"line":202,"column":12},"end":{"line":206,"column":null}},"64":{"start":{"line":203,"column":45},"end":{"line":203,"column":null}},"65":{"start":{"line":204,"column":16},"end":{"line":204,"column":null}},"66":{"start":{"line":204,"column":40},"end":{"line":204,"column":null}},"67":{"start":{"line":205,"column":16},"end":{"line":205,"column":null}},"68":{"start":{"line":207,"column":12},"end":{"line":207,"column":null}},"69":{"start":{"line":207,"column":67},"end":{"line":207,"column":75}},"70":{"start":{"line":207,"column":91},"end":{"line":207,"column":99}},"71":{"start":{"line":210,"column":4},"end":{"line":210,"column":null}},"72":{"start":{"line":218,"column":26},"end":{"line":218,"column":null}},"73":{"start":{"line":219,"column":31},"end":{"line":219,"column":null}},"74":{"start":{"line":221,"column":10},"end":{"line":232,"column":null}},"75":{"start":{"line":222,"column":37},"end":{"line":222,"column":null}},"76":{"start":{"line":223,"column":8},"end":{"line":229,"column":null}},"77":{"start":{"line":224,"column":12},"end":{"line":228,"column":null}},"78":{"start":{"line":225,"column":16},"end":{"line":227,"column":null}},"79":{"start":{"line":226,"column":20},"end":{"line":226,"column":null}},"80":{"start":{"line":230,"column":8},"end":{"line":230,"column":null}},"81":{"start":{"line":230,"column":30},"end":{"line":230,"column":null}},"82":{"start":{"line":231,"column":8},"end":{"line":231,"column":null}},"83":{"start":{"line":234,"column":10},"end":{"line":239,"column":null}},"84":{"start":{"line":235,"column":8},"end":{"line":237,"column":null}},"85":{"start":{"line":235,"column":40},"end":{"line":235,"column":49}},"86":{"start":{"line":236,"column":12},"end":{"line":236,"column":null}},"87":{"start":{"line":236,"column":44},"end":{"line":236,"column":null}},"88":{"start":{"line":238,"column":8},"end":{"line":238,"column":null}},"89":{"start":{"line":241,"column":44},"end":{"line":241,"column":null}},"90":{"start":{"line":242,"column":4},"end":{"line":247,"column":null}},"91":{"start":{"line":243,"column":8},"end":{"line":243,"column":null}},"92":{"start":{"line":243,"column":40},"end":{"line":243,"column":84}},"93":{"start":{"line":243,"column":87},"end":{"line":243,"column":null}},"94":{"start":{"line":244,"column":8},"end":{"line":246,"column":null}},"95":{"start":{"line":245,"column":12},"end":{"line":245,"column":null}},"96":{"start":{"line":245,"column":43},"end":{"line":245,"column":null}},"97":{"start":{"line":249,"column":4},"end":{"line":262,"column":null}},"98":{"start":{"line":251,"column":12},"end":{"line":258,"column":null}},"99":{"start":{"line":252,"column":16},"end":{"line":252,"column":null}},"100":{"start":{"line":252,"column":85},"end":{"line":252,"column":null}},"101":{"start":{"line":253,"column":16},"end":{"line":257,"column":null}},"102":{"start":{"line":254,"column":20},"end":{"line":254,"column":null}},"103":{"start":{"line":254,"column":42},"end":{"line":254,"column":null}},"104":{"start":{"line":255,"column":23},"end":{"line":257,"column":null}},"105":{"start":{"line":255,"column":62},"end":{"line":255,"column":119}},"106":{"start":{"line":256,"column":20},"end":{"line":256,"column":null}},"107":{"start":{"line":256,"column":42},"end":{"line":256,"column":null}},"108":{"start":{"line":259,"column":12},"end":{"line":259,"column":null}}},"fnMap":{"0":{"name":"normalise","decl":{"start":{"line":75,"column":9},"end":{"line":75,"column":19}},"loc":{"start":{"line":75,"column":41},"end":{"line":77,"column":null}},"line":75},"1":{"name":"textOf","decl":{"start":{"line":79,"column":9},"end":{"line":79,"column":16}},"loc":{"start":{"line":79,"column":52},"end":{"line":81,"column":null}},"line":79},"2":{"name":"(anonymous_2)","decl":{"start":{"line":80,"column":22},"end":{"line":80,"column":27}},"loc":{"start":{"line":80,"column":33},"end":{"line":80,"column":63}},"line":80},"3":{"name":"hiddenAtRest","decl":{"start":{"line":84,"column":9},"end":{"line":84,"column":22}},"loc":{"start":{"line":84,"column":56},"end":{"line":89,"column":null}},"line":84},"4":{"name":"readPage","decl":{"start":{"line":92,"column":16},"end":{"line":92,"column":25}},"loc":{"start":{"line":92,"column":49},"end":{"line":163,"column":null}},"line":92},"5":{"name":"(anonymous_5)","decl":{"start":{"line":95,"column":89},"end":{"line":95,"column":94}},"loc":{"start":{"line":95,"column":106},"end":{"line":103,"column":5}},"line":95},"6":{"name":"(anonymous_6)","decl":{"start":{"line":113,"column":86},"end":{"line":113,"column":91}},"loc":{"start":{"line":113,"column":97},"end":{"line":113,"column":125}},"line":113},"7":{"name":"(anonymous_7)","decl":{"start":{"line":114,"column":75},"end":{"line":114,"column":80}},"loc":{"start":{"line":114,"column":87},"end":{"line":117,"column":6}},"line":114},"8":{"name":"(anonymous_8)","decl":{"start":{"line":120,"column":19},"end":{"line":120,"column":24}},"loc":{"start":{"line":120,"column":30},"end":{"line":120,"column":35}},"line":120},"9":{"name":"(anonymous_9)","decl":{"start":{"line":121,"column":75},"end":{"line":121,"column":80}},"loc":{"start":{"line":121,"column":86},"end":{"line":121,"column":113}},"line":121},"10":{"name":"(anonymous_10)","decl":{"start":{"line":129,"column":73},"end":{"line":129,"column":78}},"loc":{"start":{"line":129,"column":84},"end":{"line":129,"column":103}},"line":129},"11":{"name":"(anonymous_11)","decl":{"start":{"line":130,"column":60},"end":{"line":130,"column":68}},"loc":{"start":{"line":130,"column":77},"end":{"line":130,"column":88}},"line":130},"12":{"name":"(anonymous_12)","decl":{"start":{"line":148,"column":52},"end":{"line":148,"column":57}},"loc":{"start":{"line":148,"column":64},"end":{"line":151,"column":10}},"line":148},"13":{"name":"printRules","decl":{"start":{"line":180,"column":9},"end":{"line":180,"column":20}},"loc":{"start":{"line":180,"column":46},"end":{"line":211,"column":null}},"line":180},"14":{"name":"(anonymous_14)","decl":{"start":{"line":207,"column":56},"end":{"line":207,"column":61}},"loc":{"start":{"line":207,"column":67},"end":{"line":207,"column":75}},"line":207},"15":{"name":"(anonymous_15)","decl":{"start":{"line":207,"column":77},"end":{"line":207,"column":85}},"loc":{"start":{"line":207,"column":91},"end":{"line":207,"column":99}},"line":207},"16":{"name":"printPage","decl":{"start":{"line":217,"column":16},"end":{"line":217,"column":26}},"loc":{"start":{"line":217,"column":66},"end":{"line":263,"column":null}},"line":217},"17":{"name":"(anonymous_17)","decl":{"start":{"line":221,"column":10},"end":{"line":221,"column":23}},"loc":{"start":{"line":221,"column":52},"end":{"line":232,"column":null}},"line":221},"18":{"name":"(anonymous_18)","decl":{"start":{"line":234,"column":10},"end":{"line":234,"column":21}},"loc":{"start":{"line":234,"column":51},"end":{"line":239,"column":null}},"line":234},"19":{"name":"(anonymous_19)","decl":{"start":{"line":243,"column":28},"end":{"line":243,"column":34}},"loc":{"start":{"line":243,"column":40},"end":{"line":243,"column":84}},"line":243},"20":{"name":"shows","decl":{"start":{"line":250,"column":8},"end":{"line":250,"column":14}},"loc":{"start":{"line":250,"column":37},"end":{"line":260,"column":null}},"line":250},"21":{"name":"(anonymous_21)","decl":{"start":{"line":255,"column":49},"end":{"line":255,"column":56}},"loc":{"start":{"line":255,"column":62},"end":{"line":255,"column":119}},"line":255}},"branchMap":{"0":{"loc":{"start":{"line":80,"column":43},"end":{"line":80,"column":62}},"type":"binary-expr","locations":[{"start":{"line":80,"column":43},"end":{"line":80,"column":60}},{"start":{"line":80,"column":60},"end":{"line":80,"column":62}}],"line":80},"1":{"loc":{"start":{"line":86,"column":8},"end":{"line":86,"column":null}},"type":"if","locations":[{"start":{"line":86,"column":8},"end":{"line":86,"column":null}},{"start":{},"end":{}}],"line":86},"2":{"loc":{"start":{"line":97,"column":41},"end":{"line":97,"column":null}},"type":"binary-expr","locations":[{"start":{"line":97,"column":41},"end":{"line":97,"column":96}},{"start":{"line":97,"column":96},"end":{"line":97,"column":null}}],"line":97},"3":{"loc":{"start":{"line":99,"column":29},"end":{"line":99,"column":54}},"type":"binary-expr","locations":[{"start":{"line":99,"column":29},"end":{"line":99,"column":52}},{"start":{"line":99,"column":52},"end":{"line":99,"column":54}}],"line":99},"4":{"loc":{"start":{"line":101,"column":31},"end":{"line":101,"column":58}},"type":"binary-expr","locations":[{"start":{"line":101,"column":31},"end":{"line":101,"column":56}},{"start":{"line":101,"column":56},"end":{"line":101,"column":58}}],"line":101},"5":{"loc":{"start":{"line":107,"column":8},"end":{"line":107,"column":null}},"type":"if","locations":[{"start":{"line":107,"column":8},"end":{"line":107,"column":null}},{"start":{},"end":{}}],"line":107},"6":{"loc":{"start":{"line":107,"column":59},"end":{"line":107,"column":84}},"type":"binary-expr","locations":[{"start":{"line":107,"column":59},"end":{"line":107,"column":82}},{"start":{"line":107,"column":82},"end":{"line":107,"column":84}}],"line":107},"7":{"loc":{"start":{"line":111,"column":40},"end":{"line":111,"column":null}},"type":"cond-expr","locations":[{"start":{"line":111,"column":59},"end":{"line":111,"column":66}},{"start":{"line":111,"column":66},"end":{"line":111,"column":null}}],"line":111},"8":{"loc":{"start":{"line":113,"column":97},"end":{"line":113,"column":125}},"type":"binary-expr","locations":[{"start":{"line":113,"column":97},"end":{"line":113,"column":123}},{"start":{"line":113,"column":123},"end":{"line":113,"column":125}}],"line":113},"9":{"loc":{"start":{"line":115,"column":13},"end":{"line":115,"column":null}},"type":"binary-expr","locations":[{"start":{"line":115,"column":13},"end":{"line":115,"column":38}},{"start":{"line":115,"column":38},"end":{"line":115,"column":null}}],"line":115},"10":{"loc":{"start":{"line":121,"column":86},"end":{"line":121,"column":113}},"type":"binary-expr","locations":[{"start":{"line":121,"column":86},"end":{"line":121,"column":111}},{"start":{"line":121,"column":111},"end":{"line":121,"column":113}}],"line":121},"11":{"loc":{"start":{"line":127,"column":32},"end":{"line":127,"column":54}},"type":"binary-expr","locations":[{"start":{"line":127,"column":32},"end":{"line":127,"column":52}},{"start":{"line":127,"column":52},"end":{"line":127,"column":54}}],"line":127},"12":{"loc":{"start":{"line":129,"column":84},"end":{"line":129,"column":103}},"type":"binary-expr","locations":[{"start":{"line":129,"column":84},"end":{"line":129,"column":101}},{"start":{"line":129,"column":101},"end":{"line":129,"column":103}}],"line":129},"13":{"loc":{"start":{"line":133,"column":33},"end":{"line":133,"column":null}},"type":"cond-expr","locations":[{"start":{"line":133,"column":56},"end":{"line":133,"column":63}},{"start":{"line":133,"column":63},"end":{"line":133,"column":null}}],"line":133},"14":{"loc":{"start":{"line":144,"column":24},"end":{"line":144,"column":50}},"type":"binary-expr","locations":[{"start":{"line":144,"column":24},"end":{"line":144,"column":48}},{"start":{"line":144,"column":48},"end":{"line":144,"column":50}}],"line":144},"15":{"loc":{"start":{"line":149,"column":29},"end":{"line":149,"column":48}},"type":"binary-expr","locations":[{"start":{"line":149,"column":29},"end":{"line":149,"column":46}},{"start":{"line":149,"column":46},"end":{"line":149,"column":48}}],"line":149},"16":{"loc":{"start":{"line":150,"column":18},"end":{"line":150,"column":null}},"type":"binary-expr","locations":[{"start":{"line":150,"column":18},"end":{"line":150,"column":44}},{"start":{"line":150,"column":44},"end":{"line":150,"column":null}}],"line":150},"17":{"loc":{"start":{"line":186,"column":43},"end":{"line":186,"column":71}},"type":"binary-expr","locations":[{"start":{"line":186,"column":43},"end":{"line":186,"column":61}},{"start":{"line":186,"column":61},"end":{"line":186,"column":71}}],"line":186},"18":{"loc":{"start":{"line":187,"column":12},"end":{"line":196,"column":null}},"type":"if","locations":[{"start":{"line":187,"column":12},"end":{"line":196,"column":null}},{"start":{"line":190,"column":19},"end":{"line":196,"column":null}}],"line":187},"19":{"loc":{"start":{"line":189,"column":16},"end":{"line":189,"column":null}},"type":"if","locations":[{"start":{"line":189,"column":16},"end":{"line":189,"column":null}},{"start":{},"end":{}}],"line":189},"20":{"loc":{"start":{"line":190,"column":19},"end":{"line":196,"column":null}},"type":"if","locations":[{"start":{"line":190,"column":19},"end":{"line":196,"column":null}},{"start":{},"end":{}}],"line":190},"21":{"loc":{"start":{"line":192,"column":16},"end":{"line":195,"column":null}},"type":"if","locations":[{"start":{"line":192,"column":16},"end":{"line":195,"column":null}},{"start":{},"end":{}}],"line":192},"22":{"loc":{"start":{"line":198,"column":8},"end":{"line":198,"column":null}},"type":"if","locations":[{"start":{"line":198,"column":8},"end":{"line":198,"column":null}},{"start":{},"end":{}}],"line":198},"23":{"loc":{"start":{"line":198,"column":12},"end":{"line":198,"column":40}},"type":"binary-expr","locations":[{"start":{"line":198,"column":12},"end":{"line":198,"column":28}},{"start":{"line":198,"column":28},"end":{"line":198,"column":40}}],"line":198},"24":{"loc":{"start":{"line":204,"column":16},"end":{"line":204,"column":null}},"type":"if","locations":[{"start":{"line":204,"column":16},"end":{"line":204,"column":null}},{"start":{},"end":{}}],"line":204},"25":{"loc":{"start":{"line":225,"column":16},"end":{"line":227,"column":null}},"type":"if","locations":[{"start":{"line":225,"column":16},"end":{"line":227,"column":null}},{"start":{},"end":{}}],"line":225},"26":{"loc":{"start":{"line":225,"column":20},"end":{"line":225,"column":93}},"type":"binary-expr","locations":[{"start":{"line":225,"column":20},"end":{"line":225,"column":66}},{"start":{"line":225,"column":66},"end":{"line":225,"column":93}}],"line":225},"27":{"loc":{"start":{"line":230,"column":8},"end":{"line":230,"column":null}},"type":"if","locations":[{"start":{"line":230,"column":8},"end":{"line":230,"column":null}},{"start":{},"end":{}}],"line":230},"28":{"loc":{"start":{"line":231,"column":15},"end":{"line":231,"column":null}},"type":"cond-expr","locations":[{"start":{"line":231,"column":48},"end":{"line":231,"column":57}},{"start":{"line":231,"column":57},"end":{"line":231,"column":null}}],"line":231},"29":{"loc":{"start":{"line":236,"column":12},"end":{"line":236,"column":null}},"type":"if","locations":[{"start":{"line":236,"column":12},"end":{"line":236,"column":null}},{"start":{},"end":{}}],"line":236},"30":{"loc":{"start":{"line":243,"column":8},"end":{"line":243,"column":null}},"type":"if","locations":[{"start":{"line":243,"column":8},"end":{"line":243,"column":null}},{"start":{},"end":{}}],"line":243},"31":{"loc":{"start":{"line":243,"column":40},"end":{"line":243,"column":84}},"type":"binary-expr","locations":[{"start":{"line":243,"column":40},"end":{"line":243,"column":57}},{"start":{"line":243,"column":57},"end":{"line":243,"column":84}}],"line":243},"32":{"loc":{"start":{"line":245,"column":12},"end":{"line":245,"column":null}},"type":"if","locations":[{"start":{"line":245,"column":12},"end":{"line":245,"column":null}},{"start":{},"end":{}}],"line":245},"33":{"loc":{"start":{"line":252,"column":16},"end":{"line":252,"column":null}},"type":"if","locations":[{"start":{"line":252,"column":16},"end":{"line":252,"column":null}},{"start":{},"end":{}}],"line":252},"34":{"loc":{"start":{"line":252,"column":31},"end":{"line":252,"column":56}},"type":"binary-expr","locations":[{"start":{"line":252,"column":31},"end":{"line":252,"column":54}},{"start":{"line":252,"column":54},"end":{"line":252,"column":56}}],"line":252},"35":{"loc":{"start":{"line":253,"column":16},"end":{"line":257,"column":null}},"type":"if","locations":[{"start":{"line":253,"column":16},"end":{"line":257,"column":null}},{"start":{"line":255,"column":23},"end":{"line":257,"column":null}}],"line":253},"36":{"loc":{"start":{"line":253,"column":20},"end":{"line":253,"column":90}},"type":"binary-expr","locations":[{"start":{"line":253,"column":20},"end":{"line":253,"column":53}},{"start":{"line":253,"column":53},"end":{"line":253,"column":90}}],"line":253},"37":{"loc":{"start":{"line":254,"column":20},"end":{"line":254,"column":null}},"type":"if","locations":[{"start":{"line":254,"column":20},"end":{"line":254,"column":null}},{"start":{},"end":{}}],"line":254},"38":{"loc":{"start":{"line":255,"column":23},"end":{"line":257,"column":null}},"type":"if","locations":[{"start":{"line":255,"column":23},"end":{"line":257,"column":null}},{"start":{},"end":{}}],"line":255},"39":{"loc":{"start":{"line":255,"column":73},"end":{"line":255,"column":92}},"type":"binary-expr","locations":[{"start":{"line":255,"column":73},"end":{"line":255,"column":90}},{"start":{"line":255,"column":90},"end":{"line":255,"column":92}}],"line":255},"40":{"loc":{"start":{"line":256,"column":20},"end":{"line":256,"column":null}},"type":"if","locations":[{"start":{"line":256,"column":20},"end":{"line":256,"column":null}},{"start":{},"end":{}}],"line":256}},"s":{"0":530,"1":120,"2":99,"3":132,"4":132,"5":542,"6":5,"7":127,"8":24,"9":24,"10":5,"11":5,"12":5,"13":24,"14":24,"15":132,"16":127,"17":24,"18":24,"19":24,"20":24,"21":24,"22":24,"23":24,"24":24,"25":0,"26":24,"27":24,"28":24,"29":24,"30":24,"31":24,"32":24,"33":24,"34":48,"35":24,"36":24,"37":24,"38":24,"39":24,"40":18,"41":3,"42":3,"43":3,"44":6,"45":6,"46":6,"47":6,"48":6,"49":1524,"50":21,"51":21,"52":6,"53":1503,"54":21,"55":21,"56":6,"57":6,"58":6,"59":0,"60":6,"61":6,"62":15,"63":15,"64":57,"65":57,"66":15,"67":42,"68":15,"69":21,"70":21,"71":6,"72":3,"73":3,"74":3,"75":15,"76":15,"77":75,"78":105,"79":3,"80":15,"81":3,"82":12,"83":3,"84":4,"85":4,"86":15,"87":2,"88":2,"89":3,"90":3,"91":15,"92":15,"93":12,"94":3,"95":27,"96":27,"97":3,"98":4,"99":71,"100":50,"101":21,"102":4,"103":2,"104":17,"105":31,"106":0,"107":0,"108":2},"f":{"0":530,"1":120,"2":99,"3":132,"4":24,"5":5,"6":24,"7":24,"8":24,"9":0,"10":24,"11":48,"12":18,"13":3,"14":21,"15":21,"16":3,"17":15,"18":4,"19":15,"20":4,"21":31},"b":{"0":[99,0],"1":[5,537],"2":[5,0],"3":[5,0],"4":[5,0],"5":[127,5],"6":[127,0],"7":[0,24],"8":[24,0],"9":[24,0],"10":[0,0],"11":[24,0],"12":[24,0],"13":[0,24],"14":[24,0],"15":[18,0],"16":[18,0],"17":[6,1524],"18":[21,1503],"19":[6,15],"20":[21,1482],"21":[6,15],"22":[0,6],"23":[6,6],"24":[15,42],"25":[3,102],"26":[105,45],"27":[3,12],"28":[0,12],"29":[2,13],"30":[12,3],"31":[15,12],"32":[27,0],"33":[50,21],"34":[71,0],"35":[4,17],"36":[21,17],"37":[2,2],"38":[0,17],"39":[31,0],"40":[0,0]},"meta":{"lastBranch":41,"lastFunction":22,"lastStatement":109,"seen":{"f:75:9:75:19":0,"s:76:4:76:Infinity":0,"f:79:9:79:16":1,"s:80:4:80:Infinity":1,"f:80:22:80:27":2,"s:80:33:80:63":2,"b:80:43:80:60:80:60:80:62":0,"f:84:9:84:22":3,"s:85:4:87:Infinity":3,"s:85:36:85:45":4,"b:86:8:86:Infinity:undefined:undefined:undefined:undefined":1,"s:86:8:86:Infinity":5,"s:86:41:86:Infinity":6,"s:88:4:88:Infinity":7,"f:92:16:92:25":4,"s:93:26:93:Infinity":8,"s:95:38:103:Infinity":9,"f:95:89:95:94":5,"s:96:42:96:Infinity":10,"s:97:41:97:Infinity":11,"b:97:41:97:96:97:96:97:Infinity":2,"s:98:8:102:Infinity":12,"b:99:29:99:52:99:52:99:54":3,"b:101:31:101:56:101:56:101:58":4,"s:105:30:105:Infinity":13,"s:106:4:108:Infinity":14,"b:107:8:107:Infinity:undefined:undefined:undefined:undefined":5,"s:107:8:107:Infinity":15,"s:107:36:107:Infinity":16,"b:107:59:107:82:107:82:107:84":6,"s:110:36:110:Infinity":17,"s:111:40:111:Infinity":18,"b:111:59:111:66:111:66:111:Infinity":7,"s:113:34:113:Infinity":19,"f:113:86:113:91":6,"s:113:97:113:125":20,"b:113:97:113:123:113:123:113:125":8,"s:114:34:117:Infinity":21,"f:114:75:114:80":7,"s:114:87:117:6":22,"b:115:13:115:38:115:38:115:Infinity":9,"s:118:29:122:Infinity":23,"f:120:19:120:24":8,"s:120:30:120:35":24,"f:121:75:121:80":9,"s:121:86:121:113":25,"b:121:86:121:111:121:111:121:113":10,"s:124:31:124:Infinity":26,"s:125:31:125:Infinity":27,"s:126:4:128:Infinity":28,"s:126:20:126:39":29,"s:127:8:127:Infinity":30,"b:127:32:127:52:127:52:127:54":11,"s:129:27:129:Infinity":31,"f:129:73:129:78":10,"s:129:84:129:103":32,"b:129:84:129:101:129:101:129:103":12,"s:130:31:130:Infinity":33,"f:130:60:130:68":11,"s:130:77:130:88":34,"s:132:34:132:Infinity":35,"s:133:33:133:Infinity":36,"b:133:56:133:63:133:63:133:Infinity":13,"s:137:26:137:Infinity":37,"s:138:36:140:Infinity":38,"s:142:4:162:Infinity":39,"b:144:24:144:48:144:48:144:50":14,"f:148:52:148:57":12,"s:148:64:151:10":40,"b:149:29:149:46:149:46:149:48":15,"b:150:18:150:44:150:44:150:Infinity":16,"f:180:9:180:20":13,"s:181:31:181:Infinity":41,"s:182:4:209:Infinity":42,"s:182:18:182:47":43,"s:183:20:183:Infinity":44,"s:184:20:184:Infinity":45,"s:185:18:185:Infinity":46,"s:186:8:197:Infinity":47,"s:186:21:186:43":48,"b:186:43:186:61:186:61:186:71":17,"b:187:12:196:Infinity:190:19:196:Infinity":18,"s:187:12:196:Infinity":49,"s:188:16:188:Infinity":50,"b:189:16:189:Infinity:undefined:undefined:undefined:undefined":19,"s:189:16:189:Infinity":51,"s:189:33:189:Infinity":52,"b:190:19:196:Infinity:undefined:undefined:undefined:undefined":20,"s:190:19:196:Infinity":53,"s:191:16:191:Infinity":54,"b:192:16:195:Infinity:undefined:undefined:undefined:undefined":21,"s:192:16:195:Infinity":55,"s:193:20:193:Infinity":56,"s:194:20:194:Infinity":57,"b:198:8:198:Infinity:undefined:undefined:undefined:undefined":22,"s:198:8:198:Infinity":58,"b:198:12:198:28:198:28:198:40":23,"s:198:40:198:Infinity":59,"s:199:30:199:Infinity":60,"s:200:8:208:Infinity":61,"s:201:57:201:Infinity":62,"s:202:12:206:Infinity":63,"s:203:45:203:Infinity":64,"b:204:16:204:Infinity:undefined:undefined:undefined:undefined":24,"s:204:16:204:Infinity":65,"s:204:40:204:Infinity":66,"s:205:16:205:Infinity":67,"s:207:12:207:Infinity":68,"f:207:56:207:61":14,"s:207:67:207:75":69,"f:207:77:207:85":15,"s:207:91:207:99":70,"s:210:4:210:Infinity":71,"f:217:16:217:26":16,"s:218:26:218:Infinity":72,"s:219:31:219:Infinity":73,"s:221:10:232:Infinity":74,"f:221:10:221:23":17,"s:222:37:222:Infinity":75,"s:223:8:229:Infinity":76,"s:224:12:228:Infinity":77,"b:225:16:227:Infinity:undefined:undefined:undefined:undefined":25,"s:225:16:227:Infinity":78,"b:225:20:225:66:225:66:225:93":26,"s:226:20:226:Infinity":79,"b:230:8:230:Infinity:undefined:undefined:undefined:undefined":27,"s:230:8:230:Infinity":80,"s:230:30:230:Infinity":81,"s:231:8:231:Infinity":82,"b:231:48:231:57:231:57:231:Infinity":28,"s:234:10:239:Infinity":83,"f:234:10:234:21":18,"s:235:8:237:Infinity":84,"s:235:40:235:49":85,"b:236:12:236:Infinity:undefined:undefined:undefined:undefined":29,"s:236:12:236:Infinity":86,"s:236:44:236:Infinity":87,"s:238:8:238:Infinity":88,"s:241:44:241:Infinity":89,"s:242:4:247:Infinity":90,"b:243:8:243:Infinity:undefined:undefined:undefined:undefined":30,"s:243:8:243:Infinity":91,"f:243:28:243:34":19,"s:243:40:243:84":92,"b:243:40:243:57:243:57:243:84":31,"s:243:87:243:Infinity":93,"s:244:8:246:Infinity":94,"b:245:12:245:Infinity:undefined:undefined:undefined:undefined":32,"s:245:12:245:Infinity":95,"s:245:43:245:Infinity":96,"s:249:4:262:Infinity":97,"f:250:8:250:14":20,"s:251:12:258:Infinity":98,"b:252:16:252:Infinity:undefined:undefined:undefined:undefined":33,"s:252:16:252:Infinity":99,"b:252:31:252:54:252:54:252:56":34,"s:252:85:252:Infinity":100,"b:253:16:257:Infinity:255:23:257:Infinity":35,"s:253:16:257:Infinity":101,"b:253:20:253:53:253:53:253:90":36,"b:254:20:254:Infinity:undefined:undefined:undefined:undefined":37,"s:254:20:254:Infinity":102,"s:254:42:254:Infinity":103,"b:255:23:257:Infinity:undefined:undefined:undefined:undefined":38,"s:255:23:257:Infinity":104,"f:255:49:255:56":21,"s:255:62:255:119":105,"b:255:73:255:90:255:90:255:92":39,"b:256:20:256:Infinity:undefined:undefined:undefined:undefined":40,"s:256:20:256:Infinity":106,"s:256:42:256:Infinity":107,"s:259:12:259:Infinity":108},"fnNames":{}}}
,"/home/sameera/projects/nexus/libs/portable-tools/src/workbook-placement.ts": {"path":"/home/sameera/projects/nexus/libs/portable-tools/src/workbook-placement.ts","statementMap":{"0":{"start":{"line":36,"column":8},"end":{"line":41,"column":null}},"1":{"start":{"line":42,"column":8},"end":{"line":42,"column":null}},"2":{"start":{"line":43,"column":8},"end":{"line":43,"column":null}},"3":{"start":{"line":49,"column":29},"end":{"line":49,"column":null}},"4":{"start":{"line":50,"column":4},"end":{"line":50,"column":null}},"5":{"start":{"line":55,"column":4},"end":{"line":55,"column":null}},"6":{"start":{"line":55,"column":31},"end":{"line":55,"column":58}},"7":{"start":{"line":66,"column":10},"end":{"line":66,"column":null}},"8":{"start":{"line":67,"column":4},"end":{"line":67,"column":null}},"9":{"start":{"line":67,"column":22},"end":{"line":67,"column":null}},"10":{"start":{"line":69,"column":4},"end":{"line":79,"column":null}},"11":{"start":{"line":70,"column":8},"end":{"line":77,"column":null}},"12":{"start":{"line":71,"column":12},"end":{"line":76,"column":null}},"13":{"start":{"line":78,"column":8},"end":{"line":78,"column":null}},"14":{"start":{"line":81,"column":22},"end":{"line":81,"column":null}},"15":{"start":{"line":82,"column":28},"end":{"line":82,"column":null}},"16":{"start":{"line":82,"column":57},"end":{"line":82,"column":63}},"17":{"start":{"line":83,"column":40},"end":{"line":83,"column":null}},"18":{"start":{"line":85,"column":4},"end":{"line":95,"column":null}},"19":{"start":{"line":86,"column":8},"end":{"line":93,"column":null}},"20":{"start":{"line":87,"column":12},"end":{"line":92,"column":null}},"21":{"start":{"line":94,"column":8},"end":{"line":94,"column":null}},"22":{"start":{"line":97,"column":4},"end":{"line":105,"column":null}},"23":{"start":{"line":98,"column":8},"end":{"line":104,"column":null}},"24":{"start":{"line":107,"column":46},"end":{"line":107,"column":null}},"25":{"start":{"line":107,"column":76},"end":{"line":107,"column":93}},"26":{"start":{"line":108,"column":4},"end":{"line":115,"column":null}},"27":{"start":{"line":109,"column":8},"end":{"line":114,"column":null}},"28":{"start":{"line":116,"column":4},"end":{"line":123,"column":null}},"29":{"start":{"line":117,"column":8},"end":{"line":122,"column":null}},"30":{"start":{"line":124,"column":4},"end":{"line":124,"column":null}},"31":{"start":{"line":133,"column":10},"end":{"line":133,"column":null}},"32":{"start":{"line":134,"column":4},"end":{"line":134,"column":null}},"33":{"start":{"line":134,"column":65},"end":{"line":134,"column":null}},"34":{"start":{"line":135,"column":22},"end":{"line":135,"column":null}},"35":{"start":{"line":136,"column":4},"end":{"line":136,"column":null}},"36":{"start":{"line":136,"column":64},"end":{"line":136,"column":null}},"37":{"start":{"line":137,"column":4},"end":{"line":137,"column":null}},"38":{"start":{"line":137,"column":70},"end":{"line":137,"column":76}}},"fnMap":{"0":{"name":"constructor","decl":{"start":{"line":35,"column":4},"end":{"line":35,"column":16}},"loc":{"start":{"line":35,"column":61},"end":{"line":44,"column":null}},"line":35},"1":{"name":"within","decl":{"start":{"line":48,"column":9},"end":{"line":48,"column":16}},"loc":{"start":{"line":48,"column":56},"end":{"line":51,"column":null}},"line":48},"2":{"name":"memberContaining","decl":{"start":{"line":54,"column":9},"end":{"line":54,"column":26}},"loc":{"start":{"line":54,"column":98},"end":{"line":56,"column":null}},"line":54},"3":{"name":"(anonymous_3)","decl":{"start":{"line":55,"column":19},"end":{"line":55,"column":25}},"loc":{"start":{"line":55,"column":31},"end":{"line":55,"column":58}},"line":55},"4":{"name":"resolveWorkbookHome","decl":{"start":{"line":65,"column":16},"end":{"line":65,"column":36}},"loc":{"start":{"line":65,"column":91},"end":{"line":125,"column":null}},"line":65},"5":{"name":"(anonymous_5)","decl":{"start":{"line":82,"column":46},"end":{"line":82,"column":51}},"loc":{"start":{"line":82,"column":57},"end":{"line":82,"column":63}},"line":82},"6":{"name":"(anonymous_6)","decl":{"start":{"line":107,"column":64},"end":{"line":107,"column":70}},"loc":{"start":{"line":107,"column":76},"end":{"line":107,"column":93}},"line":107},"7":{"name":"assertWorkbookHome","decl":{"start":{"line":132,"column":16},"end":{"line":132,"column":35}},"loc":{"start":{"line":132,"column":59},"end":{"line":138,"column":null}},"line":132},"8":{"name":"(anonymous_8)","decl":{"start":{"line":137,"column":59},"end":{"line":137,"column":64}},"loc":{"start":{"line":137,"column":70},"end":{"line":137,"column":76}},"line":137}},"branchMap":{"0":{"loc":{"start":{"line":40,"column":15},"end":{"line":40,"column":74}},"type":"cond-expr","locations":[{"start":{"line":40,"column":38},"end":{"line":40,"column":55}},{"start":{"line":40,"column":55},"end":{"line":40,"column":74}}],"line":40},"1":{"loc":{"start":{"line":50,"column":11},"end":{"line":50,"column":null}},"type":"binary-expr","locations":[{"start":{"line":50,"column":11},"end":{"line":50,"column":31}},{"start":{"line":50,"column":31},"end":{"line":50,"column":61}},{"start":{"line":50,"column":61},"end":{"line":50,"column":null}}],"line":50},"2":{"loc":{"start":{"line":55,"column":11},"end":{"line":55,"column":null}},"type":"binary-expr","locations":[{"start":{"line":55,"column":11},"end":{"line":55,"column":63}},{"start":{"line":55,"column":63},"end":{"line":55,"column":null}}],"line":55},"3":{"loc":{"start":{"line":67,"column":4},"end":{"line":67,"column":null}},"type":"if","locations":[{"start":{"line":67,"column":4},"end":{"line":67,"column":null}},{"start":{},"end":{}}],"line":67},"4":{"loc":{"start":{"line":69,"column":4},"end":{"line":79,"column":null}},"type":"if","locations":[{"start":{"line":69,"column":4},"end":{"line":79,"column":null}},{"start":{},"end":{}}],"line":69},"5":{"loc":{"start":{"line":70,"column":8},"end":{"line":77,"column":null}},"type":"if","locations":[{"start":{"line":70,"column":8},"end":{"line":77,"column":null}},{"start":{},"end":{}}],"line":70},"6":{"loc":{"start":{"line":85,"column":4},"end":{"line":95,"column":null}},"type":"if","locations":[{"start":{"line":85,"column":4},"end":{"line":95,"column":null}},{"start":{},"end":{}}],"line":85},"7":{"loc":{"start":{"line":86,"column":8},"end":{"line":93,"column":null}},"type":"if","locations":[{"start":{"line":86,"column":8},"end":{"line":93,"column":null}},{"start":{},"end":{}}],"line":86},"8":{"loc":{"start":{"line":86,"column":12},"end":{"line":86,"column":58}},"type":"binary-expr","locations":[{"start":{"line":86,"column":12},"end":{"line":86,"column":36}},{"start":{"line":86,"column":36},"end":{"line":86,"column":58}}],"line":86},"9":{"loc":{"start":{"line":97,"column":4},"end":{"line":105,"column":null}},"type":"if","locations":[{"start":{"line":97,"column":4},"end":{"line":105,"column":null}},{"start":{},"end":{}}],"line":97},"10":{"loc":{"start":{"line":103,"column":53},"end":{"line":103,"column":108}},"type":"cond-expr","locations":[{"start":{"line":103,"column":74},"end":{"line":103,"column":91}},{"start":{"line":103,"column":91},"end":{"line":103,"column":108}}],"line":103},"11":{"loc":{"start":{"line":108,"column":4},"end":{"line":115,"column":null}},"type":"if","locations":[{"start":{"line":108,"column":4},"end":{"line":115,"column":null}},{"start":{},"end":{}}],"line":108},"12":{"loc":{"start":{"line":113,"column":19},"end":{"line":113,"column":74}},"type":"cond-expr","locations":[{"start":{"line":113,"column":40},"end":{"line":113,"column":57}},{"start":{"line":113,"column":57},"end":{"line":113,"column":74}}],"line":113},"13":{"loc":{"start":{"line":116,"column":4},"end":{"line":123,"column":null}},"type":"if","locations":[{"start":{"line":116,"column":4},"end":{"line":123,"column":null}},{"start":{},"end":{}}],"line":116},"14":{"loc":{"start":{"line":134,"column":4},"end":{"line":134,"column":null}},"type":"if","locations":[{"start":{"line":134,"column":4},"end":{"line":134,"column":null}},{"start":{},"end":{}}],"line":134},"15":{"loc":{"start":{"line":134,"column":8},"end":{"line":134,"column":65}},"type":"binary-expr","locations":[{"start":{"line":134,"column":8},"end":{"line":134,"column":24}},{"start":{"line":134,"column":24},"end":{"line":134,"column":65}}],"line":134},"16":{"loc":{"start":{"line":136,"column":4},"end":{"line":136,"column":null}},"type":"if","locations":[{"start":{"line":136,"column":4},"end":{"line":136,"column":null}},{"st
[...]
,"/home/sameera/projects/nexus/libs/portable-tools/src/workbook-store.ts": {"path":"/home/sameera/projects/nexus/libs/portable-tools/src/workbook-store.ts","statementMap":{"0":{"start":{"line":26,"column":4},"end":{"line":26,"column":null}},"1":{"start":{"line":31,"column":4},"end":{"line":31,"column":null}},"2":{"start":{"line":35,"column":39},"end":{"line":35,"column":null}},"3":{"start":{"line":38,"column":37},"end":{"line":38,"column":null}},"4":{"start":{"line":62,"column":4},"end":{"line":64,"column":null}},"5":{"start":{"line":63,"column":8},"end":{"line":63,"column":null}},"6":{"start":{"line":65,"column":4},"end":{"line":65,"column":null}},"7":{"start":{"line":66,"column":25},"end":{"line":66,"column":null}},"8":{"start":{"line":67,"column":29},"end":{"line":67,"column":null}},"9":{"start":{"line":68,"column":4},"end":{"line":68,"column":null}},"10":{"start":{"line":69,"column":4},"end":{"line":69,"column":null}},"11":{"start":{"line":70,"column":4},"end":{"line":70,"column":null}},"12":{"start":{"line":85,"column":25},"end":{"line":85,"column":null}},"13":{"start":{"line":86,"column":4},"end":{"line":86,"column":null}},"14":{"start":{"line":86,"column":30},"end":{"line":86,"column":null}},"15":{"start":{"line":87,"column":28},"end":{"line":91,"column":null}},"16":{"start":{"line":89,"column":23},"end":{"line":89,"column":61}},"17":{"start":{"line":90,"column":20},"end":{"line":90,"column":26}},"18":{"start":{"line":92,"column":4},"end":{"line":92,"column":null}},"19":{"start":{"line":97,"column":4},"end":{"line":97,"column":null}},"20":{"start":{"line":108,"column":24},"end":{"line":108,"column":null}},"21":{"start":{"line":109,"column":4},"end":{"line":109,"column":null}},"22":{"start":{"line":109,"column":29},"end":{"line":109,"column":null}},"23":{"start":{"line":110,"column":30},"end":{"line":114,"column":null}},"24":{"start":{"line":112,"column":23},"end":{"line":112,"column":59}},"25":{"start":{"line":113,"column":20},"end":{"line":113,"column":26}},"26":{"start":{"line":115,"column":10},"end":{"line":115,"column":null}},"27":{"start":{"line":115,"column":50},"end":{"line":115,"column":null}},"28":{"start":{"line":117,"column":29},"end":{"line":117,"column":null}},"29":{"start":{"line":118,"column":4},"end":{"line":118,"column":null}},"30":{"start":{"line":118,"column":34},"end":{"line":118,"column":null}},"31":{"start":{"line":120,"column":10},"end":{"line":120,"column":null}},"32":{"start":{"line":121,"column":28},"end":{"line":121,"column":null}},"33":{"start":{"line":122,"column":4},"end":{"line":124,"column":null}},"34":{"start":{"line":123,"column":8},"end":{"line":123,"column":null}},"35":{"start":{"line":125,"column":28},"end":{"line":125,"column":null}},"36":{"start":{"line":125,"column":49},"end":{"line":125,"column":62}},"37":{"start":{"line":126,"column":30},"end":{"line":126,"column":null}},"38":{"start":{"line":126,"column":53},"end":{"line":126,"column":76}},"39":{"start":{"line":127,"column":4},"end":{"line":132,"column":null}},"40":{"start":{"line":128,"column":8},"end":{"line":131,"column":null}},"41":{"start":{"line":133,"column":32},"end":{"line":133,"column":null}},"42":{"start":{"line":133,"column":57},"end":{"line":133,"column":78}},"43":{"start":{"line":134,"column":4},"end":{"line":139,"column":null}},"44":{"start":{"line":135,"column":8},"end":{"line":138,"column":null}},"45":{"start":{"line":140,"column":4},"end":{"line":140,"column":null}}},"fnMap":{"0":{"name":"workbookStoreRoot","decl":{"start":{"line":25,"column":16},"end":{"line":25,"column":34}},"loc":{"start":{"line":25,"column":60},"end":{"line":27,"column":null}},"line":25},"1":{"name":"workbookRoot","decl":{"start":{"line":30,"column":16},"end":{"line":30,"column":29}},"loc":{"start":{"line":30,"column":69},"end":{"line":32,"column":null}},"line":30},"2":{"name":"createWorkbook","decl":{"start":{"line":61,"column":16},"end":{"line":61,"column":31}},"loc":{"start":{"line":61,"column":109},"end":{"line":71,"column":null}},"line":61},"3":{"name":"openWorkbook","decl":{"start":{"line":84,"column":16},"end":{"line":84,"column":29}},"loc":{"start":{"line":84,"column":77},"end":{"line":93,"column":null}},"line":84},"4":{"name":"(anonymous_4)","decl":{"start":{"line":89,"column":9},"end":{"line":89,"column":17}},"loc":{"start":{"line":89,"column":23},"end":{"line":89,"column":61}},"line":89},"5":{"name":"(anonymous_5)","decl":{"start":{"line":90,"column":9},"end":{"line":90,"column":14}},"loc":{"start":{"line":90,"column":20},"end":{"line":90,"column":26}},"line":90},"6":{"name":"lessonsDir","decl":{"start":{"line":96,"column":16},"end":{"line":96,"column":27}},"loc":{"start":{"line":96,"column":67},"end":{"line":98,"column":null}},"line":96},"7":{"name":"readLessons","decl":{"start":{"line":107,"column":16},"end":{"line":107,"column":28}},"loc":{"start":{"line":107,"column":76},"end":{"line":141,"column":null}},"line":107},"8":{"name":"(anonymous_8)","decl":{"start":{"line":112,"column":9},"end":{"line":112,"column":17}},"loc":{"start":{"line":112,"column":23},"end":{"line":112,"column":59}},"line":112},"9":{"name":"(anonymous_9)","decl":{"start":{"line":113,"column":9},"end":{"line":113,"column":14}},"loc":{"start":{"line":113,"column":20},"end":{"line":113,"column":26}},"line":113},"10":{"name":"(anonymous_10)","decl":{"start":{"line":115,"column":10},"end":{"line":115,"column":18}},"loc":{"start":{"line":115,"column":50},"end":{"line":115,"column":null}},"line":115},"11":{"name":"(anonymous_11)","decl":{"start":{"line":125,"column":34},"end":{"line":125,"column":39}},"loc":{"start":{"line":125,"column":49},"end":{"line":125,"column":62}},"line":125},"12":{"name":"(anonymous_12)","decl":{"start":{"line":126,"column":36},"end":{"line":126,"column":44}},"loc":{"start":{"line":126,"column":53},"end":{"line":126,"column":76}},"line":126},"13":{"name":"(anonymous_13)","decl":{"start":{"line":133,"column":40},"end":{"line":133,"column":48}},"loc":{"start":{"line":133,"column":57},"end":{"line":133,"column":78}},"line":133}},"branchMap":{"0":{"loc":{"start":{"line":61,"column":63},"end":{"line":61,"column":109}},"type":"default-arg","locations":[{"start":{"line":61,"column":77},"end":{"line":61,"column":109}}],"line":61},"1":{"loc":{"start":{"line":62,"column":4},"end":{"line":64,"column":null}},"type":"if","locations":[{"start":{"line":62,"column":4},"end":{"line":64,"column":null}},{"start":{},"end":{}}],"line":62},"2":{"loc":{"start":{"line":62,"column":8},"end":{"line":62,"column":97}},"type":"binary-expr","locations":[{"start":{"line":62,"column":8},"end":{"line":62,"column":30}},{"start":{"line":62,"column":30},"end":{"line":62,"column":52}},{"start":{"line":62,"column":52},"end":{"line":62,"column":75}},{"start":{"line":62,"column":75},"end":{"line":62,"column":97}}],"line":62},"3":{"loc":{"start":{"line":86,"column":4},"end":{"line":86,"column":null}},"type":"if","locations":[{"start":{"line":86,"column":4},"end":{"line":86,"column":null}},{"start":{},"end":{}}],"line":86},"4":{"loc":{"start":{"line":89,"column":23},"end":{"line":89,"column":61}},"type":"binary-expr","locations":[{"start":{"line":89,"column":23},"end":{"line":89,"column":37}},{"start":{"line":89,"column":37},"end":{"line":89,"column":61}}],"line":89},"5":{"loc":{"start":{"line":109,"column":4},"end":{"line":109,"column":null}},"type":"if","locations":[{"start":{"line":109,"column":4},"end":{"line":109,"column":null}},{"start":{},"end":{}}],"line":109},"6":{"loc":{"start":{"line":112,"column":23},"end":{"line":112,"column":59}},"type":"binary-expr","locations":[{"start":{"line":112,"column":23},"end":{"line":112,"column":37}},{"start":{"line":112,"column":37},"end":{"line":112,"column":59}}],"line":112},"7":{"loc":{"start":{"line":118,"column":4},"end":{"line":118,"column":null}},"type":"if","locations":[{"start":{"line":118,"column":4},"end":{"line":118,"column":null}},{"start":{},"end":{}}],"line":118},"8":{"loc":{"start":{"line":122,"column":4},"end":{"line":124,"column":null}},"type":"if","locations":[{"start":{"line":122,"column":4},"end":{"line":124,"column":null}},{"start":{},"end":{}}],"line":122},"9":{"loc":{"start":{"line":127,"column":4},"end":{"line":132,"column":null}},"type":"if","locations":[{"start":{"line":127,"column":4},"end":{"line":132,"column":null}},{"start":{},"end":{}}],"line":127},"10":{"loc":{"start":{"line":134,"column":4},"end":{"line":139,"column":null}},"type":"if","locations":[{"start":{"line":134,"column":4},"end":{"line":139,"column":null}},{"start":{},"end":{}}],"line":134}},"s":{"0":326,"1":153,"2":4,"3":4,"4":39,"5":0,"6":39,"7":39,"8":39,"9":39,"10":39,"11":39,"12":13,"13":13,"14":0,"15":13,"16":38,"17":17,"18":13,"19":19,"20":17,"21":17,"22":0,"23":17,"24":32,"25":32,"26":17,"27":32,"28":17,"29":17,"30":16,"31":1,"32":1,"33":17,"34":0,"35":1,"36":2,"37":1,"38":2,"39":1,"40":0,"41":1,"42":2,"43":1,"44":0,"45":1},"f":{"0":326,"1":153,"2":39,"3":13,"4":38,"5":17,"6":19,"7":17,"8":32,"9":32,"10":32,"11":2,"12":2,"13":2},"b":{"0":[39],"1":[0,39],"2":[39,39,39,39],"3":[0,13],"4":[38,25],"5":[0,17],"6":[32,32],"7":[16,1],"8":[0,17],"9":[0,1],"10":[0,1]},"meta":{"lastBranch":11,"lastFunction":14,"lastStatement":46,"seen":{"f:25:16:25:34":0,"s:26:4:26:Infinity":0,"f:30:16:30:29":1,"s:31:4:31:Infinity":1,"s:35:39:35:Infinity":2,"s:38:37:38:Infinity":3,"f:61:16:61:31":2,"b:61:77:61:109":0,"b:62:4:64:Infinity:undefined:undefined:undefined:undefined":1,"s:62:4:64:Infinity":4,"b:62:8:62:30:62:30:62:52:62:52:62:75:62:75:62:97":2,"s:63:8:63:Infinity":5,"s:65:4:65:Infinity":6,"s:66:25:66:Infinity":7,"s:67:29:67:Infinity":8,"s:68:4:68:Infinity":9,"s:69:4:69:Infinity":10,"s:70:4:70:Infinity":11,"f:84:16:84:29":3,"s:85:25:85:Infinity":12,"b:86:4:86:Infinity:undefined:undefined:undefined:undefined":3,"s:86:4:86:Infinity":13,"s:86:30:86:Infinity":14,"s:87:28:91:Infinity":15,"f:89:9:89:17":4,"s:89:23:89:61":16,"b:89:23:89:37:89:37:89:61":4,"f:90:9:90:14":5,"s:90:20:90:26":17,"s:92:4:92:Infinity":18,"f:96:16:96:27":6,"s:97:4:97:Infinity":19,"f:107:16:107:28":7,"s:108:24:108:Infinity":20,"b:109:4:109:Infinity:undefined:undefined:undefined:undefined":5,"s:109:4:109:Infinity":21,"s:109:29:109:Infinity":22,"s:110:30:114:Infinity":23,"f:112:9:112:17":8,"s:112:23:112:59":24,"b:112:23:112:37:112:37:112:59":6,"f:113:9:113:14":9,"s:113:20:113:26":25,"s:115:10:115:Infinity":26,"f:115:10:115:18":10,"s:115:50:115:Infinity":27,"s:117:29:117:Infinity":28,"b:118:4:118:Infinity:undefined:undefined:undefined:undefined":7,"s:118:4:118:Infinity":29,"s:118:34:118:Infinity":30,"s:120:10:120:Infinity":31,"s:121:28:121:Infinity":32,"b:122:4:124:Infinity:undefined:undefined:undefined:undefined":8,"s:122:4:124:Infinity":33,"s:123:8:123:Infinity":34,"s:125:28:125:Infinity":35,"f:125:34:125:39":11,"s:125:49:125:62":36,"s:126:30:126:Infinity":37,"f:126:36:126:44":12,"s:126:53:126:76":38,"b:127:4:132:Infinity:undefined:undefined:undefined:undefined":9,"s:127:4:132:Infinity":39,"s:128:8:131:Infinity":40,"s:133:32:133:Infinity":41,"f:133:40:133:48":13,"s:133:57:133:78":42,"b:134:4:139:Infinity:undefined:undefined:undefined:undefined":10,"s:134:4:139:Infinity":43,"s:135:8:138:Infinity":44,"s:140:4:140:Infinity":45},"fnNames":{}}}
,"/home/sameera/projects/nexus/libs/portable-tools/src/workbook-widgets.ts": {"path":"/home/sameera/projects/nexus/libs/portable-tools/src/workbook-widgets.ts","statementMap":{"0":{"start":{"line":29,"column":41},"end":{"line":29,"column":null}},"1":{"start":{"line":32,"column":35},"end":{"line":32,"column":null}},"2":{"start":{"line":58,"column":47},"end":{"line":58,"column":null}},"3":{"start":{"line":64,"column":8},"end":{"line":64,"column":null}},"4":{"start":{"line":65,"column":8},"end":{"line":65,"column":null}},"5":{"start":{"line":66,"column":8},"end":{"line":66,"column":null}},"6":{"start":{"line":67,"column":8},"end":{"line":67,"column":null}},"7":{"start":{"line":74,"column":4},"end":{"line":78,"column":null}},"8":{"start":{"line":75,"column":8},"end":{"line":75,"column":null}},"9":{"start":{"line":77,"column":8},"end":{"line":77,"column":null}},"10":{"start":{"line":79,"column":45},"end":{"line":79,"column":null}},"11":{"start":{"line":80,"column":31},"end":{"line":80,"column":null}},"12":{"start":{"line":81,"column":4},"end":{"line":83,"column":null}},"13":{"start":{"line":82,"column":8},"end":{"line":82,"column":null}},"14":{"start":{"line":84,"column":26},"end":{"line":84,"column":null}},"15":{"start":{"line":85,"column":4},"end":{"line":88,"column":null}},"16":{"start":{"line":96,"column":4},"end":{"line":103,"column":null}},"17":{"start":{"line":114,"column":4},"end":{"line":133,"column":null}},"18":{"start":{"line":115,"column":8},"end":{"line":115,"column":null}},"19":{"start":{"line":115,"column":40},"end":{"line":115,"column":null}},"20":{"start":{"line":116,"column":47},"end":{"line":116,"column":null}},"21":{"start":{"line":117,"column":55},"end":{"line":117,"column":null}},"22":{"start":{"line":118,"column":8},"end":{"line":127,"column":null}},"23":{"start":{"line":119,"column":34},"end":{"line":119,"column":null}},"24":{"start":{"line":120,"column":12},"end":{"line":126,"column":null}},"25":{"start":{"line":128,"column":8},"end":{"line":132,"column":null}},"26":{"start":{"line":142,"column":4},"end":{"line":158,"column":null}},"27":{"start":{"line":163,"column":4},"end":{"line":187,"column":null}}},"fnMap":{"0":{"name":"constructor","decl":{"start":{"line":63,"column":4},"end":{"line":63,"column":16}},"loc":{"start":{"line":63,"column":74},"end":{"line":68,"column":null}},"line":63},"1":{"name":"parseDeclaration","decl":{"start":{"line":72,"column":16},"end":{"line":72,"column":33}},"loc":{"start":{"line":72,"column":85},"end":{"line":89,"column":null}},"line":72},"2":{"name":"renderWidgetShell","decl":{"start":{"line":95,"column":16},"end":{"line":95,"column":34}},"loc":{"start":{"line":95,"column":95},"end":{"line":104,"column":null}},"line":95},"3":{"name":"makeWidgetSeam","decl":{"start":{"line":110,"column":16},"end":{"line":110,"column":null}},"loc":{"start":{"line":113,"column":52},"end":{"line":134,"column":null}},"line":113},"4":{"name":"(anonymous_4)","decl":{"start":{"line":114,"column":4},"end":{"line":114,"column":12}},"loc":{"start":{"line":114,"column":61},"end":{"line":133,"column":null}},"line":114},"5":{"name":"renderScript","decl":{"start":{"line":141,"column":16},"end":{"line":141,"column":39}},"loc":{"start":{"line":141,"column":39},"end":{"line":159,"column":null}},"line":141},"6":{"name":"renderWidgetStyles","decl":{"start":{"line":162,"column":16},"end":{"line":162,"column":45}},"loc":{"start":{"line":162,"column":45},"end":{"line":188,"column":null}},"line":162}},"branchMap":{"0":{"loc":{"start":{"line":77,"column":81},"end":{"line":77,"column":125}},"type":"cond-expr","locations":[{"start":{"line":77,"column":102},"end":{"line":77,"column":114}},{"start":{"line":77,"column":114},"end":{"line":77,"column":125}}],"line":77},"1":{"loc":{"start":{"line":79,"column":45},"end":{"line":79,"column":null}},"type":"binary-expr","locations":[{"start":{"line":79,"column":45},"end":{"line":79,"column":87}},{"start":{"line":79,"column":87},"end":{"line":79,"column":null}}],"line":79},"2":{"loc":{"start":{"line":81,"column":4},"end":{"line":83,"column":null}},"type":"if","locations":[{"start":{"line":81,"column":4},"end":{"line":83,"column":null}},{"start":{},"end":{}}],"line":81},"3":{"loc":{"start":{"line":81,"column":8},"end":{"line":81,"column":66}},"type":"binary-expr","locations":[{"start":{"line":81,"column":8},"end":{"line":81,"column":41}},{"start":{"line":81,"column":41},"end":{"line":81,"column":66}}],"line":81},"4":{"loc":{"start":{"line":87,"column":14},"end":{"line":87,"column":null}},"type":"cond-expr","locations":[{"start":{"line":87,"column":83},"end":{"line":87,"column":118}},{"start":{"line":87,"column":118},"end":{"line":87,"column":null}}],"line":87},"5":{"loc":{"start":{"line":87,"column":14},"end":{"line":87,"column":83}},"type":"binary-expr","locations":[{"start":{"line":87,"column":14},"end":{"line":87,"column":42}},{"start":{"line":87,"column":42},"end":{"line":87,"column":59}},{"start":{"line":87,"column":59},"end":{"line":87,"column":83}}],"line":87},"6":{"loc":{"start":{"line":112,"column":4},"end":{"line":112,"column":null}},"type":"default-arg","locations":[{"start":{"line":112,"column":31},"end":{"line":112,"column":null}}],"line":112},"7":{"loc":{"start":{"line":115,"column":8},"end":{"line":115,"column":null}},"type":"if","locations":[{"start":{"line":115,"column":8},"end":{"line":115,"column":null}},{"start":{},"end":{}}],"line":115},"8":{"loc":{"start":{"line":118,"column":8},"end":{"line":127,"column":null}},"type":"if","locations":[{"start":{"line":118,"column":8},"end":{"line":127,"column":null}},{"start":{},"end":{}}],"line":118},"9":{"loc":{"start":{"line":124,"column":38},"end":{"line":124,"column":77}},"type":"cond-expr","locations":[{"start":{"line":124,"column":53},"end":{"line":124,"column":71}},{"start":{"line":124,"column":71},"end":{"line":124,"column":77}}],"line":124}},"s":{"0":4,"1":4,"2":4,"3":5,"4":5,"5":5,"6":5,"7":11,"8":11,"9":0,"10":11,"11":11,"12":11,"13":1,"14":10,"15":10,"16":6,"17":97,"18":13,"19":2,"20":11,"21":11,"22":11,"23":4,"24":4,"25":6,"26":56,"27":59},"f":{"0":5,"1":11,"2":6,"3":97,"4":13,"5":56,"6":59},"b":{"0":[0,0],"1":[11,0],"2":[1,10],"3":[11,10],"4":[6,4],"5":[10,6,6],"6":[97],"7":[2,11],"8":[4,7],"9":[0,4]},"meta":{"lastBranch":10,"lastFunction":7,"lastStatement":28,"seen":{"s:29:41:29:Infinity":0,"s:32:35:32:Infinity":1,"s:58:47:58:Infinity":2,"f:63:4:63:16":0,"s:64:8:64:Infinity":3,"s:65:8:65:Infinity":4,"s:66:8:66:Infinity":5,"s:67:8:67:Infinity":6,"f:72:16:72:33":1,"s:74:4:78:Infinity":7,"s:75:8:75:Infinity":8,"s:77:8:77:Infinity":9,"b:77:102:77:114:77:114:77:125":0,"s:79:45:79:Infinity":10,"b:79:45:79:87:79:87:79:Infinity":1,"s:80:31:80:Infinity":11,"b:81:4:83:Infinity:undefined:undefined:undefined:undefined":2,"s:81:4:83:Infinity":12,"b:81:8:81:41:81:41:81:66":3,"s:82:8:82:Infinity":13,"s:84:26:84:Infinity":14,"s:85:4:88:Infinity":15,"b:87:83:87:118:87:118:87:Infinity":4,"b:87:14:87:42:87:42:87:59:87:59:87:83":5,"f:95:16:95:34":2,"s:96:4:103:Infinity":16,"f:110:16:110:Infinity":3,"b:112:31:112:Infinity":6,"s:114:4:133:Infinity":17,"f:114:4:114:12":4,"b:115:8:115:Infinity:undefined:undefined:undefined:undefined":7,"s:115:8:115:Infinity":18,"s:115:40:115:Infinity":19,"s:116:47:116:Infinity":20,"s:117:55:117:Infinity":21,"b:118:8:127:Infinity:undefined:undefined:undefined:undefined":8,"s:118:8:127:Infinity":22,"s:119:34:119:Infinity":23,"s:120:12:126:Infinity":24,"b:124:53:124:71:124:71:124:77":9,"s:128:8:132:Infinity":25,"f:141:16:141:39":5,"s:142:4:158:Infinity":26,"f:162:16:162:45":6,"s:163:4:187:Infinity":27},"fnNames":{}}}
}
